[ 2016-05-11T00:36:52+08:00 ] 10.0.2.2 /LanceLot/
INFO: [ app_init ] --START--
INFO: Run Behavior\BuildLiteBehavior [ RunTime:0.000022s ]
INFO: [ app_init ] --END-- [ RunTime:0.002699s ]
INFO: [ app_begin ] --START--
INFO: Run Behavior\ReadHtmlCacheBehavior [ RunTime:0.004196s ]
INFO: [ app_begin ] --END-- [ RunTime:0.004383s ]
SQL: SHOW COLUMNS FROM `ll_ppt` [ RunTime:0.000702s ]
SQL: SELECT * FROM `ll_ppt` WHERE ( state=1 ) LIMIT 7   [ RunTime:0.000568s ]
SQL: SHOW COLUMNS FROM `ll_movie` [ RunTime:0.000594s ]
SQL: SHOW COLUMNS FROM `ll_movie_actor` [ RunTime:0.000241s ]
SQL: SHOW COLUMNS FROM `ll_actors` [ RunTime:0.000363s ]
SQL: SHOW COLUMNS FROM `ll_movie_type` [ RunTime:0.000262s ]
SQL: SHOW COLUMNS FROM `ll_type` [ RunTime:0.000243s ]
SQL: SELECT * FROM `ll_movie` WHERE ( id=38 )  [ RunTime:0.000193s ]
SQL: SELECT `aid` FROM `ll_movie_actor` WHERE ( fid=38 ) LIMIT 2   [ RunTime:0.000000s ]
SQL: SELECT `cname` FROM `ll_actors` WHERE ( id=45 )  [ RunTime:0.000138s ]
SQL: SELECT `cname` FROM `ll_actors` WHERE ( id=44 )  [ RunTime:0.000104s ]
SQL: SELECT `tid` FROM `ll_movie_type` WHERE ( fid=38 )  [ RunTime:0.000351s ]
SQL: SELECT `typename` FROM `ll_type` WHERE ( fid=1 and id=38 )  [ RunTime:0.000191s ]
SQL: SELECT `typename` FROM `ll_type` WHERE ( fid=1 and id=93 )  [ RunTime:0.000138s ]
SQL: SELECT `typename` FROM `ll_type` WHERE ( fid=1 and id=1 )  [ RunTime:0.000209s ]
SQL: SELECT `typename` FROM `ll_type` WHERE ( fid=1 and id=7 )  [ RunTime:0.000182s ]
SQL: SELECT * FROM `ll_movie` WHERE ( id=39 )  [ RunTime:0.000291s ]
SQL: SELECT `aid` FROM `ll_movie_actor` WHERE ( fid=39 ) LIMIT 2   [ RunTime:0.002534s ]
SQL: SELECT `cname` FROM `ll_actors` WHERE ( id=47 )  [ RunTime:0.000511s ]
SQL: SELECT `cname` FROM `ll_actors` WHERE ( id=46 )  [ RunTime:0.000763s ]
SQL: SELECT `tid` FROM `ll_movie_type` WHERE ( fid=39 )  [ RunTime:0.000412s ]
SQL: SELECT `typename` FROM `ll_type` WHERE ( fid=1 and id=120 )  [ RunTime:0.000546s ]
SQL: SELECT `typename` FROM `ll_type` WHERE ( fid=1 and id=2 )  [ RunTime:0.000144s ]
SQL: SELECT `typename` FROM `ll_type` WHERE ( fid=1 and id=1 )  [ RunTime:0.000092s ]
SQL: SELECT `typename` FROM `ll_type` WHERE ( fid=1 and id=7 )  [ RunTime:0.000152s ]
SQL: SELECT `typename` FROM `ll_type` WHERE ( fid=1 and id=45 )  [ RunTime:0.000110s ]
SQL: SELECT * FROM `ll_movie` WHERE ( id=35 )  [ RunTime:0.000125s ]
SQL: SELECT `aid` FROM `ll_movie_actor` WHERE ( fid=35 ) LIMIT 2   [ RunTime:0.000095s ]
SQL: SELECT `cname` FROM `ll_actors` WHERE ( id=37 )  [ RunTime:0.000087s ]
SQL: SELECT `cname` FROM `ll_actors` WHERE ( id=36 )  [ RunTime:0.000040s ]
SQL: SELECT `tid` FROM `ll_movie_type` WHERE ( fid=35 )  [ RunTime:0.000000s ]
SQL: SELECT `typename` FROM `ll_type` WHERE ( fid=1 and id=55 )  [ RunTime:0.000090s ]
SQL: SELECT `typename` FROM `ll_type` WHERE ( fid=1 and id=75 )  [ RunTime:0.000083s ]
SQL: SELECT `typename` FROM `ll_type` WHERE ( fid=1 and id=2 )  [ RunTime:0.000084s ]
SQL: SELECT `typename` FROM `ll_type` WHERE ( fid=1 and id=7 )  [ RunTime:0.000270s ]
SQL: SELECT `typename` FROM `ll_type` WHERE ( fid=1 and id=6 )  [ RunTime:0.000190s ]
SQL: SELECT * FROM `ll_movie` WHERE ( id=34 )  [ RunTime:0.000118s ]
SQL: SELECT `aid` FROM `ll_movie_actor` WHERE ( fid=34 ) LIMIT 2   [ RunTime:0.000117s ]
SQL: SELECT `cname` FROM `ll_actors` WHERE ( id=33 )  [ RunTime:0.000089s ]
SQL: SELECT `cname` FROM `ll_actors` WHERE ( id=34 )  [ RunTime:0.000256s ]
SQL: SELECT `tid` FROM `ll_movie_type` WHERE ( fid=34 )  [ RunTime:0.000406s ]
SQL: SELECT `typename` FROM `ll_type` WHERE ( fid=1 and id=38 )  [ RunTime:0.000184s ]
SQL: SELECT `typename` FROM `ll_type` WHERE ( fid=1 and id=76 )  [ RunTime:0.000130s ]
SQL: SELECT `typename` FROM `ll_type` WHERE ( fid=1 and id=7 )  [ RunTime:0.004666s ]
SQL: SELECT * FROM `ll_movie` WHERE ( id=36 )  [ RunTime:0.000449s ]
SQL: SELECT `aid` FROM `ll_movie_actor` WHERE ( fid=36 ) LIMIT 2   [ RunTime:0.000244s ]
SQL: SELECT `cname` FROM `ll_actors` WHERE ( id=39 )  [ RunTime:0.000333s ]
SQL: SELECT `tid` FROM `ll_movie_type` WHERE ( fid=36 )  [ RunTime:0.000492s ]
SQL: SELECT `typename` FROM `ll_type` WHERE ( fid=1 and id=47 )  [ RunTime:0.000122s ]
SQL: SELECT `typename` FROM `ll_type` WHERE ( fid=1 and id=85 )  [ RunTime:0.000084s ]
SQL: SELECT `typename` FROM `ll_type` WHERE ( fid=1 and id=1 )  [ RunTime:0.000107s ]
SQL: SELECT `typename` FROM `ll_type` WHERE ( fid=1 and id=19 )  [ RunTime:0.000095s ]
SQL: SELECT `typename` FROM `ll_type` WHERE ( fid=1 and id=7 )  [ RunTime:0.000091s ]
SQL: SELECT * FROM `ll_movie` WHERE ( id=37 )  [ RunTime:0.000118s ]
SQL: SELECT `aid` FROM `ll_movie_actor` WHERE ( fid=37 ) LIMIT 2   [ RunTime:0.000100s ]
SQL: SELECT `cname` FROM `ll_actors` WHERE ( id=42 )  [ RunTime:0.000092s ]
SQL: SELECT `cname` FROM `ll_actors` WHERE ( id=41 )  [ RunTime:0.000084s ]
SQL: SELECT `tid` FROM `ll_movie_type` WHERE ( fid=37 )  [ RunTime:0.000088s ]
SQL: SELECT `typename` FROM `ll_type` WHERE ( fid=1 and id=41 )  [ RunTime:0.000111s ]
SQL: SELECT `typename` FROM `ll_type` WHERE ( fid=1 and id=120 )  [ RunTime:0.000102s ]
SQL: SELECT `typename` FROM `ll_type` WHERE ( fid=1 and id=1 )  [ RunTime:0.000001s ]
SQL: SELECT `typename` FROM `ll_type` WHERE ( fid=1 and id=7 )  [ RunTime:0.000100s ]
SQL: SELECT * FROM `ll_movie` WHERE ( id=31 )  [ RunTime:0.000114s ]
SQL: SELECT `aid` FROM `ll_movie_actor` WHERE ( fid=31 ) LIMIT 2   [ RunTime:0.000084s ]
SQL: SELECT `cname` FROM `ll_actors` WHERE ( id=27 )  [ RunTime:0.000276s ]
SQL: SELECT `cname` FROM `ll_actors` WHERE ( id=28 )  [ RunTime:0.000189s ]
SQL: SELECT `tid` FROM `ll_movie_type` WHERE ( fid=31 )  [ RunTime:0.000264s ]
SQL: SELECT `typename` FROM `ll_type` WHERE ( fid=1 and id=38 )  [ RunTime:0.000140s ]
SQL: SELECT `typename` FROM `ll_type` WHERE ( fid=1 and id=98 )  [ RunTime:0.000156s ]
SQL: SELECT `typename` FROM `ll_type` WHERE ( fid=1 and id=124 )  [ RunTime:0.000124s ]
SQL: SELECT `typename` FROM `ll_type` WHERE ( fid=1 and id=126 )  [ RunTime:0.000768s ]
SQL: SELECT `typename` FROM `ll_type` WHERE ( fid=1 and id=1 )  [ RunTime:0.000394s ]
SQL: SELECT `typename` FROM `ll_type` WHERE ( fid=1 and id=7 )  [ RunTime:0.001775s ]
SQL: select r.id,r.fid,r.uid,r.title,r.content,u.username,m.filmname,m.picname
                            from ll_longreview r,ll_movie m,ll_user u
                            where r.status in(1,2) and r.fid=m.id and r.uid=u.id
                            order by r.rnum desc limit 0,5 [ RunTime:0.000853s ]
SQL: SHOW COLUMNS FROM `ll_dialogue` [ RunTime:0.000568s ]
SQL: SELECT COUNT(*) AS tp_count FROM `ll_dialogue` WHERE ( status=1 ) LIMIT 1   [ RunTime:0.000125s ]
SQL: SELECT * FROM `ll_dialogue` WHERE ( status=1 )  [ RunTime:0.000111s ]
SQL: SHOW COLUMNS FROM `ll_type` [ RunTime:0.000294s ]
SQL: SELECT * FROM `ll_type` WHERE ( fid=1 ) ORDER BY id LIMIT 30   [ RunTime:0.000154s ]
SQL: SHOW COLUMNS FROM `ll_friendlink` [ RunTime:0.000272s ]
SQL: SELECT * FROM `ll_friendlink`  [ RunTime:0.000103s ]
SQL: SELECT `id`,`filmname`,`picname`,`rate` FROM `ll_movie` ORDER BY id asc LIMIT 0,4   [ RunTime:0.000184s ]
SQL: SELECT `id`,`filmname`,`picname`,`rate` FROM `ll_movie` ORDER BY id asc LIMIT 4,4   [ RunTime:0.000106s ]
SQL: SELECT `id`,`filmname`,`picname` FROM `ll_movie` ORDER BY addtime desc LIMIT 10   [ RunTime:0.000182s ]
SQL: SELECT `id`,`filmname`,`replynum` FROM `ll_movie` ORDER BY replynum desc LIMIT 10   [ RunTime:0.000196s ]
SQL: SELECT `id`,`filmname`,`picname`,`clicknum` FROM `ll_movie` ORDER BY clicknum desc LIMIT 8   [ RunTime:0.000289s ]
INFO: [ view_parse ] --START--
INFO: [ template_filter ] --START--
INFO: Run Behavior\ContentReplaceBehavior [ RunTime:0.000376s ]
INFO: [ template_filter ] --END-- [ RunTime:0.000654s ]
NOTIC: [8] Undefined index: loginuser /var/www/html/LanceLot/Application/Runtime/Cache/Home/2a94b8bda04ff446dcedd42276fc99ee.php 第 203 行.
NOTIC: [8] Undefined offset: 1 /var/www/html/LanceLot/Application/Runtime/Cache/Home/2a94b8bda04ff446dcedd42276fc99ee.php 第 274 行.
INFO: Run Behavior\ParseTemplateBehavior [ RunTime:0.093522s ]
INFO: [ view_parse ] --END-- [ RunTime:0.093710s ]
INFO: [ view_filter ] --START--
INFO: Run Behavior\WriteHtmlCacheBehavior [ RunTime:0.002757s ]
INFO: [ view_filter ] --END-- [ RunTime:0.002818s ]
INFO: [ app_end ] --START--
INFO: Run Behavior\ShowPageTraceBehavior [ RunTime:0.008056s ]
INFO: [ app_end ] --END-- [ RunTime:0.008192s ]

