[ 2016-05-05T10:38:46+08:00 ] 10.0.2.2 /LanceLot/index.php
INFO: [ app_init ] --START--
INFO: Run Behavior\BuildLiteBehavior [ RunTime:0.000019s ]
INFO: [ app_init ] --END-- [ RunTime:0.002725s ]
INFO: [ app_begin ] --START--
INFO: Run Behavior\ReadHtmlCacheBehavior [ RunTime:0.002971s ]
INFO: [ app_begin ] --END-- [ RunTime:0.003028s ]
SQL: SHOW COLUMNS FROM `ll_ppt` [ RunTime:0.021949s ]
SQL: SELECT * FROM `ll_ppt` WHERE ( state=1 ) LIMIT 7   [ RunTime:0.000701s ]
SQL: SHOW COLUMNS FROM `ll_movie` [ RunTime:0.001253s ]
SQL: SHOW COLUMNS FROM `ll_movie_actor` [ RunTime:0.000970s ]
SQL: SHOW COLUMNS FROM `ll_actors` [ RunTime:0.017312s ]
SQL: SHOW COLUMNS FROM `ll_movie_type` [ RunTime:0.001574s ]
SQL: SHOW COLUMNS FROM `ll_type` [ RunTime:0.001213s ]
SQL: SELECT * FROM `ll_movie` WHERE ( id=38 )  [ RunTime:0.000900s ]
SQL: SELECT `aid` FROM `ll_movie_actor` WHERE ( fid=38 ) LIMIT 2   [ RunTime:0.000382s ]
SQL: SELECT `cname` FROM `ll_actors` WHERE ( id=45 )  [ RunTime:0.013982s ]
SQL: SELECT `cname` FROM `ll_actors` WHERE ( id=44 )  [ RunTime:0.001282s ]
SQL: SELECT `tid` FROM `ll_movie_type` WHERE ( fid=38 )  [ RunTime:0.000563s ]
SQL: SELECT `typename` FROM `ll_type` WHERE ( fid=1 and id=38 )  [ RunTime:0.000521s ]
SQL: SELECT `typename` FROM `ll_type` WHERE ( fid=1 and id=93 )  [ RunTime:0.000088s ]
SQL: SELECT `typename` FROM `ll_type` WHERE ( fid=1 and id=1 )  [ RunTime:0.000071s ]
SQL: SELECT `typename` FROM `ll_type` WHERE ( fid=1 and id=7 )  [ RunTime:0.000086s ]
SQL: SELECT * FROM `ll_movie` WHERE ( id=39 )  [ RunTime:0.000122s ]
SQL: SELECT `aid` FROM `ll_movie_actor` WHERE ( fid=39 ) LIMIT 2   [ RunTime:0.000088s ]
SQL: SELECT `cname` FROM `ll_actors` WHERE ( id=47 )  [ RunTime:0.000088s ]
SQL: SELECT `cname` FROM `ll_actors` WHERE ( id=46 )  [ RunTime:0.000113s ]
SQL: SELECT `tid` FROM `ll_movie_type` WHERE ( fid=39 )  [ RunTime:0.000088s ]
SQL: SELECT `typename` FROM `ll_type` WHERE ( fid=1 and id=120 )  [ RunTime:0.000082s ]
SQL: SELECT `typename` FROM `ll_type` WHERE ( fid=1 and id=2 )  [ RunTime:0.000088s ]
SQL: SELECT `typename` FROM `ll_type` WHERE ( fid=1 and id=1 )  [ RunTime:0.000084s ]
SQL: SELECT `typename` FROM `ll_type` WHERE ( fid=1 and id=7 )  [ RunTime:0.000229s ]
SQL: SELECT `typename` FROM `ll_type` WHERE ( fid=1 and id=45 )  [ RunTime:0.000201s ]
SQL: SELECT * FROM `ll_movie` WHERE ( id=35 )  [ RunTime:0.000538s ]
SQL: SELECT `aid` FROM `ll_movie_actor` WHERE ( fid=35 ) LIMIT 2   [ RunTime:0.000099s ]
SQL: SELECT `cname` FROM `ll_actors` WHERE ( id=37 )  [ RunTime:0.000548s ]
SQL: SELECT `cname` FROM `ll_actors` WHERE ( id=38 )  [ RunTime:0.000153s ]
SQL: SELECT `tid` FROM `ll_movie_type` WHERE ( fid=35 )  [ RunTime:0.000088s ]
SQL: SELECT `typename` FROM `ll_type` WHERE ( fid=1 and id=55 )  [ RunTime:0.000085s ]
SQL: SELECT `typename` FROM `ll_type` WHERE ( fid=1 and id=75 )  [ RunTime:0.000004s ]
SQL: SELECT `typename` FROM `ll_type` WHERE ( fid=1 and id=2 )  [ RunTime:0.000000s ]
SQL: SELECT `typename` FROM `ll_type` WHERE ( fid=1 and id=7 )  [ RunTime:0.000084s ]
SQL: SELECT `typename` FROM `ll_type` WHERE ( fid=1 and id=6 )  [ RunTime:0.000081s ]
SQL: SELECT * FROM `ll_movie` WHERE ( id=34 )  [ RunTime:0.001188s ]
SQL: SELECT `aid` FROM `ll_movie_actor` WHERE ( fid=34 ) LIMIT 2   [ RunTime:0.000087s ]
SQL: SELECT `cname` FROM `ll_actors` WHERE ( id=33 )  [ RunTime:0.000590s ]
SQL: SELECT `cname` FROM `ll_actors` WHERE ( id=34 )  [ RunTime:0.000170s ]
SQL: SELECT `tid` FROM `ll_movie_type` WHERE ( fid=34 )  [ RunTime:0.000120s ]
SQL: SELECT `typename` FROM `ll_type` WHERE ( fid=1 and id=38 )  [ RunTime:0.000096s ]
SQL: SELECT `typename` FROM `ll_type` WHERE ( fid=1 and id=76 )  [ RunTime:0.000198s ]
SQL: SELECT `typename` FROM `ll_type` WHERE ( fid=1 and id=7 )  [ RunTime:0.000097s ]
SQL: SELECT * FROM `ll_movie` WHERE ( id=36 )  [ RunTime:0.000158s ]
SQL: SELECT `aid` FROM `ll_movie_actor` WHERE ( fid=36 ) LIMIT 2   [ RunTime:0.000093s ]
SQL: SELECT `cname` FROM `ll_actors` WHERE ( id=39 )  [ RunTime:0.000090s ]
SQL: SELECT `tid` FROM `ll_movie_type` WHERE ( fid=36 )  [ RunTime:0.000087s ]
SQL: SELECT `typename` FROM `ll_type` WHERE ( fid=1 and id=47 )  [ RunTime:0.000088s ]
SQL: SELECT `typename` FROM `ll_type` WHERE ( fid=1 and id=85 )  [ RunTime:0.000082s ]
SQL: SELECT `typename` FROM `ll_type` WHERE ( fid=1 and id=1 )  [ RunTime:0.000212s ]
SQL: SELECT `typename` FROM `ll_type` WHERE ( fid=1 and id=19 )  [ RunTime:0.000142s ]
SQL: SELECT `typename` FROM `ll_type` WHERE ( fid=1 and id=7 )  [ RunTime:0.000086s ]
SQL: SELECT * FROM `ll_movie` WHERE ( id=37 )  [ RunTime:0.000110s ]
SQL: SELECT `aid` FROM `ll_movie_actor` WHERE ( fid=37 ) LIMIT 2   [ RunTime:0.000085s ]
SQL: SELECT `cname` FROM `ll_actors` WHERE ( id=42 )  [ RunTime:0.000081s ]
SQL: SELECT `cname` FROM `ll_actors` WHERE ( id=41 )  [ RunTime:0.000104s ]
SQL: SELECT `tid` FROM `ll_movie_type` WHERE ( fid=37 )  [ RunTime:0.000084s ]
SQL: SELECT `typename` FROM `ll_type` WHERE ( fid=1 and id=41 )  [ RunTime:0.000081s ]
SQL: SELECT `typename` FROM `ll_type` WHERE ( fid=1 and id=120 )  [ RunTime:0.000084s ]
SQL: SELECT `typename` FROM `ll_type` WHERE ( fid=1 and id=1 )  [ RunTime:0.000082s ]
SQL: SELECT `typename` FROM `ll_type` WHERE ( fid=1 and id=7 )  [ RunTime:0.000090s ]
SQL: SELECT * FROM `ll_movie` WHERE ( id=31 )  [ RunTime:0.000619s ]
SQL: SELECT `aid` FROM `ll_movie_actor` WHERE ( fid=31 ) LIMIT 2   [ RunTime:0.000089s ]
SQL: SELECT `cname` FROM `ll_actors` WHERE ( id=27 )  [ RunTime:0.000582s ]
SQL: SELECT `cname` FROM `ll_actors` WHERE ( id=28 )  [ RunTime:0.000090s ]
SQL: SELECT `tid` FROM `ll_movie_type` WHERE ( fid=31 )  [ RunTime:0.000086s ]
SQL: SELECT `typename` FROM `ll_type` WHERE ( fid=1 and id=38 )  [ RunTime:0.000109s ]
SQL: SELECT `typename` FROM `ll_type` WHERE ( fid=1 and id=98 )  [ RunTime:0.000081s ]
SQL: SELECT `typename` FROM `ll_type` WHERE ( fid=1 and id=124 )  [ RunTime:0.000087s ]
SQL: SELECT `typename` FROM `ll_type` WHERE ( fid=1 and id=126 )  [ RunTime:0.000084s ]
SQL: SELECT `typename` FROM `ll_type` WHERE ( fid=1 and id=1 )  [ RunTime:0.000082s ]
SQL: SELECT `typename` FROM `ll_type` WHERE ( fid=1 and id=7 )  [ RunTime:0.000000s ]
SQL: select r.id,r.fid,r.uid,r.title,r.content,u.username,m.filmname,m.picname
                            from ll_longreview r,ll_movie m,ll_user u
                            where r.status in(1,2) and r.fid=m.id and r.uid=u.id
                            order by r.rnum desc limit 0,5 [ RunTime:0.003229s ]
SQL: SHOW COLUMNS FROM `ll_dialogue` [ RunTime:0.001700s ]
SQL: SELECT COUNT(*) AS tp_count FROM `ll_dialogue` WHERE ( status=1 ) LIMIT 1   [ RunTime:0.000390s ]
SQL: SELECT * FROM `ll_dialogue` WHERE ( status=1 )  [ RunTime:0.000038s ]
SQL: SHOW COLUMNS FROM `ll_type` [ RunTime:0.000290s ]
SQL: SELECT * FROM `ll_type` WHERE ( fid=1 ) ORDER BY id LIMIT 30   [ RunTime:0.000161s ]
SQL: SHOW COLUMNS FROM `ll_friendlink` [ RunTime:0.000896s ]
SQL: SELECT * FROM `ll_friendlink`  [ RunTime:0.000137s ]
SQL: SELECT `id`,`filmname`,`picname`,`rate` FROM `ll_movie` ORDER BY id asc LIMIT 0,4   [ RunTime:0.000451s ]
SQL: SELECT `id`,`filmname`,`picname`,`rate` FROM `ll_movie` ORDER BY id asc LIMIT 4,4   [ RunTime:0.000111s ]
SQL: SELECT `id`,`filmname`,`picname` FROM `ll_movie` ORDER BY addtime desc LIMIT 10   [ RunTime:0.000143s ]
SQL: SELECT `id`,`filmname`,`replynum` FROM `ll_movie` ORDER BY replynum desc LIMIT 10   [ RunTime:0.000112s ]
SQL: SELECT `id`,`filmname`,`picname`,`clicknum` FROM `ll_movie` ORDER BY clicknum desc LIMIT 8   [ RunTime:0.000113s ]
INFO: [ view_parse ] --START--
INFO: [ template_filter ] --START--
INFO: Run Behavior\ContentReplaceBehavior [ RunTime:0.000277s ]
INFO: [ template_filter ] --END-- [ RunTime:0.000352s ]
NOTIC: [8] Undefined index: loginuser /var/www/html/LanceLot/Application/Runtime/Cache/Home/2a94b8bda04ff446dcedd42276fc99ee.php 第 203 行.
NOTIC: [8] Undefined offset: 1 /var/www/html/LanceLot/Application/Runtime/Cache/Home/2a94b8bda04ff446dcedd42276fc99ee.php 第 274 行.
INFO: Run Behavior\ParseTemplateBehavior [ RunTime:0.059927s ]
INFO: [ view_parse ] --END-- [ RunTime:0.060005s ]
INFO: [ view_filter ] --START--
INFO: Run Behavior\WriteHtmlCacheBehavior [ RunTime:0.002750s ]
INFO: [ view_filter ] --END-- [ RunTime:0.002799s ]
INFO: [ app_end ] --START--
INFO: Run Behavior\ShowPageTraceBehavior [ RunTime:0.003900s ]
INFO: [ app_end ] --END-- [ RunTime:0.004005s ]

