[ 2016-05-10T14:06:19+08:00 ] 10.0.2.2 /LanceLot/index.php
INFO: [ app_init ] --START--
INFO: Run Behavior\BuildLiteBehavior [ RunTime:0.000026s ]
INFO: [ app_init ] --END-- [ RunTime:0.002737s ]
INFO: [ app_begin ] --START--
INFO: Run Behavior\ReadHtmlCacheBehavior [ RunTime:0.003767s ]
INFO: [ app_begin ] --END-- [ RunTime:0.003839s ]
SQL: SHOW COLUMNS FROM `ll_ppt` [ RunTime:0.017511s ]
SQL: SELECT * FROM `ll_ppt` WHERE ( state=1 ) LIMIT 7   [ RunTime:0.000604s ]
SQL: SHOW COLUMNS FROM `ll_movie` [ RunTime:0.000444s ]
SQL: SHOW COLUMNS FROM `ll_movie_actor` [ RunTime:0.001029s ]
SQL: SHOW COLUMNS FROM `ll_actors` [ RunTime:0.017998s ]
SQL: SHOW COLUMNS FROM `ll_movie_type` [ RunTime:0.003004s ]
SQL: SHOW COLUMNS FROM `ll_type` [ RunTime:0.002111s ]
SQL: SELECT * FROM `ll_movie` WHERE ( id=38 )  [ RunTime:0.000224s ]
SQL: SELECT `aid` FROM `ll_movie_actor` WHERE ( fid=38 ) LIMIT 2   [ RunTime:0.000398s ]
SQL: SELECT `cname` FROM `ll_actors` WHERE ( id=45 )  [ RunTime:0.011944s ]
SQL: SELECT `cname` FROM `ll_actors` WHERE ( id=44 )  [ RunTime:0.000467s ]
SQL: SELECT `tid` FROM `ll_movie_type` WHERE ( fid=38 )  [ RunTime:0.000474s ]
SQL: SELECT `typename` FROM `ll_type` WHERE ( fid=1 and id=38 )  [ RunTime:0.000541s ]
SQL: SELECT `typename` FROM `ll_type` WHERE ( fid=1 and id=93 )  [ RunTime:0.000162s ]
SQL: SELECT `typename` FROM `ll_type` WHERE ( fid=1 and id=1 )  [ RunTime:0.000122s ]
SQL: SELECT `typename` FROM `ll_type` WHERE ( fid=1 and id=7 )  [ RunTime:0.000124s ]
SQL: SELECT * FROM `ll_movie` WHERE ( id=39 )  [ RunTime:0.000000s ]
SQL: SELECT `aid` FROM `ll_movie_actor` WHERE ( fid=39 ) LIMIT 2   [ RunTime:0.000106s ]
SQL: SELECT `cname` FROM `ll_actors` WHERE ( id=47 )  [ RunTime:0.000127s ]
SQL: SELECT `cname` FROM `ll_actors` WHERE ( id=46 )  [ RunTime:0.000079s ]
SQL: SELECT `tid` FROM `ll_movie_type` WHERE ( fid=39 )  [ RunTime:0.000423s ]
SQL: SELECT `typename` FROM `ll_type` WHERE ( fid=1 and id=120 )  [ RunTime:0.000185s ]
SQL: SELECT `typename` FROM `ll_type` WHERE ( fid=1 and id=2 )  [ RunTime:0.000099s ]
SQL: SELECT `typename` FROM `ll_type` WHERE ( fid=1 and id=1 )  [ RunTime:0.000085s ]
SQL: SELECT `typename` FROM `ll_type` WHERE ( fid=1 and id=7 )  [ RunTime:0.000087s ]
SQL: SELECT `typename` FROM `ll_type` WHERE ( fid=1 and id=45 )  [ RunTime:0.000080s ]
SQL: SELECT * FROM `ll_movie` WHERE ( id=35 )  [ RunTime:0.000007s ]
SQL: SELECT `aid` FROM `ll_movie_actor` WHERE ( fid=35 ) LIMIT 2   [ RunTime:0.000086s ]
SQL: SELECT `cname` FROM `ll_actors` WHERE ( id=37 )  [ RunTime:0.000742s ]
SQL: SELECT `cname` FROM `ll_actors` WHERE ( id=38 )  [ RunTime:0.000280s ]
SQL: SELECT `tid` FROM `ll_movie_type` WHERE ( fid=35 )  [ RunTime:0.000202s ]
SQL: SELECT `typename` FROM `ll_type` WHERE ( fid=1 and id=55 )  [ RunTime:0.000215s ]
SQL: SELECT `typename` FROM `ll_type` WHERE ( fid=1 and id=75 )  [ RunTime:0.000155s ]
SQL: SELECT `typename` FROM `ll_type` WHERE ( fid=1 and id=2 )  [ RunTime:0.000092s ]
SQL: SELECT `typename` FROM `ll_type` WHERE ( fid=1 and id=7 )  [ RunTime:0.000083s ]
SQL: SELECT `typename` FROM `ll_type` WHERE ( fid=1 and id=6 )  [ RunTime:0.000405s ]
SQL: SELECT * FROM `ll_movie` WHERE ( id=34 )  [ RunTime:0.000275s ]
SQL: SELECT `aid` FROM `ll_movie_actor` WHERE ( fid=34 ) LIMIT 2   [ RunTime:0.000648s ]
SQL: SELECT `cname` FROM `ll_actors` WHERE ( id=33 )  [ RunTime:0.001919s ]
SQL: SELECT `cname` FROM `ll_actors` WHERE ( id=34 )  [ RunTime:0.000234s ]
SQL: SELECT `tid` FROM `ll_movie_type` WHERE ( fid=34 )  [ RunTime:0.000112s ]
SQL: SELECT `typename` FROM `ll_type` WHERE ( fid=1 and id=38 )  [ RunTime:0.000096s ]
SQL: SELECT `typename` FROM `ll_type` WHERE ( fid=1 and id=76 )  [ RunTime:0.000085s ]
SQL: SELECT `typename` FROM `ll_type` WHERE ( fid=1 and id=7 )  [ RunTime:0.000105s ]
SQL: SELECT * FROM `ll_movie` WHERE ( id=36 )  [ RunTime:0.000134s ]
SQL: SELECT `aid` FROM `ll_movie_actor` WHERE ( fid=36 ) LIMIT 2   [ RunTime:0.000518s ]
SQL: SELECT `cname` FROM `ll_actors` WHERE ( id=39 )  [ RunTime:0.000098s ]
SQL: SELECT `tid` FROM `ll_movie_type` WHERE ( fid=36 )  [ RunTime:0.000141s ]
SQL: SELECT `typename` FROM `ll_type` WHERE ( fid=1 and id=47 )  [ RunTime:0.000102s ]
SQL: SELECT `typename` FROM `ll_type` WHERE ( fid=1 and id=85 )  [ RunTime:0.000091s ]
SQL: SELECT `typename` FROM `ll_type` WHERE ( fid=1 and id=1 )  [ RunTime:0.000085s ]
SQL: SELECT `typename` FROM `ll_type` WHERE ( fid=1 and id=19 )  [ RunTime:0.000000s ]
SQL: SELECT `typename` FROM `ll_type` WHERE ( fid=1 and id=7 )  [ RunTime:0.000081s ]
SQL: SELECT * FROM `ll_movie` WHERE ( id=37 )  [ RunTime:0.000107s ]
SQL: SELECT `aid` FROM `ll_movie_actor` WHERE ( fid=37 ) LIMIT 2   [ RunTime:0.000078s ]
SQL: SELECT `cname` FROM `ll_actors` WHERE ( id=42 )  [ RunTime:0.000023s ]
SQL: SELECT `cname` FROM `ll_actors` WHERE ( id=41 )  [ RunTime:0.000080s ]
SQL: SELECT `tid` FROM `ll_movie_type` WHERE ( fid=37 )  [ RunTime:0.000110s ]
SQL: SELECT `typename` FROM `ll_type` WHERE ( fid=1 and id=41 )  [ RunTime:0.000077s ]
SQL: SELECT `typename` FROM `ll_type` WHERE ( fid=1 and id=120 )  [ RunTime:0.000076s ]
SQL: SELECT `typename` FROM `ll_type` WHERE ( fid=1 and id=1 )  [ RunTime:0.000112s ]
SQL: SELECT `typename` FROM `ll_type` WHERE ( fid=1 and id=7 )  [ RunTime:0.000078s ]
SQL: SELECT * FROM `ll_movie` WHERE ( id=31 )  [ RunTime:0.000636s ]
SQL: SELECT `aid` FROM `ll_movie_actor` WHERE ( fid=31 ) LIMIT 2   [ RunTime:0.000083s ]
SQL: SELECT `cname` FROM `ll_actors` WHERE ( id=27 )  [ RunTime:0.000701s ]
SQL: SELECT `cname` FROM `ll_actors` WHERE ( id=28 )  [ RunTime:0.000097s ]
SQL: SELECT `tid` FROM `ll_movie_type` WHERE ( fid=31 )  [ RunTime:0.000088s ]
SQL: SELECT `typename` FROM `ll_type` WHERE ( fid=1 and id=38 )  [ RunTime:0.000094s ]
SQL: SELECT `typename` FROM `ll_type` WHERE ( fid=1 and id=98 )  [ RunTime:0.000086s ]
SQL: SELECT `typename` FROM `ll_type` WHERE ( fid=1 and id=124 )  [ RunTime:0.000010s ]
SQL: SELECT `typename` FROM `ll_type` WHERE ( fid=1 and id=126 )  [ RunTime:0.000090s ]
SQL: SELECT `typename` FROM `ll_type` WHERE ( fid=1 and id=1 )  [ RunTime:0.000091s ]
SQL: SELECT `typename` FROM `ll_type` WHERE ( fid=1 and id=7 )  [ RunTime:0.000085s ]
SQL: select r.id,r.fid,r.uid,r.title,r.content,u.username,m.filmname,m.picname
                            from ll_longreview r,ll_movie m,ll_user u
                            where r.status in(1,2) and r.fid=m.id and r.uid=u.id
                            order by r.rnum desc limit 0,5 [ RunTime:0.002703s ]
SQL: SHOW COLUMNS FROM `ll_dialogue` [ RunTime:0.001020s ]
SQL: SELECT COUNT(*) AS tp_count FROM `ll_dialogue` WHERE ( status=1 ) LIMIT 1   [ RunTime:0.000457s ]
SQL: SELECT * FROM `ll_dialogue` WHERE ( status=1 )  [ RunTime:0.000109s ]
SQL: SHOW COLUMNS FROM `ll_type` [ RunTime:0.000307s ]
SQL: SELECT * FROM `ll_type` WHERE ( fid=1 ) ORDER BY id LIMIT 30   [ RunTime:0.000167s ]
SQL: SHOW COLUMNS FROM `ll_friendlink` [ RunTime:0.001003s ]
SQL: SELECT * FROM `ll_friendlink`  [ RunTime:0.000438s ]
SQL: SELECT `id`,`filmname`,`picname`,`rate` FROM `ll_movie` ORDER BY id asc LIMIT 0,4   [ RunTime:0.000327s ]
SQL: SELECT `id`,`filmname`,`picname`,`rate` FROM `ll_movie` ORDER BY id asc LIMIT 4,4   [ RunTime:0.000137s ]
SQL: SELECT `id`,`filmname`,`picname` FROM `ll_movie` ORDER BY addtime desc LIMIT 10   [ RunTime:0.000136s ]
SQL: SELECT `id`,`filmname`,`replynum` FROM `ll_movie` ORDER BY replynum desc LIMIT 10   [ RunTime:0.000106s ]
SQL: SELECT `id`,`filmname`,`picname`,`clicknum` FROM `ll_movie` ORDER BY clicknum desc LIMIT 8   [ RunTime:0.000106s ]
INFO: [ view_parse ] --START--
INFO: [ template_filter ] --START--
INFO: Run Behavior\ContentReplaceBehavior [ RunTime:0.000246s ]
INFO: [ template_filter ] --END-- [ RunTime:0.000309s ]
NOTIC: [8] Undefined index: loginuser /var/www/html/LanceLot/Application/Runtime/Cache/Home/2a94b8bda04ff446dcedd42276fc99ee.php 第 203 行.
NOTIC: [8] Undefined offset: 1 /var/www/html/LanceLot/Application/Runtime/Cache/Home/2a94b8bda04ff446dcedd42276fc99ee.php 第 274 行.
INFO: Run Behavior\ParseTemplateBehavior [ RunTime:0.057640s ]
INFO: [ view_parse ] --END-- [ RunTime:0.057705s ]
INFO: [ view_filter ] --START--
INFO: Run Behavior\WriteHtmlCacheBehavior [ RunTime:0.002745s ]
INFO: [ view_filter ] --END-- [ RunTime:0.002799s ]
INFO: [ app_end ] --START--
INFO: Run Behavior\ShowPageTraceBehavior [ RunTime:0.012931s ]
INFO: [ app_end ] --END-- [ RunTime:0.013040s ]

[ 2016-05-10T14:06:30+08:00 ] 10.0.2.2 /LanceLot/index.php/Detail/index/id/44
INFO: [ app_init ] --START--
INFO: Run Behavior\BuildLiteBehavior [ RunTime:0.000017s ]
INFO: [ app_init ] --END-- [ RunTime:0.002137s ]
INFO: [ app_begin ] --START--
INFO: Run Behavior\ReadHtmlCacheBehavior [ RunTime:0.003086s ]
INFO: [ app_begin ] --END-- [ RunTime:0.003174s ]
ERR: 无法加载控制器:Detail

[ 2016-05-10T14:06:48+08:00 ] 10.0.2.2 /LanceLot/index.php
INFO: [ app_init ] --START--
INFO: Run Behavior\BuildLiteBehavior [ RunTime:0.000028s ]
INFO: [ app_init ] --END-- [ RunTime:0.002902s ]
INFO: [ app_begin ] --START--
INFO: Run Behavior\ReadHtmlCacheBehavior [ RunTime:0.004007s ]
INFO: [ app_begin ] --END-- [ RunTime:0.004096s ]
SQL: SHOW COLUMNS FROM `ll_ppt` [ RunTime:0.000399s ]
SQL: SELECT * FROM `ll_ppt` WHERE ( state=1 ) LIMIT 7   [ RunTime:0.000266s ]
SQL: SHOW COLUMNS FROM `ll_movie` [ RunTime:0.001013s ]
SQL: SHOW COLUMNS FROM `ll_movie_actor` [ RunTime:0.000565s ]
SQL: SHOW COLUMNS FROM `ll_actors` [ RunTime:0.000450s ]
SQL: SHOW COLUMNS FROM `ll_movie_type` [ RunTime:0.000439s ]
SQL: SHOW COLUMNS FROM `ll_type` [ RunTime:0.000936s ]
SQL: SELECT * FROM `ll_movie` WHERE ( id=38 )  [ RunTime:0.001720s ]
SQL: SELECT `aid` FROM `ll_movie_actor` WHERE ( fid=38 ) LIMIT 2   [ RunTime:0.000205s ]
SQL: SELECT `cname` FROM `ll_actors` WHERE ( id=45 )  [ RunTime:0.000100s ]
SQL: SELECT `cname` FROM `ll_actors` WHERE ( id=44 )  [ RunTime:0.000001s ]
SQL: SELECT `tid` FROM `ll_movie_type` WHERE ( fid=38 )  [ RunTime:0.000000s ]
SQL: SELECT `typename` FROM `ll_type` WHERE ( fid=1 and id=38 )  [ RunTime:0.000092s ]
SQL: SELECT `typename` FROM `ll_type` WHERE ( fid=1 and id=93 )  [ RunTime:0.000086s ]
SQL: SELECT `typename` FROM `ll_type` WHERE ( fid=1 and id=1 )  [ RunTime:0.000291s ]
SQL: SELECT `typename` FROM `ll_type` WHERE ( fid=1 and id=7 )  [ RunTime:0.000207s ]
SQL: SELECT * FROM `ll_movie` WHERE ( id=39 )  [ RunTime:0.000118s ]
SQL: SELECT `aid` FROM `ll_movie_actor` WHERE ( fid=39 ) LIMIT 2   [ RunTime:0.000096s ]
SQL: SELECT `cname` FROM `ll_actors` WHERE ( id=47 )  [ RunTime:0.000102s ]
SQL: SELECT `cname` FROM `ll_actors` WHERE ( id=46 )  [ RunTime:0.000080s ]
SQL: SELECT `tid` FROM `ll_movie_type` WHERE ( fid=39 )  [ RunTime:0.000104s ]
SQL: SELECT `typename` FROM `ll_type` WHERE ( fid=1 and id=120 )  [ RunTime:0.000086s ]
SQL: SELECT `typename` FROM `ll_type` WHERE ( fid=1 and id=2 )  [ RunTime:0.000083s ]
SQL: SELECT `typename` FROM `ll_type` WHERE ( fid=1 and id=1 )  [ RunTime:0.000080s ]
SQL: SELECT `typename` FROM `ll_type` WHERE ( fid=1 and id=7 )  [ RunTime:0.000082s ]
SQL: SELECT `typename` FROM `ll_type` WHERE ( fid=1 and id=45 )  [ RunTime:0.000078s ]
SQL: SELECT * FROM `ll_movie` WHERE ( id=35 )  [ RunTime:0.000127s ]
SQL: SELECT `aid` FROM `ll_movie_actor` WHERE ( fid=35 ) LIMIT 2   [ RunTime:0.000077s ]
SQL: SELECT `cname` FROM `ll_actors` WHERE ( id=37 )  [ RunTime:0.000097s ]
SQL: SELECT `cname` FROM `ll_actors` WHERE ( id=38 )  [ RunTime:0.000075s ]
SQL: SELECT `tid` FROM `ll_movie_type` WHERE ( fid=35 )  [ RunTime:0.000078s ]
SQL: SELECT `typename` FROM `ll_type` WHERE ( fid=1 and id=55 )  [ RunTime:0.000000s ]
SQL: SELECT `typename` FROM `ll_type` WHERE ( fid=1 and id=75 )  [ RunTime:0.000000s ]
SQL: SELECT `typename` FROM `ll_type` WHERE ( fid=1 and id=2 )  [ RunTime:0.000081s ]
SQL: SELECT `typename` FROM `ll_type` WHERE ( fid=1 and id=7 )  [ RunTime:0.000094s ]
SQL: SELECT `typename` FROM `ll_type` WHERE ( fid=1 and id=6 )  [ RunTime:0.000337s ]
SQL: SELECT * FROM `ll_movie` WHERE ( id=34 )  [ RunTime:0.000211s ]
SQL: SELECT `aid` FROM `ll_movie_actor` WHERE ( fid=34 ) LIMIT 2   [ RunTime:0.000147s ]
SQL: SELECT `cname` FROM `ll_actors` WHERE ( id=33 )  [ RunTime:0.000180s ]
SQL: SELECT `cname` FROM `ll_actors` WHERE ( id=34 )  [ RunTime:0.000230s ]
SQL: SELECT `tid` FROM `ll_movie_type` WHERE ( fid=34 )  [ RunTime:0.000187s ]
SQL: SELECT `typename` FROM `ll_type` WHERE ( fid=1 and id=38 )  [ RunTime:0.000319s ]
SQL: SELECT `typename` FROM `ll_type` WHERE ( fid=1 and id=76 )  [ RunTime:0.000682s ]
SQL: SELECT `typename` FROM `ll_type` WHERE ( fid=1 and id=7 )  [ RunTime:0.000859s ]
SQL: SELECT * FROM `ll_movie` WHERE ( id=36 )  [ RunTime:0.000092s ]
SQL: SELECT `aid` FROM `ll_movie_actor` WHERE ( fid=36 ) LIMIT 2   [ RunTime:0.000104s ]
SQL: SELECT `cname` FROM `ll_actors` WHERE ( id=39 )  [ RunTime:0.000091s ]
SQL: SELECT `tid` FROM `ll_movie_type` WHERE ( fid=36 )  [ RunTime:0.000249s ]
SQL: SELECT `typename` FROM `ll_type` WHERE ( fid=1 and id=47 )  [ RunTime:0.000113s ]
SQL: SELECT `typename` FROM `ll_type` WHERE ( fid=1 and id=85 )  [ RunTime:0.000084s ]
SQL: SELECT `typename` FROM `ll_type` WHERE ( fid=1 and id=1 )  [ RunTime:0.000105s ]
SQL: SELECT `typename` FROM `ll_type` WHERE ( fid=1 and id=19 )  [ RunTime:0.000085s ]
SQL: SELECT `typename` FROM `ll_type` WHERE ( fid=1 and id=7 )  [ RunTime:0.000108s ]
SQL: SELECT * FROM `ll_movie` WHERE ( id=37 )  [ RunTime:0.000125s ]
SQL: SELECT `aid` FROM `ll_movie_actor` WHERE ( fid=37 ) LIMIT 2   [ RunTime:0.000100s ]
SQL: SELECT `cname` FROM `ll_actors` WHERE ( id=42 )  [ RunTime:0.000085s ]
SQL: SELECT `cname` FROM `ll_actors` WHERE ( id=41 )  [ RunTime:0.000147s ]
SQL: SELECT `tid` FROM `ll_movie_type` WHERE ( fid=37 )  [ RunTime:0.000086s ]
SQL: SELECT `typename` FROM `ll_type` WHERE ( fid=1 and id=41 )  [ RunTime:0.000103s ]
SQL: SELECT `typename` FROM `ll_type` WHERE ( fid=1 and id=120 )  [ RunTime:0.000082s ]
SQL: SELECT `typename` FROM `ll_type` WHERE ( fid=1 and id=1 )  [ RunTime:0.000083s ]
SQL: SELECT `typename` FROM `ll_type` WHERE ( fid=1 and id=7 )  [ RunTime:0.000163s ]
SQL: SELECT * FROM `ll_movie` WHERE ( id=31 )  [ RunTime:0.000197s ]
SQL: SELECT `aid` FROM `ll_movie_actor` WHERE ( fid=31 ) LIMIT 2   [ RunTime:0.000096s ]
SQL: SELECT `cname` FROM `ll_actors` WHERE ( id=27 )  [ RunTime:0.000090s ]
SQL: SELECT `cname` FROM `ll_actors` WHERE ( id=28 )  [ RunTime:0.000000s ]
SQL: SELECT `tid` FROM `ll_movie_type` WHERE ( fid=31 )  [ RunTime:0.000048s ]
SQL: SELECT `typename` FROM `ll_type` WHERE ( fid=1 and id=38 )  [ RunTime:0.000085s ]
SQL: SELECT `typename` FROM `ll_type` WHERE ( fid=1 and id=98 )  [ RunTime:0.000081s ]
SQL: SELECT `typename` FROM `ll_type` WHERE ( fid=1 and id=124 )  [ RunTime:0.000625s ]
SQL: SELECT `typename` FROM `ll_type` WHERE ( fid=1 and id=126 )  [ RunTime:0.000183s ]
SQL: SELECT `typename` FROM `ll_type` WHERE ( fid=1 and id=1 )  [ RunTime:0.000113s ]
SQL: SELECT `typename` FROM `ll_type` WHERE ( fid=1 and id=7 )  [ RunTime:0.000126s ]
SQL: select r.id,r.fid,r.uid,r.title,r.content,u.username,m.filmname,m.picname
                            from ll_longreview r,ll_movie m,ll_user u
                            where r.status in(1,2) and r.fid=m.id and r.uid=u.id
                            order by r.rnum desc limit 0,5 [ RunTime:0.000395s ]
SQL: SHOW COLUMNS FROM `ll_dialogue` [ RunTime:0.000539s ]
SQL: SELECT COUNT(*) AS tp_count FROM `ll_dialogue` WHERE ( status=1 ) LIMIT 1   [ RunTime:0.000297s ]
SQL: SELECT * FROM `ll_dialogue` WHERE ( status=1 )  [ RunTime:0.000363s ]
SQL: SHOW COLUMNS FROM `ll_type` [ RunTime:0.002433s ]
SQL: SELECT * FROM `ll_type` WHERE ( fid=1 ) ORDER BY id LIMIT 30   [ RunTime:0.000474s ]
SQL: SHOW COLUMNS FROM `ll_friendlink` [ RunTime:0.000367s ]
SQL: SELECT * FROM `ll_friendlink`  [ RunTime:0.000118s ]
SQL: SELECT `id`,`filmname`,`picname`,`rate` FROM `ll_movie` ORDER BY id asc LIMIT 0,4   [ RunTime:0.000116s ]
SQL: SELECT `id`,`filmname`,`picname`,`rate` FROM `ll_movie` ORDER BY id asc LIMIT 4,4   [ RunTime:0.000107s ]
SQL: SELECT `id`,`filmname`,`picname` FROM `ll_movie` ORDER BY addtime desc LIMIT 10   [ RunTime:0.000137s ]
SQL: SELECT `id`,`filmname`,`replynum` FROM `ll_movie` ORDER BY replynum desc LIMIT 10   [ RunTime:0.000114s ]
SQL: SELECT `id`,`filmname`,`picname`,`clicknum` FROM `ll_movie` ORDER BY clicknum desc LIMIT 8   [ RunTime:0.000124s ]
INFO: [ view_parse ] --START--
INFO: [ template_filter ] --START--
INFO: Run Behavior\ContentReplaceBehavior [ RunTime:0.000001s ]
INFO: [ template_filter ] --END-- [ RunTime:0.000001s ]
NOTIC: [8] Undefined index: loginuser /var/www/html/LanceLot/Application/Runtime/Cache/Home/2a94b8bda04ff446dcedd42276fc99ee.php 第 203 行.
NOTIC: [8] Undefined offset: 1 /var/www/html/LanceLot/Application/Runtime/Cache/Home/2a94b8bda04ff446dcedd42276fc99ee.php 第 274 行.
INFO: Run Behavior\ParseTemplateBehavior [ RunTime:0.070569s ]
INFO: [ view_parse ] --END-- [ RunTime:0.070635s ]
INFO: [ view_filter ] --START--
INFO: Run Behavior\WriteHtmlCacheBehavior [ RunTime:0.007489s ]
INFO: [ view_filter ] --END-- [ RunTime:0.007639s ]
INFO: [ app_end ] --START--
INFO: Run Behavior\ShowPageTraceBehavior [ RunTime:0.005787s ]
INFO: [ app_end ] --END-- [ RunTime:0.005918s ]

[ 2016-05-10T14:27:58+08:00 ] 10.0.2.2 /LanceLot/index.php
INFO: [ app_init ] --START--
INFO: Run Behavior\BuildLiteBehavior [ RunTime:0.000000s ]
INFO: [ app_init ] --END-- [ RunTime:0.003954s ]
INFO: [ app_begin ] --START--
INFO: Run Behavior\ReadHtmlCacheBehavior [ RunTime:0.008432s ]
INFO: [ app_begin ] --END-- [ RunTime:0.008536s ]
SQL: SHOW COLUMNS FROM `ll_ppt` [ RunTime:0.001724s ]
SQL: SELECT * FROM `ll_ppt` WHERE ( state=1 ) LIMIT 7   [ RunTime:0.000318s ]
SQL: SHOW COLUMNS FROM `ll_movie` [ RunTime:0.000448s ]
SQL: SHOW COLUMNS FROM `ll_movie_actor` [ RunTime:0.000266s ]
SQL: SHOW COLUMNS FROM `ll_actors` [ RunTime:0.000321s ]
SQL: SHOW COLUMNS FROM `ll_movie_type` [ RunTime:0.000238s ]
SQL: SHOW COLUMNS FROM `ll_type` [ RunTime:0.000785s ]
SQL: SELECT * FROM `ll_movie` WHERE ( id=38 )  [ RunTime:0.000169s ]
SQL: SELECT `aid` FROM `ll_movie_actor` WHERE ( fid=38 ) LIMIT 2   [ RunTime:0.000089s ]
SQL: SELECT `cname` FROM `ll_actors` WHERE ( id=45 )  [ RunTime:0.000088s ]
SQL: SELECT `cname` FROM `ll_actors` WHERE ( id=44 )  [ RunTime:0.000083s ]
SQL: SELECT `tid` FROM `ll_movie_type` WHERE ( fid=38 )  [ RunTime:0.000001s ]
SQL: SELECT `typename` FROM `ll_type` WHERE ( fid=1 and id=38 )  [ RunTime:0.000091s ]
SQL: SELECT `typename` FROM `ll_type` WHERE ( fid=1 and id=93 )  [ RunTime:0.000084s ]
SQL: SELECT `typename` FROM `ll_type` WHERE ( fid=1 and id=1 )  [ RunTime:0.000084s ]
SQL: SELECT `typename` FROM `ll_type` WHERE ( fid=1 and id=7 )  [ RunTime:0.000014s ]
SQL: SELECT * FROM `ll_movie` WHERE ( id=39 )  [ RunTime:0.000112s ]
SQL: SELECT `aid` FROM `ll_movie_actor` WHERE ( fid=39 ) LIMIT 2   [ RunTime:0.000086s ]
SQL: SELECT `cname` FROM `ll_actors` WHERE ( id=47 )  [ RunTime:0.000080s ]
SQL: SELECT `cname` FROM `ll_actors` WHERE ( id=46 )  [ RunTime:0.000095s ]
SQL: SELECT `tid` FROM `ll_movie_type` WHERE ( fid=39 )  [ RunTime:0.000094s ]
SQL: SELECT `typename` FROM `ll_type` WHERE ( fid=1 and id=120 )  [ RunTime:0.000703s ]
SQL: SELECT `typename` FROM `ll_type` WHERE ( fid=1 and id=2 )  [ RunTime:0.000091s ]
SQL: SELECT `typename` FROM `ll_type` WHERE ( fid=1 and id=1 )  [ RunTime:0.000083s ]
SQL: SELECT `typename` FROM `ll_type` WHERE ( fid=1 and id=7 )  [ RunTime:0.000115s ]
SQL: SELECT `typename` FROM `ll_type` WHERE ( fid=1 and id=45 )  [ RunTime:0.000121s ]
SQL: SELECT * FROM `ll_movie` WHERE ( id=35 )  [ RunTime:0.000366s ]
SQL: SELECT `aid` FROM `ll_movie_actor` WHERE ( fid=35 ) LIMIT 2   [ RunTime:0.000204s ]
SQL: SELECT `cname` FROM `ll_actors` WHERE ( id=37 )  [ RunTime:0.000635s ]
SQL: SELECT `cname` FROM `ll_actors` WHERE ( id=38 )  [ RunTime:0.000429s ]
SQL: SELECT `tid` FROM `ll_movie_type` WHERE ( fid=35 )  [ RunTime:0.000182s ]
SQL: SELECT `typename` FROM `ll_type` WHERE ( fid=1 and id=55 )  [ RunTime:0.000200s ]
SQL: SELECT `typename` FROM `ll_type` WHERE ( fid=1 and id=75 )  [ RunTime:0.000097s ]
SQL: SELECT `typename` FROM `ll_type` WHERE ( fid=1 and id=2 )  [ RunTime:0.000320s ]
SQL: SELECT `typename` FROM `ll_type` WHERE ( fid=1 and id=7 )  [ RunTime:0.000839s ]
SQL: SELECT `typename` FROM `ll_type` WHERE ( fid=1 and id=6 )  [ RunTime:0.001478s ]
SQL: SELECT * FROM `ll_movie` WHERE ( id=34 )  [ RunTime:0.000320s ]
SQL: SELECT `aid` FROM `ll_movie_actor` WHERE ( fid=34 ) LIMIT 2   [ RunTime:0.000093s ]
SQL: SELECT `cname` FROM `ll_actors` WHERE ( id=33 )  [ RunTime:0.000152s ]
SQL: SELECT `cname` FROM `ll_actors` WHERE ( id=34 )  [ RunTime:0.000137s ]
SQL: SELECT `tid` FROM `ll_movie_type` WHERE ( fid=34 )  [ RunTime:0.000296s ]
SQL: SELECT `typename` FROM `ll_type` WHERE ( fid=1 and id=38 )  [ RunTime:0.000132s ]
SQL: SELECT `typename` FROM `ll_type` WHERE ( fid=1 and id=76 )  [ RunTime:0.000091s ]
SQL: SELECT `typename` FROM `ll_type` WHERE ( fid=1 and id=7 )  [ RunTime:0.000089s ]
SQL: SELECT * FROM `ll_movie` WHERE ( id=36 )  [ RunTime:0.000553s ]
SQL: SELECT `aid` FROM `ll_movie_actor` WHERE ( fid=36 ) LIMIT 2   [ RunTime:0.000099s ]
SQL: SELECT `cname` FROM `ll_actors` WHERE ( id=39 )  [ RunTime:0.000091s ]
SQL: SELECT `tid` FROM `ll_movie_type` WHERE ( fid=36 )  [ RunTime:0.000088s ]
SQL: SELECT `typename` FROM `ll_type` WHERE ( fid=1 and id=47 )  [ RunTime:0.000089s ]
SQL: SELECT `typename` FROM `ll_type` WHERE ( fid=1 and id=85 )  [ RunTime:0.000081s ]
SQL: SELECT `typename` FROM `ll_type` WHERE ( fid=1 and id=1 )  [ RunTime:0.000023s ]
SQL: SELECT `typename` FROM `ll_type` WHERE ( fid=1 and id=19 )  [ RunTime:0.000086s ]
SQL: SELECT `typename` FROM `ll_type` WHERE ( fid=1 and id=7 )  [ RunTime:0.000093s ]
SQL: SELECT * FROM `ll_movie` WHERE ( id=37 )  [ RunTime:0.000110s ]
SQL: SELECT `aid` FROM `ll_movie_actor` WHERE ( fid=37 ) LIMIT 2   [ RunTime:0.000084s ]
SQL: SELECT `cname` FROM `ll_actors` WHERE ( id=42 )  [ RunTime:0.000117s ]
SQL: SELECT `cname` FROM `ll_actors` WHERE ( id=41 )  [ RunTime:0.000096s ]
SQL: SELECT `tid` FROM `ll_movie_type` WHERE ( fid=37 )  [ RunTime:0.000092s ]
SQL: SELECT `typename` FROM `ll_type` WHERE ( fid=1 and id=41 )  [ RunTime:0.000094s ]
SQL: SELECT `typename` FROM `ll_type` WHERE ( fid=1 and id=120 )  [ RunTime:0.000081s ]
SQL: SELECT `typename` FROM `ll_type` WHERE ( fid=1 and id=1 )  [ RunTime:0.000083s ]
SQL: SELECT `typename` FROM `ll_type` WHERE ( fid=1 and id=7 )  [ RunTime:0.000280s ]
SQL: SELECT * FROM `ll_movie` WHERE ( id=31 )  [ RunTime:0.000129s ]
SQL: SELECT `aid` FROM `ll_movie_actor` WHERE ( fid=31 ) LIMIT 2   [ RunTime:0.000089s ]
SQL: SELECT `cname` FROM `ll_actors` WHERE ( id=27 )  [ RunTime:0.000089s ]
SQL: SELECT `cname` FROM `ll_actors` WHERE ( id=28 )  [ RunTime:0.000130s ]
SQL: SELECT `tid` FROM `ll_movie_type` WHERE ( fid=31 )  [ RunTime:0.000101s ]
SQL: SELECT `typename` FROM `ll_type` WHERE ( fid=1 and id=38 )  [ RunTime:0.000161s ]
SQL: SELECT `typename` FROM `ll_type` WHERE ( fid=1 and id=98 )  [ RunTime:0.000113s ]
SQL: SELECT `typename` FROM `ll_type` WHERE ( fid=1 and id=124 )  [ RunTime:0.000140s ]
SQL: SELECT `typename` FROM `ll_type` WHERE ( fid=1 and id=126 )  [ RunTime:0.000090s ]
SQL: SELECT `typename` FROM `ll_type` WHERE ( fid=1 and id=1 )  [ RunTime:0.000115s ]
SQL: SELECT `typename` FROM `ll_type` WHERE ( fid=1 and id=7 )  [ RunTime:0.000632s ]
SQL: select r.id,r.fid,r.uid,r.title,r.content,u.username,m.filmname,m.picname
                            from ll_longreview r,ll_movie m,ll_user u
                            where r.status in(1,2) and r.fid=m.id and r.uid=u.id
                            order by r.rnum desc limit 0,5 [ RunTime:0.000656s ]
SQL: SHOW COLUMNS FROM `ll_dialogue` [ RunTime:0.001299s ]
SQL: SELECT COUNT(*) AS tp_count FROM `ll_dialogue` WHERE ( status=1 ) LIMIT 1   [ RunTime:0.000239s ]
SQL: SELECT * FROM `ll_dialogue` WHERE ( status=1 )  [ RunTime:0.000113s ]
SQL: SHOW COLUMNS FROM `ll_type` [ RunTime:0.000321s ]
SQL: SELECT * FROM `ll_type` WHERE ( fid=1 ) ORDER BY id LIMIT 30   [ RunTime:0.000164s ]
SQL: SHOW COLUMNS FROM `ll_friendlink` [ RunTime:0.000302s ]
SQL: SELECT * FROM `ll_friendlink`  [ RunTime:0.000108s ]
SQL: SELECT `id`,`filmname`,`picname`,`rate` FROM `ll_movie` ORDER BY id asc LIMIT 0,4   [ RunTime:0.000112s ]
SQL: SELECT `id`,`filmname`,`picname`,`rate` FROM `ll_movie` ORDER BY id asc LIMIT 4,4   [ RunTime:0.000136s ]
SQL: SELECT `id`,`filmname`,`picname` FROM `ll_movie` ORDER BY addtime desc LIMIT 10   [ RunTime:0.000766s ]
SQL: SELECT `id`,`filmname`,`replynum` FROM `ll_movie` ORDER BY replynum desc LIMIT 10   [ RunTime:0.000118s ]
SQL: SELECT `id`,`filmname`,`picname`,`clicknum` FROM `ll_movie` ORDER BY clicknum desc LIMIT 8   [ RunTime:0.000113s ]
INFO: [ view_parse ] --START--
INFO: [ template_filter ] --START--
INFO: Run Behavior\ContentReplaceBehavior [ RunTime:0.000187s ]
INFO: [ template_filter ] --END-- [ RunTime:0.000289s ]
NOTIC: [8] Undefined index: loginuser /var/www/html/LanceLot/Application/Runtime/Cache/Home/2a94b8bda04ff446dcedd42276fc99ee.php 第 203 行.
NOTIC: [8] Undefined offset: 1 /var/www/html/LanceLot/Application/Runtime/Cache/Home/2a94b8bda04ff446dcedd42276fc99ee.php 第 274 行.
INFO: Run Behavior\ParseTemplateBehavior [ RunTime:0.063358s ]
INFO: [ view_parse ] --END-- [ RunTime:0.063497s ]
INFO: [ view_filter ] --START--
INFO: Run Behavior\WriteHtmlCacheBehavior [ RunTime:0.007175s ]
INFO: [ view_filter ] --END-- [ RunTime:0.007351s ]
INFO: [ app_end ] --START--
INFO: Run Behavior\ShowPageTraceBehavior [ RunTime:0.004146s ]
INFO: [ app_end ] --END-- [ RunTime:0.004284s ]

[ 2016-05-10T18:23:09+08:00 ] 10.0.2.2 /LanceLot/
INFO: [ app_init ] --START--
INFO: Run Behavior\BuildLiteBehavior [ RunTime:0.000020s ]
INFO: [ app_init ] --END-- [ RunTime:0.001359s ]
INFO: [ app_begin ] --START--
INFO: Run Behavior\ReadHtmlCacheBehavior [ RunTime:0.002821s ]
INFO: [ app_begin ] --END-- [ RunTime:0.003014s ]
SQL: SHOW COLUMNS FROM `ll_ppt` [ RunTime:0.000343s ]
SQL: SELECT * FROM `ll_ppt` WHERE ( state=1 ) LIMIT 7   [ RunTime:0.000170s ]
SQL: SHOW COLUMNS FROM `ll_movie` [ RunTime:0.000306s ]
SQL: SHOW COLUMNS FROM `ll_movie_actor` [ RunTime:0.000808s ]
SQL: SHOW COLUMNS FROM `ll_actors` [ RunTime:0.000414s ]
SQL: SHOW COLUMNS FROM `ll_movie_type` [ RunTime:0.000255s ]
SQL: SHOW COLUMNS FROM `ll_type` [ RunTime:0.000273s ]
SQL: SELECT * FROM `ll_movie` WHERE ( id=38 )  [ RunTime:0.000217s ]
SQL: SELECT `aid` FROM `ll_movie_actor` WHERE ( fid=38 ) LIMIT 2   [ RunTime:0.000116s ]
SQL: SELECT `cname` FROM `ll_actors` WHERE ( id=45 )  [ RunTime:0.000224s ]
SQL: SELECT `cname` FROM `ll_actors` WHERE ( id=44 )  [ RunTime:0.000170s ]
SQL: SELECT `tid` FROM `ll_movie_type` WHERE ( fid=38 )  [ RunTime:0.000324s ]
SQL: SELECT `typename` FROM `ll_type` WHERE ( fid=1 and id=38 )  [ RunTime:0.000043s ]
SQL: SELECT `typename` FROM `ll_type` WHERE ( fid=1 and id=93 )  [ RunTime:0.000084s ]
SQL: SELECT `typename` FROM `ll_type` WHERE ( fid=1 and id=1 )  [ RunTime:0.000084s ]
SQL: SELECT `typename` FROM `ll_type` WHERE ( fid=1 and id=7 )  [ RunTime:0.000084s ]
SQL: SELECT * FROM `ll_movie` WHERE ( id=39 )  [ RunTime:0.000113s ]
SQL: SELECT `aid` FROM `ll_movie_actor` WHERE ( fid=39 ) LIMIT 2   [ RunTime:0.000085s ]
SQL: SELECT `cname` FROM `ll_actors` WHERE ( id=47 )  [ RunTime:0.000000s ]
SQL: SELECT `cname` FROM `ll_actors` WHERE ( id=46 )  [ RunTime:0.000082s ]
SQL: SELECT `tid` FROM `ll_movie_type` WHERE ( fid=39 )  [ RunTime:0.000085s ]
SQL: SELECT `typename` FROM `ll_type` WHERE ( fid=1 and id=120 )  [ RunTime:0.000080s ]
SQL: SELECT `typename` FROM `ll_type` WHERE ( fid=1 and id=2 )  [ RunTime:0.000278s ]
SQL: SELECT `typename` FROM `ll_type` WHERE ( fid=1 and id=1 )  [ RunTime:0.000141s ]
SQL: SELECT `typename` FROM `ll_type` WHERE ( fid=1 and id=7 )  [ RunTime:0.000081s ]
SQL: SELECT `typename` FROM `ll_type` WHERE ( fid=1 and id=45 )  [ RunTime:0.000077s ]
SQL: SELECT * FROM `ll_movie` WHERE ( id=35 )  [ RunTime:0.000121s ]
SQL: SELECT `aid` FROM `ll_movie_actor` WHERE ( fid=35 ) LIMIT 2   [ RunTime:0.000129s ]
SQL: SELECT `cname` FROM `ll_actors` WHERE ( id=37 )  [ RunTime:0.000159s ]
SQL: SELECT `cname` FROM `ll_actors` WHERE ( id=36 )  [ RunTime:0.000210s ]
SQL: SELECT `tid` FROM `ll_movie_type` WHERE ( fid=35 )  [ RunTime:0.000240s ]
SQL: SELECT `typename` FROM `ll_type` WHERE ( fid=1 and id=55 )  [ RunTime:0.000175s ]
SQL: SELECT `typename` FROM `ll_type` WHERE ( fid=1 and id=75 )  [ RunTime:0.000248s ]
SQL: SELECT `typename` FROM `ll_type` WHERE ( fid=1 and id=2 )  [ RunTime:0.000146s ]
SQL: SELECT `typename` FROM `ll_type` WHERE ( fid=1 and id=7 )  [ RunTime:0.000103s ]
SQL: SELECT `typename` FROM `ll_type` WHERE ( fid=1 and id=6 )  [ RunTime:0.000092s ]
SQL: SELECT * FROM `ll_movie` WHERE ( id=34 )  [ RunTime:0.000001s ]
SQL: SELECT `aid` FROM `ll_movie_actor` WHERE ( fid=34 ) LIMIT 2   [ RunTime:0.000101s ]
SQL: SELECT `cname` FROM `ll_actors` WHERE ( id=33 )  [ RunTime:0.000088s ]
SQL: SELECT `cname` FROM `ll_actors` WHERE ( id=34 )  [ RunTime:0.000257s ]
SQL: SELECT `tid` FROM `ll_movie_type` WHERE ( fid=34 )  [ RunTime:0.000234s ]
SQL: SELECT `typename` FROM `ll_type` WHERE ( fid=1 and id=38 )  [ RunTime:0.000096s ]
SQL: SELECT `typename` FROM `ll_type` WHERE ( fid=1 and id=76 )  [ RunTime:0.000086s ]
SQL: SELECT `typename` FROM `ll_type` WHERE ( fid=1 and id=7 )  [ RunTime:0.000085s ]
SQL: SELECT * FROM `ll_movie` WHERE ( id=36 )  [ RunTime:0.000119s ]
SQL: SELECT `aid` FROM `ll_movie_actor` WHERE ( fid=36 ) LIMIT 2   [ RunTime:0.000147s ]
SQL: SELECT `cname` FROM `ll_actors` WHERE ( id=39 )  [ RunTime:0.000097s ]
SQL: SELECT `tid` FROM `ll_movie_type` WHERE ( fid=36 )  [ RunTime:0.000089s ]
SQL: SELECT `typename` FROM `ll_type` WHERE ( fid=1 and id=47 )  [ RunTime:0.000091s ]
SQL: SELECT `typename` FROM `ll_type` WHERE ( fid=1 and id=85 )  [ RunTime:0.000082s ]
SQL: SELECT `typename` FROM `ll_type` WHERE ( fid=1 and id=1 )  [ RunTime:0.000001s ]
SQL: SELECT `typename` FROM `ll_type` WHERE ( fid=1 and id=19 )  [ RunTime:0.000086s ]
SQL: SELECT `typename` FROM `ll_type` WHERE ( fid=1 and id=7 )  [ RunTime:0.000084s ]
SQL: SELECT * FROM `ll_movie` WHERE ( id=37 )  [ RunTime:0.000111s ]
SQL: SELECT `aid` FROM `ll_movie_actor` WHERE ( fid=37 ) LIMIT 2   [ RunTime:0.000000s ]
SQL: SELECT `cname` FROM `ll_actors` WHERE ( id=42 )  [ RunTime:0.000084s ]
SQL: SELECT `cname` FROM `ll_actors` WHERE ( id=41 )  [ RunTime:0.000104s ]
SQL: SELECT `tid` FROM `ll_movie_type` WHERE ( fid=37 )  [ RunTime:0.000083s ]
SQL: SELECT `typename` FROM `ll_type` WHERE ( fid=1 and id=41 )  [ RunTime:0.000080s ]
SQL: SELECT `typename` FROM `ll_type` WHERE ( fid=1 and id=120 )  [ RunTime:0.000082s ]
SQL: SELECT `typename` FROM `ll_type` WHERE ( fid=1 and id=1 )  [ RunTime:0.000081s ]
SQL: SELECT `typename` FROM `ll_type` WHERE ( fid=1 and id=7 )  [ RunTime:0.000202s ]
SQL: SELECT * FROM `ll_movie` WHERE ( id=31 )  [ RunTime:0.000133s ]
SQL: SELECT `aid` FROM `ll_movie_actor` WHERE ( fid=31 ) LIMIT 2   [ RunTime:0.000081s ]
SQL: SELECT `cname` FROM `ll_actors` WHERE ( id=27 )  [ RunTime:0.000083s ]
SQL: SELECT `cname` FROM `ll_actors` WHERE ( id=28 )  [ RunTime:0.000084s ]
SQL: SELECT `tid` FROM `ll_movie_type` WHERE ( fid=31 )  [ RunTime:0.000084s ]
SQL: SELECT `typename` FROM `ll_type` WHERE ( fid=1 and id=38 )  [ RunTime:0.000018s ]
SQL: SELECT `typename` FROM `ll_type` WHERE ( fid=1 and id=98 )  [ RunTime:0.000039s ]
SQL: SELECT `typename` FROM `ll_type` WHERE ( fid=1 and id=124 )  [ RunTime:0.000110s ]
SQL: SELECT `typename` FROM `ll_type` WHERE ( fid=1 and id=126 )  [ RunTime:0.000082s ]
SQL: SELECT `typename` FROM `ll_type` WHERE ( fid=1 and id=1 )  [ RunTime:0.000080s ]
SQL: SELECT `typename` FROM `ll_type` WHERE ( fid=1 and id=7 )  [ RunTime:0.000245s ]
SQL: select r.id,r.fid,r.uid,r.title,r.content,u.username,m.filmname,m.picname
                            from ll_longreview r,ll_movie m,ll_user u
                            where r.status in(1,2) and r.fid=m.id and r.uid=u.id
                            order by r.rnum desc limit 0,5 [ RunTime:0.000299s ]
SQL: SHOW COLUMNS FROM `ll_dialogue` [ RunTime:0.000250s ]
SQL: SELECT COUNT(*) AS tp_count FROM `ll_dialogue` WHERE ( status=1 ) LIMIT 1   [ RunTime:0.000106s ]
SQL: SELECT * FROM `ll_dialogue` WHERE ( status=1 )  [ RunTime:0.000104s ]
SQL: SHOW COLUMNS FROM `ll_type` [ RunTime:0.000480s ]
SQL: SELECT * FROM `ll_type` WHERE ( fid=1 ) ORDER BY id LIMIT 30   [ RunTime:0.000233s ]
SQL: SHOW COLUMNS FROM `ll_friendlink` [ RunTime:0.000262s ]
SQL: SELECT * FROM `ll_friendlink`  [ RunTime:0.000101s ]
SQL: SELECT `id`,`filmname`,`picname`,`rate` FROM `ll_movie` ORDER BY id asc LIMIT 0,4   [ RunTime:0.000100s ]
SQL: SELECT `id`,`filmname`,`picname`,`rate` FROM `ll_movie` ORDER BY id asc LIMIT 4,4   [ RunTime:0.000103s ]
SQL: SELECT `id`,`filmname`,`picname` FROM `ll_movie` ORDER BY addtime desc LIMIT 10   [ RunTime:0.000128s ]
SQL: SELECT `id`,`filmname`,`replynum` FROM `ll_movie` ORDER BY replynum desc LIMIT 10   [ RunTime:0.000106s ]
SQL: SELECT `id`,`filmname`,`picname`,`clicknum` FROM `ll_movie` ORDER BY clicknum desc LIMIT 8   [ RunTime:0.000225s ]
INFO: [ view_parse ] --START--
INFO: [ template_filter ] --START--
INFO: Run Behavior\ContentReplaceBehavior [ RunTime:0.000578s ]
INFO: [ template_filter ] --END-- [ RunTime:0.000652s ]
NOTIC: [8] Undefined index: loginuser /var/www/html/LanceLot/Application/Runtime/Cache/Home/2a94b8bda04ff446dcedd42276fc99ee.php 第 203 行.
NOTIC: [8] Undefined offset: 1 /var/www/html/LanceLot/Application/Runtime/Cache/Home/2a94b8bda04ff446dcedd42276fc99ee.php 第 274 行.
INFO: Run Behavior\ParseTemplateBehavior [ RunTime:0.053146s ]
INFO: [ view_parse ] --END-- [ RunTime:0.053208s ]
INFO: [ view_filter ] --START--
INFO: Run Behavior\WriteHtmlCacheBehavior [ RunTime:0.002185s ]
INFO: [ view_filter ] --END-- [ RunTime:0.002235s ]
INFO: [ app_end ] --START--
INFO: Run Behavior\ShowPageTraceBehavior [ RunTime:0.018313s ]
INFO: [ app_end ] --END-- [ RunTime:0.018403s ]

[ 2016-05-10T18:23:25+08:00 ] 10.0.2.2 /LanceLot/
INFO: [ app_init ] --START--
INFO: Run Behavior\BuildLiteBehavior [ RunTime:0.000024s ]
INFO: [ app_init ] --END-- [ RunTime:0.002083s ]
INFO: [ app_begin ] --START--
INFO: Run Behavior\ReadHtmlCacheBehavior [ RunTime:0.002228s ]
INFO: [ app_begin ] --END-- [ RunTime:0.002296s ]
SQL: SHOW COLUMNS FROM `ll_ppt` [ RunTime:0.000265s ]
SQL: SELECT * FROM `ll_ppt` WHERE ( state=1 ) LIMIT 7   [ RunTime:0.000176s ]
SQL: SHOW COLUMNS FROM `ll_movie` [ RunTime:0.000429s ]
SQL: SHOW COLUMNS FROM `ll_movie_actor` [ RunTime:0.000138s ]
SQL: SHOW COLUMNS FROM `ll_actors` [ RunTime:0.000464s ]
SQL: SHOW COLUMNS FROM `ll_movie_type` [ RunTime:0.000520s ]
SQL: SHOW COLUMNS FROM `ll_type` [ RunTime:0.000233s ]
SQL: SELECT * FROM `ll_movie` WHERE ( id=38 )  [ RunTime:0.000171s ]
SQL: SELECT `aid` FROM `ll_movie_actor` WHERE ( fid=38 ) LIMIT 2   [ RunTime:0.000120s ]
SQL: SELECT `cname` FROM `ll_actors` WHERE ( id=45 )  [ RunTime:0.000082s ]
SQL: SELECT `cname` FROM `ll_actors` WHERE ( id=44 )  [ RunTime:0.000091s ]
SQL: SELECT `tid` FROM `ll_movie_type` WHERE ( fid=38 )  [ RunTime:0.000084s ]
SQL: SELECT `typename` FROM `ll_type` WHERE ( fid=1 and id=38 )  [ RunTime:0.000082s ]
SQL: SELECT `typename` FROM `ll_type` WHERE ( fid=1 and id=93 )  [ RunTime:0.000085s ]
SQL: SELECT `typename` FROM `ll_type` WHERE ( fid=1 and id=1 )  [ RunTime:0.000080s ]
SQL: SELECT `typename` FROM `ll_type` WHERE ( fid=1 and id=7 )  [ RunTime:0.000081s ]
SQL: SELECT * FROM `ll_movie` WHERE ( id=39 )  [ RunTime:0.000103s ]
SQL: SELECT `aid` FROM `ll_movie_actor` WHERE ( fid=39 ) LIMIT 2   [ RunTime:0.000099s ]
SQL: SELECT `cname` FROM `ll_actors` WHERE ( id=47 )  [ RunTime:0.000077s ]
SQL: SELECT `cname` FROM `ll_actors` WHERE ( id=46 )  [ RunTime:0.000075s ]
SQL: SELECT `tid` FROM `ll_movie_type` WHERE ( fid=39 )  [ RunTime:0.000000s ]
SQL: SELECT `typename` FROM `ll_type` WHERE ( fid=1 and id=120 )  [ RunTime:0.000007s ]
SQL: SELECT `typename` FROM `ll_type` WHERE ( fid=1 and id=2 )  [ RunTime:0.000079s ]
SQL: SELECT `typename` FROM `ll_type` WHERE ( fid=1 and id=1 )  [ RunTime:0.000076s ]
SQL: SELECT `typename` FROM `ll_type` WHERE ( fid=1 and id=7 )  [ RunTime:0.000579s ]
SQL: SELECT `typename` FROM `ll_type` WHERE ( fid=1 and id=45 )  [ RunTime:0.000194s ]
SQL: SELECT * FROM `ll_movie` WHERE ( id=35 )  [ RunTime:0.000174s ]
SQL: SELECT `aid` FROM `ll_movie_actor` WHERE ( fid=35 ) LIMIT 2   [ RunTime:0.000075s ]
SQL: SELECT `cname` FROM `ll_actors` WHERE ( id=37 )  [ RunTime:0.000074s ]
SQL: SELECT `cname` FROM `ll_actors` WHERE ( id=36 )  [ RunTime:0.000081s ]
SQL: SELECT `tid` FROM `ll_movie_type` WHERE ( fid=35 )  [ RunTime:0.000078s ]
SQL: SELECT `typename` FROM `ll_type` WHERE ( fid=1 and id=55 )  [ RunTime:0.000027s ]
SQL: SELECT `typename` FROM `ll_type` WHERE ( fid=1 and id=75 )  [ RunTime:0.000074s ]
SQL: SELECT `typename` FROM `ll_type` WHERE ( fid=1 and id=2 )  [ RunTime:0.000096s ]
SQL: SELECT `typename` FROM `ll_type` WHERE ( fid=1 and id=7 )  [ RunTime:0.000075s ]
SQL: SELECT `typename` FROM `ll_type` WHERE ( fid=1 and id=6 )  [ RunTime:0.000074s ]
SQL: SELECT * FROM `ll_movie` WHERE ( id=34 )  [ RunTime:0.000105s ]
SQL: SELECT `aid` FROM `ll_movie_actor` WHERE ( fid=34 ) LIMIT 2   [ RunTime:0.000094s ]
SQL: SELECT `cname` FROM `ll_actors` WHERE ( id=33 )  [ RunTime:0.000089s ]
SQL: SELECT `cname` FROM `ll_actors` WHERE ( id=34 )  [ RunTime:0.000077s ]
SQL: SELECT `tid` FROM `ll_movie_type` WHERE ( fid=34 )  [ RunTime:0.000126s ]
SQL: SELECT `typename` FROM `ll_type` WHERE ( fid=1 and id=38 )  [ RunTime:0.000078s ]
SQL: SELECT `typename` FROM `ll_type` WHERE ( fid=1 and id=76 )  [ RunTime:0.000011s ]
SQL: SELECT `typename` FROM `ll_type` WHERE ( fid=1 and id=7 )  [ RunTime:0.000000s ]
SQL: SELECT * FROM `ll_movie` WHERE ( id=36 )  [ RunTime:0.000139s ]
SQL: SELECT `aid` FROM `ll_movie_actor` WHERE ( fid=36 ) LIMIT 2   [ RunTime:0.000075s ]
SQL: SELECT `cname` FROM `ll_actors` WHERE ( id=39 )  [ RunTime:0.000074s ]
SQL: SELECT `tid` FROM `ll_movie_type` WHERE ( fid=36 )  [ RunTime:0.000255s ]
SQL: SELECT `typename` FROM `ll_type` WHERE ( fid=1 and id=47 )  [ RunTime:0.000186s ]
SQL: SELECT `typename` FROM `ll_type` WHERE ( fid=1 and id=85 )  [ RunTime:0.000076s ]
SQL: SELECT `typename` FROM `ll_type` WHERE ( fid=1 and id=1 )  [ RunTime:0.000077s ]
SQL: SELECT `typename` FROM `ll_type` WHERE ( fid=1 and id=19 )  [ RunTime:0.000116s ]
SQL: SELECT `typename` FROM `ll_type` WHERE ( fid=1 and id=7 )  [ RunTime:0.000077s ]
SQL: SELECT * FROM `ll_movie` WHERE ( id=37 )  [ RunTime:0.000069s ]
SQL: SELECT `aid` FROM `ll_movie_actor` WHERE ( fid=37 ) LIMIT 2   [ RunTime:0.000079s ]
SQL: SELECT `cname` FROM `ll_actors` WHERE ( id=42 )  [ RunTime:0.000098s ]
SQL: SELECT `cname` FROM `ll_actors` WHERE ( id=41 )  [ RunTime:0.000076s ]
SQL: SELECT `tid` FROM `ll_movie_type` WHERE ( fid=37 )  [ RunTime:0.000079s ]
SQL: SELECT `typename` FROM `ll_type` WHERE ( fid=1 and id=41 )  [ RunTime:0.000079s ]
SQL: SELECT `typename` FROM `ll_type` WHERE ( fid=1 and id=120 )  [ RunTime:0.000075s ]
SQL: SELECT `typename` FROM `ll_type` WHERE ( fid=1 and id=1 )  [ RunTime:0.000095s ]
SQL: SELECT `typename` FROM `ll_type` WHERE ( fid=1 and id=7 )  [ RunTime:0.000077s ]
SQL: SELECT * FROM `ll_movie` WHERE ( id=31 )  [ RunTime:0.000103s ]
SQL: SELECT `aid` FROM `ll_movie_actor` WHERE ( fid=31 ) LIMIT 2   [ RunTime:0.000110s ]
SQL: SELECT `cname` FROM `ll_actors` WHERE ( id=27 )  [ RunTime:0.000078s ]
SQL: SELECT `cname` FROM `ll_actors` WHERE ( id=28 )  [ RunTime:0.000000s ]
SQL: SELECT `tid` FROM `ll_movie_type` WHERE ( fid=31 )  [ RunTime:0.000026s ]
SQL: SELECT `typename` FROM `ll_type` WHERE ( fid=1 and id=38 )  [ RunTime:0.000077s ]
SQL: SELECT `typename` FROM `ll_type` WHERE ( fid=1 and id=98 )  [ RunTime:0.000075s ]
SQL: SELECT `typename` FROM `ll_type` WHERE ( fid=1 and id=124 )  [ RunTime:0.000077s ]
SQL: SELECT `typename` FROM `ll_type` WHERE ( fid=1 and id=126 )  [ RunTime:0.000272s ]
SQL: SELECT `typename` FROM `ll_type` WHERE ( fid=1 and id=1 )  [ RunTime:0.000184s ]
SQL: SELECT `typename` FROM `ll_type` WHERE ( fid=1 and id=7 )  [ RunTime:0.000170s ]
SQL: select r.id,r.fid,r.uid,r.title,r.content,u.username,m.filmname,m.picname
                            from ll_longreview r,ll_movie m,ll_user u
                            where r.status in(1,2) and r.fid=m.id and r.uid=u.id
                            order by r.rnum desc limit 0,5 [ RunTime:0.000443s ]
SQL: SHOW COLUMNS FROM `ll_dialogue` [ RunTime:0.000125s ]
SQL: SELECT COUNT(*) AS tp_count FROM `ll_dialogue` WHERE ( status=1 ) LIMIT 1   [ RunTime:0.000136s ]
SQL: SELECT * FROM `ll_dialogue` WHERE ( status=1 )  [ RunTime:0.000332s ]
SQL: SHOW COLUMNS FROM `ll_type` [ RunTime:0.000831s ]
SQL: SELECT * FROM `ll_type` WHERE ( fid=1 ) ORDER BY id LIMIT 30   [ RunTime:0.000415s ]
SQL: SHOW COLUMNS FROM `ll_friendlink` [ RunTime:0.000347s ]
SQL: SELECT * FROM `ll_friendlink`  [ RunTime:0.000103s ]
SQL: SELECT `id`,`filmname`,`picname`,`rate` FROM `ll_movie` ORDER BY id asc LIMIT 0,4   [ RunTime:0.000108s ]
SQL: SELECT `id`,`filmname`,`picname`,`rate` FROM `ll_movie` ORDER BY id asc LIMIT 4,4   [ RunTime:0.000103s ]
SQL: SELECT `id`,`filmname`,`picname` FROM `ll_movie` ORDER BY addtime desc LIMIT 10   [ RunTime:0.000108s ]
SQL: SELECT `id`,`filmname`,`replynum` FROM `ll_movie` ORDER BY replynum desc LIMIT 10   [ RunTime:0.000104s ]
SQL: SELECT `id`,`filmname`,`picname`,`clicknum` FROM `ll_movie` ORDER BY clicknum desc LIMIT 8   [ RunTime:0.000068s ]
INFO: [ view_parse ] --START--
INFO: [ template_filter ] --START--
INFO: Run Behavior\ContentReplaceBehavior [ RunTime:0.000246s ]
INFO: [ template_filter ] --END-- [ RunTime:0.000310s ]
NOTIC: [8] Undefined index: loginuser /var/www/html/LanceLot/Application/Runtime/Cache/Home/2a94b8bda04ff446dcedd42276fc99ee.php 第 203 行.
NOTIC: [8] Undefined offset: 1 /var/www/html/LanceLot/Application/Runtime/Cache/Home/2a94b8bda04ff446dcedd42276fc99ee.php 第 274 行.
INFO: Run Behavior\ParseTemplateBehavior [ RunTime:0.055279s ]
INFO: [ view_parse ] --END-- [ RunTime:0.055344s ]
INFO: [ view_filter ] --START--
INFO: Run Behavior\WriteHtmlCacheBehavior [ RunTime:0.003387s ]
INFO: [ view_filter ] --END-- [ RunTime:0.003506s ]
INFO: [ app_end ] --START--
INFO: Run Behavior\ShowPageTraceBehavior [ RunTime:0.003944s ]
INFO: [ app_end ] --END-- [ RunTime:0.004100s ]

[ 2016-05-10T18:23:59+08:00 ] 10.0.2.2 /LanceLot/
INFO: [ app_init ] --START--
INFO: Run Behavior\BuildLiteBehavior [ RunTime:0.000019s ]
INFO: [ app_init ] --END-- [ RunTime:0.001918s ]
INFO: [ app_begin ] --START--
INFO: Run Behavior\ReadHtmlCacheBehavior [ RunTime:0.002666s ]
INFO: [ app_begin ] --END-- [ RunTime:0.002750s ]
SQL: SHOW COLUMNS FROM `ll_ppt` [ RunTime:0.000385s ]
SQL: SELECT * FROM `ll_ppt` WHERE ( state=1 ) LIMIT 7   [ RunTime:0.000126s ]
SQL: SHOW COLUMNS FROM `ll_movie` [ RunTime:0.000442s ]
SQL: SHOW COLUMNS FROM `ll_movie_actor` [ RunTime:0.000289s ]
SQL: SHOW COLUMNS FROM `ll_actors` [ RunTime:0.000972s ]
SQL: SHOW COLUMNS FROM `ll_movie_type` [ RunTime:0.000329s ]
SQL: SHOW COLUMNS FROM `ll_type` [ RunTime:0.000500s ]
SQL: SELECT * FROM `ll_movie` WHERE ( id=38 )  [ RunTime:0.000568s ]
SQL: SELECT `aid` FROM `ll_movie_actor` WHERE ( fid=38 ) LIMIT 2   [ RunTime:0.000111s ]
SQL: SELECT `cname` FROM `ll_actors` WHERE ( id=45 )  [ RunTime:0.000091s ]
SQL: SELECT `cname` FROM `ll_actors` WHERE ( id=44 )  [ RunTime:0.000087s ]
SQL: SELECT `tid` FROM `ll_movie_type` WHERE ( fid=38 )  [ RunTime:0.000088s ]
SQL: SELECT `typename` FROM `ll_type` WHERE ( fid=1 and id=38 )  [ RunTime:0.000000s ]
SQL: SELECT `typename` FROM `ll_type` WHERE ( fid=1 and id=93 )  [ RunTime:0.000078s ]
SQL: SELECT `typename` FROM `ll_type` WHERE ( fid=1 and id=1 )  [ RunTime:0.000090s ]
SQL: SELECT `typename` FROM `ll_type` WHERE ( fid=1 and id=7 )  [ RunTime:0.000094s ]
SQL: SELECT * FROM `ll_movie` WHERE ( id=39 )  [ RunTime:0.000288s ]
SQL: SELECT `aid` FROM `ll_movie_actor` WHERE ( fid=39 ) LIMIT 2   [ RunTime:0.000254s ]
SQL: SELECT `cname` FROM `ll_actors` WHERE ( id=47 )  [ RunTime:0.000118s ]
SQL: SELECT `cname` FROM `ll_actors` WHERE ( id=46 )  [ RunTime:0.000088s ]
SQL: SELECT `tid` FROM `ll_movie_type` WHERE ( fid=39 )  [ RunTime:0.000091s ]
SQL: SELECT `typename` FROM `ll_type` WHERE ( fid=1 and id=120 )  [ RunTime:0.000091s ]
SQL: SELECT `typename` FROM `ll_type` WHERE ( fid=1 and id=2 )  [ RunTime:0.000085s ]
SQL: SELECT `typename` FROM `ll_type` WHERE ( fid=1 and id=1 )  [ RunTime:0.000084s ]
SQL: SELECT `typename` FROM `ll_type` WHERE ( fid=1 and id=7 )  [ RunTime:0.000000s ]
SQL: SELECT `typename` FROM `ll_type` WHERE ( fid=1 and id=45 )  [ RunTime:0.000013s ]
SQL: SELECT * FROM `ll_movie` WHERE ( id=35 )  [ RunTime:0.000116s ]
SQL: SELECT `aid` FROM `ll_movie_actor` WHERE ( fid=35 ) LIMIT 2   [ RunTime:0.000084s ]
SQL: SELECT `cname` FROM `ll_actors` WHERE ( id=37 )  [ RunTime:0.000271s ]
SQL: SELECT `cname` FROM `ll_actors` WHERE ( id=36 )  [ RunTime:0.000167s ]
SQL: SELECT `tid` FROM `ll_movie_type` WHERE ( fid=35 )  [ RunTime:0.000097s ]
SQL: SELECT `typename` FROM `ll_type` WHERE ( fid=1 and id=55 )  [ RunTime:0.000093s ]
SQL: SELECT `typename` FROM `ll_type` WHERE ( fid=1 and id=75 )  [ RunTime:0.000098s ]
SQL: SELECT `typename` FROM `ll_type` WHERE ( fid=1 and id=2 )  [ RunTime:0.000088s ]
SQL: SELECT `typename` FROM `ll_type` WHERE ( fid=1 and id=7 )  [ RunTime:0.000130s ]
SQL: SELECT `typename` FROM `ll_type` WHERE ( fid=1 and id=6 )  [ RunTime:0.000078s ]
SQL: SELECT * FROM `ll_movie` WHERE ( id=34 )  [ RunTime:0.000256s ]
SQL: SELECT `aid` FROM `ll_movie_actor` WHERE ( fid=34 ) LIMIT 2   [ RunTime:0.000683s ]
SQL: SELECT `cname` FROM `ll_actors` WHERE ( id=33 )  [ RunTime:0.000269s ]
SQL: SELECT `cname` FROM `ll_actors` WHERE ( id=34 )  [ RunTime:0.000175s ]
SQL: SELECT `tid` FROM `ll_movie_type` WHERE ( fid=34 )  [ RunTime:0.000108s ]
SQL: SELECT `typename` FROM `ll_type` WHERE ( fid=1 and id=38 )  [ RunTime:0.000040s ]
SQL: SELECT `typename` FROM `ll_type` WHERE ( fid=1 and id=76 )  [ RunTime:0.000140s ]
SQL: SELECT `typename` FROM `ll_type` WHERE ( fid=1 and id=7 )  [ RunTime:0.000117s ]
SQL: SELECT * FROM `ll_movie` WHERE ( id=36 )  [ RunTime:0.000054s ]
SQL: SELECT `aid` FROM `ll_movie_actor` WHERE ( fid=36 ) LIMIT 2   [ RunTime:0.000097s ]
SQL: SELECT `cname` FROM `ll_actors` WHERE ( id=39 )  [ RunTime:0.000090s ]
SQL: SELECT `tid` FROM `ll_movie_type` WHERE ( fid=36 )  [ RunTime:0.000090s ]
SQL: SELECT `typename` FROM `ll_type` WHERE ( fid=1 and id=47 )  [ RunTime:0.000083s ]
SQL: SELECT `typename` FROM `ll_type` WHERE ( fid=1 and id=85 )  [ RunTime:0.000085s ]
SQL: SELECT `typename` FROM `ll_type` WHERE ( fid=1 and id=1 )  [ RunTime:0.000086s ]
SQL: SELECT `typename` FROM `ll_type` WHERE ( fid=1 and id=19 )  [ RunTime:0.000206s ]
SQL: SELECT `typename` FROM `ll_type` WHERE ( fid=1 and id=7 )  [ RunTime:0.000099s ]
SQL: SELECT * FROM `ll_movie` WHERE ( id=37 )  [ RunTime:0.000114s ]
SQL: SELECT `aid` FROM `ll_movie_actor` WHERE ( fid=37 ) LIMIT 2   [ RunTime:0.000086s ]
SQL: SELECT `cname` FROM `ll_actors` WHERE ( id=42 )  [ RunTime:0.000088s ]
SQL: SELECT `cname` FROM `ll_actors` WHERE ( id=41 )  [ RunTime:0.000100s ]
SQL: SELECT `tid` FROM `ll_movie_type` WHERE ( fid=37 )  [ RunTime:0.000654s ]
SQL: SELECT `typename` FROM `ll_type` WHERE ( fid=1 and id=41 )  [ RunTime:0.000524s ]
SQL: SELECT `typename` FROM `ll_type` WHERE ( fid=1 and id=120 )  [ RunTime:0.000215s ]
SQL: SELECT `typename` FROM `ll_type` WHERE ( fid=1 and id=1 )  [ RunTime:0.000170s ]
SQL: SELECT `typename` FROM `ll_type` WHERE ( fid=1 and id=7 )  [ RunTime:0.000091s ]
SQL: SELECT * FROM `ll_movie` WHERE ( id=31 )  [ RunTime:0.000122s ]
SQL: SELECT `aid` FROM `ll_movie_actor` WHERE ( fid=31 ) LIMIT 2   [ RunTime:0.000000s ]
SQL: SELECT `cname` FROM `ll_actors` WHERE ( id=27 )  [ RunTime:0.000114s ]
SQL: SELECT `cname` FROM `ll_actors` WHERE ( id=28 )  [ RunTime:0.000086s ]
SQL: SELECT `tid` FROM `ll_movie_type` WHERE ( fid=31 )  [ RunTime:0.000090s ]
SQL: SELECT `typename` FROM `ll_type` WHERE ( fid=1 and id=38 )  [ RunTime:0.000290s ]
SQL: SELECT `typename` FROM `ll_type` WHERE ( fid=1 and id=98 )  [ RunTime:0.000244s ]
SQL: SELECT `typename` FROM `ll_type` WHERE ( fid=1 and id=124 )  [ RunTime:0.000133s ]
SQL: SELECT `typename` FROM `ll_type` WHERE ( fid=1 and id=126 )  [ RunTime:0.000100s ]
SQL: SELECT `typename` FROM `ll_type` WHERE ( fid=1 and id=1 )  [ RunTime:0.000088s ]
SQL: SELECT `typename` FROM `ll_type` WHERE ( fid=1 and id=7 )  [ RunTime:0.000099s ]
SQL: select r.id,r.fid,r.uid,r.title,r.content,u.username,m.filmname,m.picname
                            from ll_longreview r,ll_movie m,ll_user u
                            where r.status in(1,2) and r.fid=m.id and r.uid=u.id
                            order by r.rnum desc limit 0,5 [ RunTime:0.000256s ]
SQL: SHOW COLUMNS FROM `ll_dialogue` [ RunTime:0.000385s ]
SQL: SELECT COUNT(*) AS tp_count FROM `ll_dialogue` WHERE ( status=1 ) LIMIT 1   [ RunTime:0.000139s ]
SQL: SELECT * FROM `ll_dialogue` WHERE ( status=1 )  [ RunTime:0.000110s ]
SQL: SHOW COLUMNS FROM `ll_type` [ RunTime:0.000299s ]
SQL: SELECT * FROM `ll_type` WHERE ( fid=1 ) ORDER BY id LIMIT 30   [ RunTime:0.000188s ]
SQL: SHOW COLUMNS FROM `ll_friendlink` [ RunTime:0.000838s ]
SQL: SELECT * FROM `ll_friendlink`  [ RunTime:0.000249s ]
SQL: SELECT `id`,`filmname`,`picname`,`rate` FROM `ll_movie` ORDER BY id asc LIMIT 0,4   [ RunTime:0.000201s ]
SQL: SELECT `id`,`filmname`,`picname`,`rate` FROM `ll_movie` ORDER BY id asc LIMIT 4,4   [ RunTime:0.000155s ]
SQL: SELECT `id`,`filmname`,`picname` FROM `ll_movie` ORDER BY addtime desc LIMIT 10   [ RunTime:0.000161s ]
SQL: SELECT `id`,`filmname`,`replynum` FROM `ll_movie` ORDER BY replynum desc LIMIT 10   [ RunTime:0.000237s ]
SQL: SELECT `id`,`filmname`,`picname`,`clicknum` FROM `ll_movie` ORDER BY clicknum desc LIMIT 8   [ RunTime:0.000125s ]
INFO: [ view_parse ] --START--
INFO: [ template_filter ] --START--
INFO: Run Behavior\ContentReplaceBehavior [ RunTime:0.000090s ]
INFO: [ template_filter ] --END-- [ RunTime:0.000327s ]
NOTIC: [8] Undefined index: loginuser /var/www/html/LanceLot/Application/Runtime/Cache/Home/2a94b8bda04ff446dcedd42276fc99ee.php 第 203 行.
NOTIC: [8] Undefined offset: 1 /var/www/html/LanceLot/Application/Runtime/Cache/Home/2a94b8bda04ff446dcedd42276fc99ee.php 第 274 行.
INFO: Run Behavior\ParseTemplateBehavior [ RunTime:0.050360s ]
INFO: [ view_parse ] --END-- [ RunTime:0.050439s ]
INFO: [ view_filter ] --START--
INFO: Run Behavior\WriteHtmlCacheBehavior [ RunTime:0.001893s ]
INFO: [ view_filter ] --END-- [ RunTime:0.001938s ]
INFO: [ app_end ] --START--
INFO: Run Behavior\ShowPageTraceBehavior [ RunTime:0.004607s ]
INFO: [ app_end ] --END-- [ RunTime:0.004795s ]

