[ 2016-05-12T13:49:29+08:00 ] 10.0.2.2 /LanceLot/index.php
INFO: [ app_init ] --START--
INFO: Run Behavior\BuildLiteBehavior [ RunTime:0.000024s ]
INFO: [ app_init ] --END-- [ RunTime:0.003719s ]
INFO: [ app_begin ] --START--
INFO: Run Behavior\ReadHtmlCacheBehavior [ RunTime:0.004664s ]
INFO: [ app_begin ] --END-- [ RunTime:0.004863s ]
SQL: SHOW COLUMNS FROM `ll_ppt` [ RunTime:0.018892s ]
SQL: SELECT * FROM `ll_ppt` WHERE ( state=1 ) LIMIT 7   [ RunTime:0.008138s ]
SQL: SHOW COLUMNS FROM `ll_movie` [ RunTime:0.001329s ]
SQL: SHOW COLUMNS FROM `ll_movie_actor` [ RunTime:0.001814s ]
SQL: SHOW COLUMNS FROM `ll_actors` [ RunTime:0.011087s ]
SQL: SHOW COLUMNS FROM `ll_movie_type` [ RunTime:0.002848s ]
SQL: SHOW COLUMNS FROM `ll_type` [ RunTime:0.006448s ]
SQL: SELECT * FROM `ll_movie` WHERE ( id=38 )  [ RunTime:0.011954s ]
SQL: SELECT `aid` FROM `ll_movie_actor` WHERE ( fid=38 ) LIMIT 2   [ RunTime:0.000412s ]
SQL: SELECT `cname` FROM `ll_actors` WHERE ( id=45 )  [ RunTime:0.001759s ]
SQL: SELECT `cname` FROM `ll_actors` WHERE ( id=44 )  [ RunTime:0.000473s ]
SQL: SELECT `tid` FROM `ll_movie_type` WHERE ( fid=38 )  [ RunTime:0.003484s ]
SQL: SELECT `typename` FROM `ll_type` WHERE ( fid=1 and id=38 )  [ RunTime:0.008673s ]
SQL: SELECT `typename` FROM `ll_type` WHERE ( fid=1 and id=93 )  [ RunTime:0.000143s ]
SQL: SELECT `typename` FROM `ll_type` WHERE ( fid=1 and id=1 )  [ RunTime:0.000078s ]
SQL: SELECT `typename` FROM `ll_type` WHERE ( fid=1 and id=7 )  [ RunTime:0.000087s ]
SQL: SELECT * FROM `ll_movie` WHERE ( id=39 )  [ RunTime:0.000126s ]
SQL: SELECT `aid` FROM `ll_movie_actor` WHERE ( fid=39 ) LIMIT 2   [ RunTime:0.000093s ]
SQL: SELECT `cname` FROM `ll_actors` WHERE ( id=47 )  [ RunTime:0.000084s ]
SQL: SELECT `cname` FROM `ll_actors` WHERE ( id=46 )  [ RunTime:0.000082s ]
SQL: SELECT `tid` FROM `ll_movie_type` WHERE ( fid=39 )  [ RunTime:0.000094s ]
SQL: SELECT `typename` FROM `ll_type` WHERE ( fid=1 and id=120 )  [ RunTime:0.000082s ]
SQL: SELECT `typename` FROM `ll_type` WHERE ( fid=1 and id=2 )  [ RunTime:0.000063s ]
SQL: SELECT `typename` FROM `ll_type` WHERE ( fid=1 and id=1 )  [ RunTime:0.000085s ]
SQL: SELECT `typename` FROM `ll_type` WHERE ( fid=1 and id=7 )  [ RunTime:0.000082s ]
SQL: SELECT `typename` FROM `ll_type` WHERE ( fid=1 and id=45 )  [ RunTime:0.000000s ]
SQL: SELECT * FROM `ll_movie` WHERE ( id=35 )  [ RunTime:0.014708s ]
SQL: SELECT `aid` FROM `ll_movie_actor` WHERE ( fid=35 ) LIMIT 2   [ RunTime:0.000430s ]
SQL: SELECT `cname` FROM `ll_actors` WHERE ( id=37 )  [ RunTime:0.000876s ]
SQL: SELECT `cname` FROM `ll_actors` WHERE ( id=36 )  [ RunTime:0.000604s ]
SQL: SELECT `tid` FROM `ll_movie_type` WHERE ( fid=35 )  [ RunTime:0.000130s ]
SQL: SELECT `typename` FROM `ll_type` WHERE ( fid=1 and id=55 )  [ RunTime:0.000100s ]
SQL: SELECT `typename` FROM `ll_type` WHERE ( fid=1 and id=75 )  [ RunTime:0.000001s ]
SQL: SELECT `typename` FROM `ll_type` WHERE ( fid=1 and id=2 )  [ RunTime:0.000072s ]
SQL: SELECT `typename` FROM `ll_type` WHERE ( fid=1 and id=7 )  [ RunTime:0.000088s ]
SQL: SELECT `typename` FROM `ll_type` WHERE ( fid=1 and id=6 )  [ RunTime:0.000090s ]
SQL: SELECT * FROM `ll_movie` WHERE ( id=34 )  [ RunTime:0.001164s ]
SQL: SELECT `aid` FROM `ll_movie_actor` WHERE ( fid=34 ) LIMIT 2   [ RunTime:0.000110s ]
SQL: SELECT `cname` FROM `ll_actors` WHERE ( id=33 )  [ RunTime:0.000541s ]
SQL: SELECT `cname` FROM `ll_actors` WHERE ( id=34 )  [ RunTime:0.000090s ]
SQL: SELECT `tid` FROM `ll_movie_type` WHERE ( fid=34 )  [ RunTime:0.000097s ]
SQL: SELECT `typename` FROM `ll_type` WHERE ( fid=1 and id=38 )  [ RunTime:0.000085s ]
SQL: SELECT `typename` FROM `ll_type` WHERE ( fid=1 and id=76 )  [ RunTime:0.000086s ]
SQL: SELECT `typename` FROM `ll_type` WHERE ( fid=1 and id=7 )  [ RunTime:0.000085s ]
SQL: SELECT * FROM `ll_movie` WHERE ( id=36 )  [ RunTime:0.000114s ]
SQL: SELECT `aid` FROM `ll_movie_actor` WHERE ( fid=36 ) LIMIT 2   [ RunTime:0.000086s ]
SQL: SELECT `cname` FROM `ll_actors` WHERE ( id=39 )  [ RunTime:0.000083s ]
SQL: SELECT `tid` FROM `ll_movie_type` WHERE ( fid=36 )  [ RunTime:0.000000s ]
SQL: SELECT `typename` FROM `ll_type` WHERE ( fid=1 and id=47 )  [ RunTime:0.000024s ]
SQL: SELECT `typename` FROM `ll_type` WHERE ( fid=1 and id=85 )  [ RunTime:0.000083s ]
SQL: SELECT `typename` FROM `ll_type` WHERE ( fid=1 and id=1 )  [ RunTime:0.000083s ]
SQL: SELECT `typename` FROM `ll_type` WHERE ( fid=1 and id=19 )  [ RunTime:0.000273s ]
SQL: SELECT `typename` FROM `ll_type` WHERE ( fid=1 and id=7 )  [ RunTime:0.000166s ]
SQL: SELECT * FROM `ll_movie` WHERE ( id=37 )  [ RunTime:0.000112s ]
SQL: SELECT `aid` FROM `ll_movie_actor` WHERE ( fid=37 ) LIMIT 2   [ RunTime:0.000082s ]
SQL: SELECT `cname` FROM `ll_actors` WHERE ( id=42 )  [ RunTime:0.000085s ]
SQL: SELECT `cname` FROM `ll_actors` WHERE ( id=41 )  [ RunTime:0.000081s ]
SQL: SELECT `tid` FROM `ll_movie_type` WHERE ( fid=37 )  [ RunTime:0.000104s ]
SQL: SELECT `typename` FROM `ll_type` WHERE ( fid=1 and id=41 )  [ RunTime:0.000132s ]
SQL: SELECT `typename` FROM `ll_type` WHERE ( fid=1 and id=120 )  [ RunTime:0.000081s ]
SQL: SELECT `typename` FROM `ll_type` WHERE ( fid=1 and id=1 )  [ RunTime:0.000082s ]
SQL: SELECT `typename` FROM `ll_type` WHERE ( fid=1 and id=7 )  [ RunTime:0.000084s ]
SQL: SELECT * FROM `ll_movie` WHERE ( id=31 )  [ RunTime:0.000329s ]
SQL: SELECT `aid` FROM `ll_movie_actor` WHERE ( fid=31 ) LIMIT 2   [ RunTime:0.000091s ]
SQL: SELECT `cname` FROM `ll_actors` WHERE ( id=27 )  [ RunTime:0.000647s ]
SQL: SELECT `cname` FROM `ll_actors` WHERE ( id=28 )  [ RunTime:0.000139s ]
SQL: SELECT `tid` FROM `ll_movie_type` WHERE ( fid=31 )  [ RunTime:0.000095s ]
SQL: SELECT `typename` FROM `ll_type` WHERE ( fid=1 and id=38 )  [ RunTime:0.000084s ]
SQL: SELECT `typename` FROM `ll_type` WHERE ( fid=1 and id=98 )  [ RunTime:0.000081s ]
SQL: SELECT `typename` FROM `ll_type` WHERE ( fid=1 and id=124 )  [ RunTime:0.000183s ]
SQL: SELECT `typename` FROM `ll_type` WHERE ( fid=1 and id=126 )  [ RunTime:0.000086s ]
SQL: SELECT `typename` FROM `ll_type` WHERE ( fid=1 and id=1 )  [ RunTime:0.000087s ]
SQL: SELECT `typename` FROM `ll_type` WHERE ( fid=1 and id=7 )  [ RunTime:0.000083s ]
SQL: select r.id,r.fid,r.uid,r.title,r.content,u.username,m.filmname,m.picname
                            from ll_longreview r,ll_movie m,ll_user u
                            where r.status in(1,2) and r.fid=m.id and r.uid=u.id
                            order by r.rnum desc limit 0,5 [ RunTime:0.002993s ]
SQL: SHOW COLUMNS FROM `ll_dialogue` [ RunTime:0.011076s ]
SQL: SELECT COUNT(*) AS tp_count FROM `ll_dialogue` WHERE ( status=1 ) LIMIT 1   [ RunTime:0.000648s ]
SQL: SELECT * FROM `ll_dialogue` WHERE ( status=1 )  [ RunTime:0.000122s ]
SQL: SHOW COLUMNS FROM `ll_type` [ RunTime:0.000317s ]
SQL: SELECT * FROM `ll_type` WHERE ( fid=1 ) ORDER BY id LIMIT 30   [ RunTime:0.000097s ]
SQL: SHOW COLUMNS FROM `ll_friendlink` [ RunTime:0.001434s ]
SQL: SELECT * FROM `ll_friendlink`  [ RunTime:0.008733s ]
SQL: SELECT `id`,`filmname`,`picname`,`rate` FROM `ll_movie` ORDER BY id asc LIMIT 0,4   [ RunTime:0.000714s ]
SQL: SELECT `id`,`filmname`,`picname`,`rate` FROM `ll_movie` ORDER BY id asc LIMIT 4,4   [ RunTime:0.000114s ]
SQL: SELECT `id`,`filmname`,`picname` FROM `ll_movie` ORDER BY addtime desc LIMIT 10   [ RunTime:0.000136s ]
SQL: SELECT `id`,`filmname`,`replynum` FROM `ll_movie` ORDER BY replynum desc LIMIT 10   [ RunTime:0.000123s ]
SQL: SELECT `id`,`filmname`,`picname`,`clicknum` FROM `ll_movie` ORDER BY clicknum desc LIMIT 8   [ RunTime:0.000117s ]
INFO: [ view_parse ] --START--
INFO: [ template_filter ] --START--
INFO: Run Behavior\ContentReplaceBehavior [ RunTime:0.000312s ]
INFO: [ template_filter ] --END-- [ RunTime:0.000402s ]
NOTIC: [8] Undefined index: loginuser /var/www/html/LanceLot/Application/Runtime/Cache/Home/2a94b8bda04ff446dcedd42276fc99ee.php 第 203 行.
NOTIC: [8] Undefined offset: 1 /var/www/html/LanceLot/Application/Runtime/Cache/Home/2a94b8bda04ff446dcedd42276fc99ee.php 第 274 行.
INFO: Run Behavior\ParseTemplateBehavior [ RunTime:0.254409s ]
INFO: [ view_parse ] --END-- [ RunTime:0.254505s ]
INFO: [ view_filter ] --START--
INFO: Run Behavior\WriteHtmlCacheBehavior [ RunTime:0.002738s ]
INFO: [ view_filter ] --END-- [ RunTime:0.002798s ]
INFO: [ app_end ] --START--
INFO: Run Behavior\ShowPageTraceBehavior [ RunTime:0.003203s ]
INFO: [ app_end ] --END-- [ RunTime:0.003496s ]

