[ 2016-05-19T17:13:42+08:00 ] 10.0.2.2 /LanceLot/admin.php
INFO: [ app_init ] --START--
INFO: Run Behavior\BuildLiteBehavior [ RunTime:0.000023s ]
INFO: [ app_init ] --END-- [ RunTime:0.003618s ]
INFO: [ app_begin ] --START--
INFO: Run Behavior\ReadHtmlCacheBehavior [ RunTime:0.004658s ]
INFO: [ app_begin ] --END-- [ RunTime:0.004734s ]

[ 2016-05-19T17:13:43+08:00 ] 10.0.2.2 /LanceLot/admin.php/Login/index.html
INFO: [ app_init ] --START--
INFO: Run Behavior\BuildLiteBehavior [ RunTime:0.000033s ]
INFO: [ app_init ] --END-- [ RunTime:0.003732s ]
INFO: [ app_begin ] --START--
INFO: Run Behavior\ReadHtmlCacheBehavior [ RunTime:0.005571s ]
INFO: [ app_begin ] --END-- [ RunTime:0.005656s ]
INFO: [ view_parse ] --START--
INFO: [ template_filter ] --START--
INFO: Run Behavior\ContentReplaceBehavior [ RunTime:0.000066s ]
INFO: [ template_filter ] --END-- [ RunTime:0.000141s ]
INFO: Run Behavior\ParseTemplateBehavior [ RunTime:0.054793s ]
INFO: [ view_parse ] --END-- [ RunTime:0.054937s ]
INFO: [ view_filter ] --START--
INFO: Run Behavior\WriteHtmlCacheBehavior [ RunTime:0.005923s ]
INFO: [ view_filter ] --END-- [ RunTime:0.005995s ]
INFO: [ app_end ] --START--
INFO: Run Behavior\ShowPageTraceBehavior [ RunTime:0.006664s ]
INFO: [ app_end ] --END-- [ RunTime:0.008313s ]

[ 2016-05-19T17:13:43+08:00 ] 10.0.2.2 /LanceLot/admin.php/Login/verify
INFO: [ app_init ] --START--
INFO: Run Behavior\BuildLiteBehavior [ RunTime:0.000023s ]
INFO: [ app_init ] --END-- [ RunTime:0.007942s ]
INFO: [ app_begin ] --START--
INFO: Run Behavior\ReadHtmlCacheBehavior [ RunTime:0.006327s ]
INFO: [ app_begin ] --END-- [ RunTime:0.006485s ]
INFO: [ app_end ] --START--
INFO: Run Behavior\ShowPageTraceBehavior [ RunTime:0.008466s ]
INFO: [ app_end ] --END-- [ RunTime:0.008562s ]

[ 2016-05-19T17:33:41+08:00 ] 10.0.2.2 /LanceLot/admin.php/Login/index.html
INFO: [ app_init ] --START--
INFO: Run Behavior\BuildLiteBehavior [ RunTime:0.000024s ]
INFO: [ app_init ] --END-- [ RunTime:0.005605s ]
INFO: [ app_begin ] --START--
INFO: Run Behavior\ReadHtmlCacheBehavior [ RunTime:0.005982s ]
INFO: [ app_begin ] --END-- [ RunTime:0.006096s ]
INFO: [ view_parse ] --START--
INFO: [ template_filter ] --START--
INFO: Run Behavior\ContentReplaceBehavior [ RunTime:0.000064s ]
INFO: [ template_filter ] --END-- [ RunTime:0.000135s ]
INFO: Run Behavior\ParseTemplateBehavior [ RunTime:0.045696s ]
INFO: [ view_parse ] --END-- [ RunTime:0.045783s ]
INFO: [ view_filter ] --START--
INFO: Run Behavior\WriteHtmlCacheBehavior [ RunTime:0.004928s ]
INFO: [ view_filter ] --END-- [ RunTime:0.004993s ]
INFO: [ app_end ] --START--
INFO: Run Behavior\ShowPageTraceBehavior [ RunTime:0.007198s ]
INFO: [ app_end ] --END-- [ RunTime:0.007271s ]

[ 2016-05-19T17:33:41+08:00 ] 10.0.2.2 /LanceLot/admin.php/Login/verify
INFO: [ app_init ] --START--
INFO: Run Behavior\BuildLiteBehavior [ RunTime:0.000121s ]
INFO: [ app_init ] --END-- [ RunTime:0.005529s ]
INFO: [ app_begin ] --START--
INFO: Run Behavior\ReadHtmlCacheBehavior [ RunTime:0.009257s ]
INFO: [ app_begin ] --END-- [ RunTime:0.009348s ]
INFO: [ app_end ] --START--
INFO: Run Behavior\ShowPageTraceBehavior [ RunTime:0.005861s ]
INFO: [ app_end ] --END-- [ RunTime:0.005953s ]

[ 2016-05-19T17:45:07+08:00 ] 10.0.2.2 /LanceLot/admin.php/Login/index.html
INFO: [ app_init ] --START--
INFO: Run Behavior\BuildLiteBehavior [ RunTime:0.000015s ]
INFO: [ app_init ] --END-- [ RunTime:0.003085s ]
INFO: [ app_begin ] --START--
INFO: Run Behavior\ReadHtmlCacheBehavior [ RunTime:0.005253s ]
INFO: [ app_begin ] --END-- [ RunTime:0.005352s ]
INFO: [ view_parse ] --START--
INFO: [ template_filter ] --START--
INFO: Run Behavior\ContentReplaceBehavior [ RunTime:0.000063s ]
INFO: [ template_filter ] --END-- [ RunTime:0.000157s ]
INFO: Run Behavior\ParseTemplateBehavior [ RunTime:0.047851s ]
INFO: [ view_parse ] --END-- [ RunTime:0.047953s ]
INFO: [ view_filter ] --START--
INFO: Run Behavior\WriteHtmlCacheBehavior [ RunTime:0.004381s ]
INFO: [ view_filter ] --END-- [ RunTime:0.004432s ]
INFO: [ app_end ] --START--
INFO: Run Behavior\ShowPageTraceBehavior [ RunTime:0.005061s ]
INFO: [ app_end ] --END-- [ RunTime:0.005146s ]

[ 2016-05-19T17:45:07+08:00 ] 10.0.2.2 /LanceLot/admin.php/Login/verify
INFO: [ app_init ] --START--
INFO: Run Behavior\BuildLiteBehavior [ RunTime:0.000024s ]
INFO: [ app_init ] --END-- [ RunTime:0.004467s ]
INFO: [ app_begin ] --START--
INFO: Run Behavior\ReadHtmlCacheBehavior [ RunTime:0.007778s ]
INFO: [ app_begin ] --END-- [ RunTime:0.007982s ]
INFO: [ app_end ] --START--
INFO: Run Behavior\ShowPageTraceBehavior [ RunTime:0.007556s ]
INFO: [ app_end ] --END-- [ RunTime:0.007653s ]

[ 2016-05-19T17:48:15+08:00 ] 10.0.2.2 /LanceLot/admin.php/Login/index.html
INFO: [ app_init ] --START--
INFO: Run Behavior\BuildLiteBehavior [ RunTime:0.000032s ]
INFO: [ app_init ] --END-- [ RunTime:0.003511s ]
INFO: [ app_begin ] --START--
INFO: Run Behavior\ReadHtmlCacheBehavior [ RunTime:0.005266s ]
INFO: [ app_begin ] --END-- [ RunTime:0.005354s ]
INFO: [ view_parse ] --START--
INFO: [ template_filter ] --START--
INFO: Run Behavior\ContentReplaceBehavior [ RunTime:0.000065s ]
INFO: [ template_filter ] --END-- [ RunTime:0.000134s ]
INFO: Run Behavior\ParseTemplateBehavior [ RunTime:0.046340s ]
INFO: [ view_parse ] --END-- [ RunTime:0.046426s ]
INFO: [ view_filter ] --START--
INFO: Run Behavior\WriteHtmlCacheBehavior [ RunTime:0.005680s ]
INFO: [ view_filter ] --END-- [ RunTime:0.005753s ]
INFO: [ app_end ] --START--
INFO: Run Behavior\ShowPageTraceBehavior [ RunTime:0.004675s ]
INFO: [ app_end ] --END-- [ RunTime:0.004746s ]

[ 2016-05-19T17:48:15+08:00 ] 10.0.2.2 /LanceLot/admin.php/Login/verify
INFO: [ app_init ] --START--
INFO: Run Behavior\BuildLiteBehavior [ RunTime:0.000018s ]
INFO: [ app_init ] --END-- [ RunTime:0.003277s ]
INFO: [ app_begin ] --START--
INFO: Run Behavior\ReadHtmlCacheBehavior [ RunTime:0.005704s ]
INFO: [ app_begin ] --END-- [ RunTime:0.005802s ]
INFO: [ app_end ] --START--
INFO: Run Behavior\ShowPageTraceBehavior [ RunTime:0.004611s ]
INFO: [ app_end ] --END-- [ RunTime:0.004690s ]

[ 2016-05-19T17:52:13+08:00 ] 10.0.2.2 /LanceLot/admin.php/Login/index.html
INFO: [ app_init ] --START--
INFO: Run Behavior\BuildLiteBehavior [ RunTime:0.000020s ]
INFO: [ app_init ] --END-- [ RunTime:0.004526s ]
INFO: [ app_begin ] --START--
INFO: Run Behavior\ReadHtmlCacheBehavior [ RunTime:0.006104s ]
INFO: [ app_begin ] --END-- [ RunTime:0.006338s ]
INFO: [ view_parse ] --START--
INFO: [ template_filter ] --START--
INFO: Run Behavior\ContentReplaceBehavior [ RunTime:0.000064s ]
INFO: [ template_filter ] --END-- [ RunTime:0.000140s ]
INFO: Run Behavior\ParseTemplateBehavior [ RunTime:0.048283s ]
INFO: [ view_parse ] --END-- [ RunTime:0.048394s ]
INFO: [ view_filter ] --START--
INFO: Run Behavior\WriteHtmlCacheBehavior [ RunTime:0.008279s ]
INFO: [ view_filter ] --END-- [ RunTime:0.008392s ]
INFO: [ app_end ] --START--
INFO: Run Behavior\ShowPageTraceBehavior [ RunTime:0.005934s ]
INFO: [ app_end ] --END-- [ RunTime:0.006019s ]

[ 2016-05-19T17:52:13+08:00 ] 10.0.2.2 /LanceLot/admin.php/Login/verify
INFO: [ app_init ] --START--
INFO: Run Behavior\BuildLiteBehavior [ RunTime:0.000020s ]
INFO: [ app_init ] --END-- [ RunTime:0.003931s ]
INFO: [ app_begin ] --START--
INFO: Run Behavior\ReadHtmlCacheBehavior [ RunTime:0.005421s ]
INFO: [ app_begin ] --END-- [ RunTime:0.005524s ]
INFO: [ app_end ] --START--
INFO: Run Behavior\ShowPageTraceBehavior [ RunTime:0.005176s ]
INFO: [ app_end ] --END-- [ RunTime:0.005257s ]

[ 2016-05-19T17:54:02+08:00 ] 10.0.2.2 /LanceLot/admin.php/Login/index.html
INFO: [ app_init ] --START--
INFO: Run Behavior\BuildLiteBehavior [ RunTime:0.000024s ]
INFO: [ app_init ] --END-- [ RunTime:0.003966s ]
INFO: [ app_begin ] --START--
INFO: Run Behavior\ReadHtmlCacheBehavior [ RunTime:0.004985s ]
INFO: [ app_begin ] --END-- [ RunTime:0.005072s ]
INFO: [ view_parse ] --START--
INFO: [ template_filter ] --START--
INFO: Run Behavior\ContentReplaceBehavior [ RunTime:0.000061s ]
INFO: [ template_filter ] --END-- [ RunTime:0.000132s ]
INFO: Run Behavior\ParseTemplateBehavior [ RunTime:0.046148s ]
INFO: [ view_parse ] --END-- [ RunTime:0.046233s ]
INFO: [ view_filter ] --START--
INFO: Run Behavior\WriteHtmlCacheBehavior [ RunTime:0.004206s ]
INFO: [ view_filter ] --END-- [ RunTime:0.004276s ]
INFO: [ app_end ] --START--
INFO: Run Behavior\ShowPageTraceBehavior [ RunTime:0.005356s ]
INFO: [ app_end ] --END-- [ RunTime:0.005443s ]

[ 2016-05-19T17:54:02+08:00 ] 10.0.2.2 /LanceLot/admin.php/Login/verify
INFO: [ app_init ] --START--
INFO: Run Behavior\BuildLiteBehavior [ RunTime:0.000016s ]
INFO: [ app_init ] --END-- [ RunTime:0.003461s ]
INFO: [ app_begin ] --START--
INFO: Run Behavior\ReadHtmlCacheBehavior [ RunTime:0.005019s ]
INFO: [ app_begin ] --END-- [ RunTime:0.005127s ]
INFO: [ app_end ] --START--
INFO: Run Behavior\ShowPageTraceBehavior [ RunTime:0.005425s ]
INFO: [ app_end ] --END-- [ RunTime:0.005513s ]

[ 2016-05-19T20:09:38+08:00 ] 10.0.2.2 /LanceLot/admin.php/Login/index.html
INFO: [ app_init ] --START--
INFO: Run Behavior\BuildLiteBehavior [ RunTime:0.000000s ]
INFO: [ app_init ] --END-- [ RunTime:0.002099s ]
INFO: [ app_begin ] --START--
INFO: Run Behavior\ReadHtmlCacheBehavior [ RunTime:0.003560s ]
INFO: [ app_begin ] --END-- [ RunTime:0.003629s ]
INFO: [ view_parse ] --START--
INFO: [ template_filter ] --START--
INFO: Run Behavior\ContentReplaceBehavior [ RunTime:0.000105s ]
INFO: [ template_filter ] --END-- [ RunTime:0.000204s ]
INFO: Run Behavior\ParseTemplateBehavior [ RunTime:0.115506s ]
INFO: [ view_parse ] --END-- [ RunTime:0.115659s ]
INFO: [ view_filter ] --START--
INFO: Run Behavior\WriteHtmlCacheBehavior [ RunTime:0.008564s ]
INFO: [ view_filter ] --END-- [ RunTime:0.008673s ]
INFO: [ app_end ] --START--
INFO: Run Behavior\ShowPageTraceBehavior [ RunTime:0.005582s ]
INFO: [ app_end ] --END-- [ RunTime:0.005692s ]

[ 2016-05-19T20:09:39+08:00 ] 10.0.2.2 /LanceLot/admin.php/Login/verify
INFO: [ app_init ] --START--
INFO: Run Behavior\BuildLiteBehavior [ RunTime:0.000018s ]
INFO: [ app_init ] --END-- [ RunTime:0.002267s ]
INFO: [ app_begin ] --START--
INFO: Run Behavior\ReadHtmlCacheBehavior [ RunTime:0.003694s ]
INFO: [ app_begin ] --END-- [ RunTime:0.003775s ]
INFO: [ app_end ] --START--
INFO: Run Behavior\ShowPageTraceBehavior [ RunTime:0.003921s ]
INFO: [ app_end ] --END-- [ RunTime:0.004003s ]

[ 2016-05-19T20:09:42+08:00 ] 10.0.2.2 /LanceLot/admin.php/
INFO: [ app_init ] --START--
INFO: Run Behavior\BuildLiteBehavior [ RunTime:0.000019s ]
INFO: [ app_init ] --END-- [ RunTime:0.003005s ]
INFO: [ app_begin ] --START--
INFO: Run Behavior\ReadHtmlCacheBehavior [ RunTime:0.005634s ]
INFO: [ app_begin ] --END-- [ RunTime:0.005720s ]

[ 2016-05-19T20:09:42+08:00 ] 10.0.2.2 /LanceLot/admin.php/.php/Login/index.html
INFO: [ app_init ] --START--
INFO: Run Behavior\BuildLiteBehavior [ RunTime:0.000017s ]
INFO: [ app_init ] --END-- [ RunTime:0.002587s ]
INFO: [ app_begin ] --START--
INFO: Run Behavior\ReadHtmlCacheBehavior [ RunTime:0.005141s ]
INFO: [ app_begin ] --END-- [ RunTime:0.005223s ]

[ 2016-05-19T20:09:53+08:00 ] 10.0.2.2 /LanceLot/admin.php
INFO: [ app_init ] --START--
INFO: Run Behavior\BuildLiteBehavior [ RunTime:0.000038s ]
INFO: [ app_init ] --END-- [ RunTime:0.003882s ]
INFO: [ app_begin ] --START--
INFO: Run Behavior\ReadHtmlCacheBehavior [ RunTime:0.003949s ]
INFO: [ app_begin ] --END-- [ RunTime:0.004034s ]

[ 2016-05-19T20:09:53+08:00 ] 10.0.2.2 /LanceLot/admin.php/Login/index.html
INFO: [ app_init ] --START--
INFO: Run Behavior\BuildLiteBehavior [ RunTime:0.000000s ]
INFO: [ app_init ] --END-- [ RunTime:0.002408s ]
INFO: [ app_begin ] --START--
INFO: Run Behavior\ReadHtmlCacheBehavior [ RunTime:0.004061s ]
INFO: [ app_begin ] --END-- [ RunTime:0.004156s ]
INFO: [ view_parse ] --START--
INFO: [ template_filter ] --START--
INFO: Run Behavior\ContentReplaceBehavior [ RunTime:0.000063s ]
INFO: [ template_filter ] --END-- [ RunTime:0.000132s ]
INFO: Run Behavior\ParseTemplateBehavior [ RunTime:0.048164s ]
INFO: [ view_parse ] --END-- [ RunTime:0.048270s ]
INFO: [ view_filter ] --START--
INFO: Run Behavior\WriteHtmlCacheBehavior [ RunTime:0.004341s ]
INFO: [ view_filter ] --END-- [ RunTime:0.004391s ]
INFO: [ app_end ] --START--
INFO: Run Behavior\ShowPageTraceBehavior [ RunTime:0.004344s ]
INFO: [ app_end ] --END-- [ RunTime:0.004414s ]

[ 2016-05-19T20:09:53+08:00 ] 10.0.2.2 /LanceLot/admin.php/Login/verify
INFO: [ app_init ] --START--
INFO: Run Behavior\BuildLiteBehavior [ RunTime:0.000021s ]
INFO: [ app_init ] --END-- [ RunTime:0.004296s ]
INFO: [ app_begin ] --START--
INFO: Run Behavior\ReadHtmlCacheBehavior [ RunTime:0.003431s ]
INFO: [ app_begin ] --END-- [ RunTime:0.003510s ]
INFO: [ app_end ] --START--
INFO: Run Behavior\ShowPageTraceBehavior [ RunTime:0.003585s ]
INFO: [ app_end ] --END-- [ RunTime:0.003623s ]

[ 2016-05-19T20:26:31+08:00 ] 10.0.2.2 /LanceLot/admin.php/Movie/add
INFO: [ app_init ] --START--
INFO: Run Behavior\BuildLiteBehavior [ RunTime:0.000018s ]
INFO: [ app_init ] --END-- [ RunTime:0.003403s ]
INFO: [ app_begin ] --START--
INFO: Run Behavior\ReadHtmlCacheBehavior [ RunTime:0.005367s ]
INFO: [ app_begin ] --END-- [ RunTime:0.005480s ]

[ 2016-05-19T20:26:31+08:00 ] 10.0.2.2 /LanceLot/admin.php/Login/index.html
INFO: [ app_init ] --START--
INFO: Run Behavior\BuildLiteBehavior [ RunTime:0.000023s ]
INFO: [ app_init ] --END-- [ RunTime:0.004882s ]
INFO: [ app_begin ] --START--
INFO: Run Behavior\ReadHtmlCacheBehavior [ RunTime:0.006113s ]
INFO: [ app_begin ] --END-- [ RunTime:0.006218s ]
INFO: [ view_parse ] --START--
INFO: [ template_filter ] --START--
INFO: Run Behavior\ContentReplaceBehavior [ RunTime:0.000092s ]
INFO: [ template_filter ] --END-- [ RunTime:0.000200s ]
INFO: Run Behavior\ParseTemplateBehavior [ RunTime:0.046851s ]
INFO: [ view_parse ] --END-- [ RunTime:0.046935s ]
INFO: [ view_filter ] --START--
INFO: Run Behavior\WriteHtmlCacheBehavior [ RunTime:0.004543s ]
INFO: [ view_filter ] --END-- [ RunTime:0.004581s ]
INFO: [ app_end ] --START--
INFO: Run Behavior\ShowPageTraceBehavior [ RunTime:0.008087s ]
INFO: [ app_end ] --END-- [ RunTime:0.008183s ]

[ 2016-05-19T20:26:31+08:00 ] 10.0.2.2 /LanceLot/admin.php/Login/verify
INFO: [ app_init ] --START--
INFO: Run Behavior\BuildLiteBehavior [ RunTime:0.000018s ]
INFO: [ app_init ] --END-- [ RunTime:0.003407s ]
INFO: [ app_begin ] --START--
INFO: Run Behavior\ReadHtmlCacheBehavior [ RunTime:0.007483s ]
INFO: [ app_begin ] --END-- [ RunTime:0.007732s ]
INFO: [ app_end ] --START--
INFO: Run Behavior\ShowPageTraceBehavior [ RunTime:0.004530s ]
INFO: [ app_end ] --END-- [ RunTime:0.004632s ]

[ 2016-05-19T21:23:04+08:00 ] 10.0.2.2 /LanceLot/admin.php/Login/verify/1463664398077
INFO: [ app_init ] --START--
INFO: Run Behavior\BuildLiteBehavior [ RunTime:0.000034s ]
INFO: [ app_init ] --END-- [ RunTime:0.003261s ]
INFO: [ app_begin ] --START--
INFO: Run Behavior\ReadHtmlCacheBehavior [ RunTime:0.004876s ]
INFO: [ app_begin ] --END-- [ RunTime:0.004950s ]
INFO: [ app_end ] --START--
INFO: Run Behavior\ShowPageTraceBehavior [ RunTime:0.004461s ]
INFO: [ app_end ] --END-- [ RunTime:0.004535s ]

[ 2016-05-19T21:23:11+08:00 ] 10.0.2.2 /LanceLot/admin.php/Login/checkLogin/
INFO: [ app_init ] --START--
INFO: Run Behavior\BuildLiteBehavior [ RunTime:0.000023s ]
INFO: [ app_init ] --END-- [ RunTime:0.004322s ]
INFO: [ app_begin ] --START--
INFO: Run Behavior\ReadHtmlCacheBehavior [ RunTime:0.005235s ]
INFO: [ app_begin ] --END-- [ RunTime:0.005339s ]
SQL: SHOW COLUMNS FROM `ll_auser` [ RunTime:0.000465s ]
SQL: SELECT * FROM `ll_auser` WHERE `username` = 'admin' LIMIT 1   [ RunTime:0.000237s ]
SQL: UPDATE `ll_auser` SET `login_time`=1463664191,`login_ip`='10.0.2.2' WHERE `id` = 13 [ RunTime:0.011553s ]

[ 2016-05-19T21:23:11+08:00 ] 10.0.2.2 /LanceLot/admin.php/Index/index.html
INFO: [ app_init ] --START--
INFO: Run Behavior\BuildLiteBehavior [ RunTime:0.000017s ]
INFO: [ app_init ] --END-- [ RunTime:0.003363s ]
INFO: [ app_begin ] --START--
INFO: Run Behavior\ReadHtmlCacheBehavior [ RunTime:0.004786s ]
INFO: [ app_begin ] --END-- [ RunTime:0.004863s ]
INFO: [ view_parse ] --START--
INFO: [ template_filter ] --START--
INFO: Run Behavior\ContentReplaceBehavior [ RunTime:0.000113s ]
INFO: [ template_filter ] --END-- [ RunTime:0.000209s ]
INFO: Run Behavior\ParseTemplateBehavior [ RunTime:0.076248s ]
INFO: [ view_parse ] --END-- [ RunTime:0.076334s ]
INFO: [ view_filter ] --START--
INFO: Run Behavior\WriteHtmlCacheBehavior [ RunTime:0.004720s ]
INFO: [ view_filter ] --END-- [ RunTime:0.004802s ]
INFO: [ app_end ] --START--
INFO: Run Behavior\ShowPageTraceBehavior [ RunTime:0.014055s ]
INFO: [ app_end ] --END-- [ RunTime:0.014191s ]

[ 2016-05-19T21:23:13+08:00 ] 10.0.2.2 /LanceLot/admin.php/Auser/index?_=1463664407188
INFO: [ app_init ] --START--
INFO: Run Behavior\BuildLiteBehavior [ RunTime:0.000025s ]
INFO: [ app_init ] --END-- [ RunTime:0.006965s ]
INFO: [ app_begin ] --START--
INFO: Run Behavior\ReadHtmlCacheBehavior [ RunTime:0.005012s ]
INFO: [ app_begin ] --END-- [ RunTime:0.005094s ]
SQL: SHOW COLUMNS FROM `ll_auser` [ RunTime:0.000290s ]
SQL: SELECT COUNT(*) AS tp_count FROM `ll_auser` LIMIT 1   [ RunTime:0.000178s ]
NOTIC: [8] Undefined index: pageNum /var/www/html/LanceLot/Application/Admin/Controller/AuserController.class.php 第 27 行.
SQL: SELECT `id`,`username`,`fullname`,`email`,`phone`,`login_time`,`login_ip`,`status`,`logintimes`,`score` FROM `ll_auser` LIMIT 0,10   [ RunTime:0.000196s ]
SQL: SHOW COLUMNS FROM `ll_role` [ RunTime:0.000536s ]
NOTIC: [8] Undefined index: mapping_order /var/www/html/LanceLot/ThinkPHP/Library/Think/Model/RelationModel.class.php 第 186 行.
NOTIC: [8] Undefined index: mapping_limit /var/www/html/LanceLot/ThinkPHP/Library/Think/Model/RelationModel.class.php 第 187 行.
SQL: SELECT b.id,name,title FROM ll_role_user AS a, ll_role AS b WHERE a.role_id = b.id AND a. user_id='13' [ RunTime:0.000242s ]
NOTIC: [8] Undefined index: mapping_order /var/www/html/LanceLot/ThinkPHP/Library/Think/Model/RelationModel.class.php 第 186 行.
NOTIC: [8] Undefined index: mapping_limit /var/www/html/LanceLot/ThinkPHP/Library/Think/Model/RelationModel.class.php 第 187 行.
SQL: SELECT b.id,name,title FROM ll_role_user AS a, ll_role AS b WHERE a.role_id = b.id AND a. user_id='16' [ RunTime:0.000127s ]
NOTIC: [8] Undefined index: mapping_order /var/www/html/LanceLot/ThinkPHP/Library/Think/Model/RelationModel.class.php 第 186 行.
NOTIC: [8] Undefined index: mapping_limit /var/www/html/LanceLot/ThinkPHP/Library/Think/Model/RelationModel.class.php 第 187 行.
SQL: SELECT b.id,name,title FROM ll_role_user AS a, ll_role AS b WHERE a.role_id = b.id AND a. user_id='18' [ RunTime:0.000116s ]
NOTIC: [8] Undefined index: mapping_order /var/www/html/LanceLot/ThinkPHP/Library/Think/Model/RelationModel.class.php 第 186 行.
NOTIC: [8] Undefined index: mapping_limit /var/www/html/LanceLot/ThinkPHP/Library/Think/Model/RelationModel.class.php 第 187 行.
SQL: SELECT b.id,name,title FROM ll_role_user AS a, ll_role AS b WHERE a.role_id = b.id AND a. user_id='19' [ RunTime:0.000112s ]
NOTIC: [8] Undefined index: mapping_order /var/www/html/LanceLot/ThinkPHP/Library/Think/Model/RelationModel.class.php 第 186 行.
NOTIC: [8] Undefined index: mapping_limit /var/www/html/LanceLot/ThinkPHP/Library/Think/Model/RelationModel.class.php 第 187 行.
SQL: SELECT b.id,name,title FROM ll_role_user AS a, ll_role AS b WHERE a.role_id = b.id AND a. user_id='21' [ RunTime:0.000104s ]
NOTIC: [8] Undefined index: mapping_order /var/www/html/LanceLot/ThinkPHP/Library/Think/Model/RelationModel.class.php 第 186 行.
NOTIC: [8] Undefined index: mapping_limit /var/www/html/LanceLot/ThinkPHP/Library/Think/Model/RelationModel.class.php 第 187 行.
SQL: SELECT b.id,name,title FROM ll_role_user AS a, ll_role AS b WHERE a.role_id = b.id AND a. user_id='32' [ RunTime:0.000115s ]
NOTIC: [8] Undefined index: pageNum /var/www/html/LanceLot/Application/Admin/Controller/AuserController.class.php 第 39 行.
INFO: [ view_parse ] --START--
INFO: [ template_filter ] --START--
INFO: Run Behavior\ContentReplaceBehavior [ RunTime:0.000074s ]
INFO: [ template_filter ] --END-- [ RunTime:0.000135s ]
NOTIC: [8] Undefined index: _order /var/www/html/LanceLot/Application/Runtime/Cache/Admin/173d0316517a85946913a3ba71feb1df.php 第 4 行.
NOTIC: [8] Undefined index: _sort /var/www/html/LanceLot/Application/Runtime/Cache/Admin/173d0316517a85946913a3ba71feb1df.php 第 5 行.
NOTIC: [8] Undefined index: keyword /var/www/html/LanceLot/Application/Runtime/Cache/Admin/173d0316517a85946913a3ba71feb1df.php 第 16 行.
NOTIC: [8] Undefined index: _order /var/www/html/LanceLot/Application/Runtime/Cache/Admin/173d0316517a85946913a3ba71feb1df.php 第 58 行.
NOTIC: [8] Undefined index: _order /var/www/html/LanceLot/Application/Runtime/Cache/Admin/173d0316517a85946913a3ba71feb1df.php 第 67 行.
INFO: Run Behavior\ParseTemplateBehavior [ RunTime:0.069529s ]
INFO: [ view_parse ] --END-- [ RunTime:0.069623s ]
INFO: [ view_filter ] --START--
INFO: Run Behavior\WriteHtmlCacheBehavior [ RunTime:0.009758s ]
INFO: [ view_filter ] --END-- [ RunTime:0.009825s ]
INFO: [ app_end ] --START--
INFO: Run Behavior\ShowPageTraceBehavior [ RunTime:0.005463s ]
INFO: [ app_end ] --END-- [ RunTime:0.005521s ]

[ 2016-05-19T21:23:53+08:00 ] 10.0.2.2 /LanceLot/admin.php/Movie/index?_=1463664446423
INFO: [ app_init ] --START--
INFO: Run Behavior\BuildLiteBehavior [ RunTime:0.000020s ]
INFO: [ app_init ] --END-- [ RunTime:0.004119s ]
INFO: [ app_begin ] --START--
INFO: Run Behavior\ReadHtmlCacheBehavior [ RunTime:0.004628s ]
INFO: [ app_begin ] --END-- [ RunTime:0.004729s ]
SQL: SHOW COLUMNS FROM `ll_movie` [ RunTime:0.000277s ]
SQL: SELECT COUNT(*) AS tp_count FROM `ll_movie` LIMIT 1   [ RunTime:0.000151s ]
SQL: SELECT * FROM `ll_movie` ORDER BY id desc LIMIT 0,10   [ RunTime:0.000267s ]
NOTIC: [8] Undefined variable: search /var/www/html/LanceLot/Application/Admin/Controller/CommonController.class.php 第 257 行.
NOTIC: [8] Undefined index: values /var/www/html/LanceLot/Application/Admin/Controller/CommonController.class.php 第 258 行.
INFO: [ view_parse ] --START--
INFO: [ template_filter ] --START--
INFO: Run Behavior\ContentReplaceBehavior [ RunTime:0.000127s ]
INFO: [ template_filter ] --END-- [ RunTime:0.000214s ]
NOTIC: [8] Undefined index: _order /var/www/html/LanceLot/Application/Runtime/Cache/Admin/751bfc1b614f88135413bfdacdc4f115.php 第 4 行.
NOTIC: [8] Undefined index: _sort /var/www/html/LanceLot/Application/Runtime/Cache/Admin/751bfc1b614f88135413bfdacdc4f115.php 第 5 行.
NOTIC: [8] Undefined index: keyword /var/www/html/LanceLot/Application/Runtime/Cache/Admin/751bfc1b614f88135413bfdacdc4f115.php 第 15 行.
NOTIC: [8] Undefined index: _order /var/www/html/LanceLot/Application/Runtime/Cache/Admin/751bfc1b614f88135413bfdacdc4f115.php 第 75 行.
NOTIC: [8] Undefined index: _order /var/www/html/LanceLot/Application/Runtime/Cache/Admin/751bfc1b614f88135413bfdacdc4f115.php 第 79 行.
NOTIC: [8] Undefined index: _order /var/www/html/LanceLot/Application/Runtime/Cache/Admin/751bfc1b614f88135413bfdacdc4f115.php 第 85 行.
NOTIC: [8] Undefined index: _order /var/www/html/LanceLot/Application/Runtime/Cache/Admin/751bfc1b614f88135413bfdacdc4f115.php 第 90 行.
NOTIC: [8] Undefined index: _order /var/www/html/LanceLot/Application/Runtime/Cache/Admin/751bfc1b614f88135413bfdacdc4f115.php 第 93 行.
NOTIC: [8] Undefined index: _order /var/www/html/LanceLot/Application/Runtime/Cache/Admin/751bfc1b614f88135413bfdacdc4f115.php 第 96 行.
NOTIC: [8] Undefined index: _order /var/www/html/LanceLot/Application/Runtime/Cache/Admin/751bfc1b614f88135413bfdacdc4f115.php 第 100 行.
INFO: Run Behavior\ParseTemplateBehavior [ RunTime:0.077560s ]
INFO: [ view_parse ] --END-- [ RunTime:0.077634s ]
INFO: [ view_filter ] --START--
INFO: Run Behavior\WriteHtmlCacheBehavior [ RunTime:0.005204s ]
INFO: [ view_filter ] --END-- [ RunTime:0.005253s ]
INFO: [ app_end ] --START--
INFO: Run Behavior\ShowPageTraceBehavior [ RunTime:0.005759s ]
INFO: [ app_end ] --END-- [ RunTime:0.005850s ]

[ 2016-05-19T21:46:09+08:00 ] 10.0.2.2 /LanceLot/admin.php/Movie/add?_=1463665782045
INFO: [ app_init ] --START--
INFO: Run Behavior\BuildLiteBehavior [ RunTime:0.000017s ]
INFO: [ app_init ] --END-- [ RunTime:0.003126s ]
INFO: [ app_begin ] --START--
INFO: Run Behavior\ReadHtmlCacheBehavior [ RunTime:0.006385s ]
INFO: [ app_begin ] --END-- [ RunTime:0.006479s ]
INFO: [ view_parse ] --START--
INFO: [ template_filter ] --START--
INFO: Run Behavior\ContentReplaceBehavior [ RunTime:0.000053s ]
INFO: [ template_filter ] --END-- [ RunTime:0.000161s ]
INFO: Run Behavior\ParseTemplateBehavior [ RunTime:0.075396s ]
INFO: [ view_parse ] --END-- [ RunTime:0.075482s ]
INFO: [ view_filter ] --START--
INFO: Run Behavior\WriteHtmlCacheBehavior [ RunTime:0.004487s ]
INFO: [ view_filter ] --END-- [ RunTime:0.004537s ]
INFO: [ app_end ] --START--
INFO: Run Behavior\ShowPageTraceBehavior [ RunTime:0.005419s ]
INFO: [ app_end ] --END-- [ RunTime:0.005496s ]

[ 2016-05-19T21:58:44+08:00 ] 10.0.2.2 /LanceLot/admin.php/Movie/index?_=1463666536428
INFO: [ app_init ] --START--
INFO: Run Behavior\BuildLiteBehavior [ RunTime:0.000017s ]
INFO: [ app_init ] --END-- [ RunTime:0.003382s ]
INFO: [ app_begin ] --START--
INFO: Run Behavior\ReadHtmlCacheBehavior [ RunTime:0.010736s ]
INFO: [ app_begin ] --END-- [ RunTime:0.010825s ]
SQL: SHOW COLUMNS FROM `ll_movie` [ RunTime:0.000292s ]
SQL: SELECT COUNT(*) AS tp_count FROM `ll_movie` LIMIT 1   [ RunTime:0.000184s ]
SQL: SELECT * FROM `ll_movie` ORDER BY id desc LIMIT 0,10   [ RunTime:0.000675s ]
NOTIC: [8] Undefined variable: search /var/www/html/LanceLot/Application/Admin/Controller/CommonController.class.php 第 257 行.
NOTIC: [8] Undefined index: values /var/www/html/LanceLot/Application/Admin/Controller/CommonController.class.php 第 258 行.
INFO: [ view_parse ] --START--
INFO: [ template_filter ] --START--
INFO: Run Behavior\ContentReplaceBehavior [ RunTime:0.000189s ]
INFO: [ template_filter ] --END-- [ RunTime:0.000340s ]
NOTIC: [8] Undefined index: _order /var/www/html/LanceLot/Application/Runtime/Cache/Admin/751bfc1b614f88135413bfdacdc4f115.php 第 4 行.
NOTIC: [8] Undefined index: _sort /var/www/html/LanceLot/Application/Runtime/Cache/Admin/751bfc1b614f88135413bfdacdc4f115.php 第 5 行.
NOTIC: [8] Undefined index: keyword /var/www/html/LanceLot/Application/Runtime/Cache/Admin/751bfc1b614f88135413bfdacdc4f115.php 第 15 行.
NOTIC: [8] Undefined index: _order /var/www/html/LanceLot/Application/Runtime/Cache/Admin/751bfc1b614f88135413bfdacdc4f115.php 第 75 行.
NOTIC: [8] Undefined index: _order /var/www/html/LanceLot/Application/Runtime/Cache/Admin/751bfc1b614f88135413bfdacdc4f115.php 第 79 行.
NOTIC: [8] Undefined index: _order /var/www/html/LanceLot/Application/Runtime/Cache/Admin/751bfc1b614f88135413bfdacdc4f115.php 第 85 行.
NOTIC: [8] Undefined index: _order /var/www/html/LanceLot/Application/Runtime/Cache/Admin/751bfc1b614f88135413bfdacdc4f115.php 第 90 行.
NOTIC: [8] Undefined index: _order /var/www/html/LanceLot/Application/Runtime/Cache/Admin/751bfc1b614f88135413bfdacdc4f115.php 第 93 行.
NOTIC: [8] Undefined index: _order /var/www/html/LanceLot/Application/Runtime/Cache/Admin/751bfc1b614f88135413bfdacdc4f115.php 第 96 行.
NOTIC: [8] Undefined index: _order /var/www/html/LanceLot/Application/Runtime/Cache/Admin/751bfc1b614f88135413bfdacdc4f115.php 第 100 行.
INFO: Run Behavior\ParseTemplateBehavior [ RunTime:0.059139s ]
INFO: [ view_parse ] --END-- [ RunTime:0.059214s ]
INFO: [ view_filter ] --START--
INFO: Run Behavior\WriteHtmlCacheBehavior [ RunTime:0.005018s ]
INFO: [ view_filter ] --END-- [ RunTime:0.005081s ]
INFO: [ app_end ] --START--
INFO: Run Behavior\ShowPageTraceBehavior [ RunTime:0.005514s ]
INFO: [ app_end ] --END-- [ RunTime:0.005618s ]

[ 2016-05-19T21:58:46+08:00 ] 10.0.2.2 /LanceLot/admin.php/Movie/showPhotos/id/44?_=1463666538121
INFO: [ app_init ] --START--
INFO: Run Behavior\BuildLiteBehavior [ RunTime:0.000028s ]
INFO: [ app_init ] --END-- [ RunTime:0.009643s ]
INFO: [ app_begin ] --START--
INFO: Run Behavior\ReadHtmlCacheBehavior [ RunTime:0.008931s ]
INFO: [ app_begin ] --END-- [ RunTime:0.009051s ]
SQL: SHOW COLUMNS FROM `ll_filmpic` [ RunTime:0.000311s ]
SQL: SELECT * FROM `ll_filmpic` WHERE ( fid=44 )  [ RunTime:0.000162s ]
INFO: [ view_parse ] --START--
INFO: [ template_filter ] --START--
INFO: Run Behavior\ContentReplaceBehavior [ RunTime:0.000049s ]
INFO: [ template_filter ] --END-- [ RunTime:0.000111s ]
INFO: Run Behavior\ParseTemplateBehavior [ RunTime:0.077925s ]
INFO: [ view_parse ] --END-- [ RunTime:0.078020s ]
INFO: [ view_filter ] --START--
INFO: Run Behavior\WriteHtmlCacheBehavior [ RunTime:0.005450s ]
INFO: [ view_filter ] --END-- [ RunTime:0.005522s ]
INFO: [ app_end ] --START--
INFO: Run Behavior\ShowPageTraceBehavior [ RunTime:0.011944s ]
INFO: [ app_end ] --END-- [ RunTime:0.012049s ]

[ 2016-05-19T21:58:53+08:00 ] 10.0.2.2 /LanceLot/admin.php/Movie/showActors/id/44?_=1463666545143
INFO: [ app_init ] --START--
INFO: Run Behavior\BuildLiteBehavior [ RunTime:0.000070s ]
INFO: [ app_init ] --END-- [ RunTime:0.010496s ]
INFO: [ app_begin ] --START--
INFO: Run Behavior\ReadHtmlCacheBehavior [ RunTime:0.019781s ]
INFO: [ app_begin ] --END-- [ RunTime:0.020066s ]
SQL: SELECT ma.* FROM ll_actors ma LEFT JOIN ll_movie_actor act on ma.id=act.aid WHERE act.fid='44' [ RunTime:0.000794s ]
INFO: [ view_parse ] --START--
INFO: [ template_filter ] --START--
INFO: Run Behavior\ContentReplaceBehavior [ RunTime:0.000058s ]
INFO: [ template_filter ] --END-- [ RunTime:0.000134s ]
NOTIC: [8] Undefined variable: numPerPage /var/www/html/LanceLot/Application/Runtime/Cache/Admin/e4387a300cce218414b1da4d9c28a951.php 第 3 行.
NOTIC: [8] Undefined index: _order /var/www/html/LanceLot/Application/Runtime/Cache/Admin/e4387a300cce218414b1da4d9c28a951.php 第 4 行.
NOTIC: [8] Undefined index: _sort /var/www/html/LanceLot/Application/Runtime/Cache/Admin/e4387a300cce218414b1da4d9c28a951.php 第 5 行.
NOTIC: [8] Undefined variable: numPerPage /var/www/html/LanceLot/Application/Runtime/Cache/Admin/e4387a300cce218414b1da4d9c28a951.php 第 62 行.
NOTIC: [8] Undefined variable: numPerPage /var/www/html/LanceLot/Application/Runtime/Cache/Admin/e4387a300cce218414b1da4d9c28a951.php 第 65 行.
NOTIC: [8] Undefined variable: numPerPage /var/www/html/LanceLot/Application/Runtime/Cache/Admin/e4387a300cce218414b1da4d9c28a951.php 第 68 行.
NOTIC: [8] Undefined variable: numPerPage /var/www/html/LanceLot/Application/Runtime/Cache/Admin/e4387a300cce218414b1da4d9c28a951.php 第 71 行.
NOTIC: [8] Undefined variable: numPerPage /var/www/html/LanceLot/Application/Runtime/Cache/Admin/e4387a300cce218414b1da4d9c28a951.php 第 74 行.
NOTIC: [8] Undefined variable: totalCount /var/www/html/LanceLot/Application/Runtime/Cache/Admin/e4387a300cce218414b1da4d9c28a951.php 第 78 行.
NOTIC: [8] Undefined variable: totalCount /var/www/html/LanceLot/Application/Runtime/Cache/Admin/e4387a300cce218414b1da4d9c28a951.php 第 81 行.
NOTIC: [8] Undefined variable: numPerPage /var/www/html/LanceLot/Application/Runtime/Cache/Admin/e4387a300cce218414b1da4d9c28a951.php 第 81 行.
NOTIC: [8] Undefined variable: currentPage /var/www/html/LanceLot/Application/Runtime/Cache/Admin/e4387a300cce218414b1da4d9c28a951.php 第 81 行.
INFO: Run Behavior\ParseTemplateBehavior [ RunTime:0.071474s ]
INFO: [ view_parse ] --END-- [ RunTime:0.071593s ]
INFO: [ view_filter ] --START--
INFO: Run Behavior\WriteHtmlCacheBehavior [ RunTime:0.004491s ]
INFO: [ view_filter ] --END-- [ RunTime:0.004542s ]
INFO: [ app_end ] --START--
INFO: Run Behavior\ShowPageTraceBehavior [ RunTime:0.005050s ]
INFO: [ app_end ] --END-- [ RunTime:0.005115s ]

[ 2016-05-19T21:58:57+08:00 ] 10.0.2.2 /LanceLot/admin.php/Movie/showActors/id/39?_=1463666548938
INFO: [ app_init ] --START--
INFO: Run Behavior\BuildLiteBehavior [ RunTime:0.000027s ]
INFO: [ app_init ] --END-- [ RunTime:0.013341s ]
INFO: [ app_begin ] --START--
INFO: Run Behavior\ReadHtmlCacheBehavior [ RunTime:0.011620s ]
INFO: [ app_begin ] --END-- [ RunTime:0.011983s ]
SQL: SELECT ma.* FROM ll_actors ma LEFT JOIN ll_movie_actor act on ma.id=act.aid WHERE act.fid='39' [ RunTime:0.000555s ]
INFO: [ view_parse ] --START--
INFO: [ template_filter ] --START--
INFO: Run Behavior\ContentReplaceBehavior [ RunTime:0.000058s ]
INFO: [ template_filter ] --END-- [ RunTime:0.000115s ]
NOTIC: [8] Undefined variable: numPerPage /var/www/html/LanceLot/Application/Runtime/Cache/Admin/e4387a300cce218414b1da4d9c28a951.php 第 3 行.
NOTIC: [8] Undefined index: _order /var/www/html/LanceLot/Application/Runtime/Cache/Admin/e4387a300cce218414b1da4d9c28a951.php 第 4 行.
NOTIC: [8] Undefined index: _sort /var/www/html/LanceLot/Application/Runtime/Cache/Admin/e4387a300cce218414b1da4d9c28a951.php 第 5 行.
NOTIC: [8] Undefined variable: numPerPage /var/www/html/LanceLot/Application/Runtime/Cache/Admin/e4387a300cce218414b1da4d9c28a951.php 第 62 行.
NOTIC: [8] Undefined variable: numPerPage /var/www/html/LanceLot/Application/Runtime/Cache/Admin/e4387a300cce218414b1da4d9c28a951.php 第 65 行.
NOTIC: [8] Undefined variable: numPerPage /var/www/html/LanceLot/Application/Runtime/Cache/Admin/e4387a300cce218414b1da4d9c28a951.php 第 68 行.
NOTIC: [8] Undefined variable: numPerPage /var/www/html/LanceLot/Application/Runtime/Cache/Admin/e4387a300cce218414b1da4d9c28a951.php 第 71 行.
NOTIC: [8] Undefined variable: numPerPage /var/www/html/LanceLot/Application/Runtime/Cache/Admin/e4387a300cce218414b1da4d9c28a951.php 第 74 行.
NOTIC: [8] Undefined variable: totalCount /var/www/html/LanceLot/Application/Runtime/Cache/Admin/e4387a300cce218414b1da4d9c28a951.php 第 78 行.
NOTIC: [8] Undefined variable: totalCount /var/www/html/LanceLot/Application/Runtime/Cache/Admin/e4387a300cce218414b1da4d9c28a951.php 第 81 行.
NOTIC: [8] Undefined variable: numPerPage /var/www/html/LanceLot/Application/Runtime/Cache/Admin/e4387a300cce218414b1da4d9c28a951.php 第 81 行.
NOTIC: [8] Undefined variable: currentPage /var/www/html/LanceLot/Application/Runtime/Cache/Admin/e4387a300cce218414b1da4d9c28a951.php 第 81 行.
INFO: Run Behavior\ParseTemplateBehavior [ RunTime:0.061684s ]
INFO: [ view_parse ] --END-- [ RunTime:0.061757s ]
INFO: [ view_filter ] --START--
INFO: Run Behavior\WriteHtmlCacheBehavior [ RunTime:0.004689s ]
INFO: [ view_filter ] --END-- [ RunTime:0.004752s ]
INFO: [ app_end ] --START--
INFO: Run Behavior\ShowPageTraceBehavior [ RunTime:0.009638s ]
INFO: [ app_end ] --END-- [ RunTime:0.009794s ]

[ 2016-05-19T21:59:06+08:00 ] 10.0.2.2 /LanceLot/admin.php/Movie/setmtype/id/39?_=1463666558429
INFO: [ app_init ] --START--
INFO: Run Behavior\BuildLiteBehavior [ RunTime:0.000056s ]
INFO: [ app_init ] --END-- [ RunTime:0.010996s ]
INFO: [ app_begin ] --START--
INFO: Run Behavior\ReadHtmlCacheBehavior [ RunTime:0.015174s ]
INFO: [ app_begin ] --END-- [ RunTime:0.015322s ]
SQL: SHOW COLUMNS FROM `ll_movie_type` [ RunTime:0.000613s ]
SQL: SELECT * FROM `ll_movie_type` WHERE ( fid=39 )  [ RunTime:0.001007s ]

[ 2016-05-19T21:59:08+08:00 ] 10.0.2.2 /LanceLot/admin.php/Movie/edittype/id/39?_=1463666560717
INFO: [ app_init ] --START--
INFO: Run Behavior\BuildLiteBehavior [ RunTime:0.000016s ]
INFO: [ app_init ] --END-- [ RunTime:0.009398s ]
INFO: [ app_begin ] --START--
INFO: Run Behavior\ReadHtmlCacheBehavior [ RunTime:0.014803s ]
INFO: [ app_begin ] --END-- [ RunTime:0.015173s ]
SQL: SHOW COLUMNS FROM `ll_type` [ RunTime:0.001632s ]
SQL: SELECT * FROM `ll_type`  [ RunTime:0.000763s ]
INFO: [ view_parse ] --START--
INFO: [ template_filter ] --START--
INFO: Run Behavior\ContentReplaceBehavior [ RunTime:0.000050s ]
INFO: [ template_filter ] --END-- [ RunTime:0.000080s ]
INFO: Run Behavior\ParseTemplateBehavior [ RunTime:0.084900s ]
INFO: [ view_parse ] --END-- [ RunTime:0.084994s ]
INFO: [ view_filter ] --START--
INFO: Run Behavior\WriteHtmlCacheBehavior [ RunTime:0.005106s ]
INFO: [ view_filter ] --END-- [ RunTime:0.005161s ]
INFO: [ app_end ] --START--
INFO: Run Behavior\ShowPageTraceBehavior [ RunTime:0.006223s ]
INFO: [ app_end ] --END-- [ RunTime:0.006302s ]

[ 2016-05-19T21:59:15+08:00 ] 10.0.2.2 /LanceLot/admin.php/Movie/setActors/id/39?_=1463666567272
INFO: [ app_init ] --START--
INFO: Run Behavior\BuildLiteBehavior [ RunTime:0.000031s ]
INFO: [ app_init ] --END-- [ RunTime:0.009457s ]
INFO: [ app_begin ] --START--
INFO: Run Behavior\ReadHtmlCacheBehavior [ RunTime:0.008968s ]
INFO: [ app_begin ] --END-- [ RunTime:0.009275s ]
INFO: [ view_parse ] --START--
INFO: [ template_filter ] --START--
INFO: Run Behavior\ContentReplaceBehavior [ RunTime:0.000164s ]
INFO: [ template_filter ] --END-- [ RunTime:0.000390s ]
INFO: Run Behavior\ParseTemplateBehavior [ RunTime:0.097756s ]
INFO: [ view_parse ] --END-- [ RunTime:0.097896s ]
INFO: [ view_filter ] --START--
INFO: Run Behavior\WriteHtmlCacheBehavior [ RunTime:0.008003s ]
INFO: [ view_filter ] --END-- [ RunTime:0.008312s ]
INFO: [ app_end ] --START--
INFO: Run Behavior\ShowPageTraceBehavior [ RunTime:0.011434s ]
INFO: [ app_end ] --END-- [ RunTime:0.011540s ]

[ 2016-05-19T21:59:18+08:00 ] 10.0.2.2 /LanceLot/admin.php/Movie/editactors/id/39?_=1463666570099
INFO: [ app_init ] --START--
INFO: Run Behavior\BuildLiteBehavior [ RunTime:0.000090s ]
INFO: [ app_init ] --END-- [ RunTime:0.007150s ]
INFO: [ app_begin ] --START--
INFO: Run Behavior\ReadHtmlCacheBehavior [ RunTime:0.013002s ]
INFO: [ app_begin ] --END-- [ RunTime:0.013284s ]
SQL: SELECT ma.* FROM ll_actors ma LEFT JOIN ll_movie_actor act ON ma.id=act.aid WHERE act.fid='39' [ RunTime:0.000371s ]
INFO: [ view_parse ] --START--
INFO: [ template_filter ] --START--
INFO: Run Behavior\ContentReplaceBehavior [ RunTime:0.000063s ]
INFO: [ template_filter ] --END-- [ RunTime:0.000128s ]
NOTIC: [8] Undefined variable: numPerPage /var/www/html/LanceLot/Application/Runtime/Cache/Admin/83dfd1ce8800385bee7d3cb263288aea.php 第 3 行.
NOTIC: [8] Undefined index: _order /var/www/html/LanceLot/Application/Runtime/Cache/Admin/83dfd1ce8800385bee7d3cb263288aea.php 第 4 行.
NOTIC: [8] Undefined index: _sort /var/www/html/LanceLot/Application/Runtime/Cache/Admin/83dfd1ce8800385bee7d3cb263288aea.php 第 5 行.
NOTIC: [8] Undefined variable: numPerPage /var/www/html/LanceLot/Application/Runtime/Cache/Admin/83dfd1ce8800385bee7d3cb263288aea.php 第 53 行.
NOTIC: [8] Undefined variable: numPerPage /var/www/html/LanceLot/Application/Runtime/Cache/Admin/83dfd1ce8800385bee7d3cb263288aea.php 第 56 行.
NOTIC: [8] Undefined variable: numPerPage /var/www/html/LanceLot/Application/Runtime/Cache/Admin/83dfd1ce8800385bee7d3cb263288aea.php 第 59 行.
NOTIC: [8] Undefined variable: numPerPage /var/www/html/LanceLot/Application/Runtime/Cache/Admin/83dfd1ce8800385bee7d3cb263288aea.php 第 62 行.
NOTIC: [8] Undefined variable: numPerPage /var/www/html/LanceLot/Application/Runtime/Cache/Admin/83dfd1ce8800385bee7d3cb263288aea.php 第 65 行.
NOTIC: [8] Undefined variable: totalCount /var/www/html/LanceLot/Application/Runtime/Cache/Admin/83dfd1ce8800385bee7d3cb263288aea.php 第 69 行.
NOTIC: [8] Undefined variable: totalCount /var/www/html/LanceLot/Application/Runtime/Cache/Admin/83dfd1ce8800385bee7d3cb263288aea.php 第 72 行.
NOTIC: [8] Undefined variable: numPerPage /var/www/html/LanceLot/Application/Runtime/Cache/Admin/83dfd1ce8800385bee7d3cb263288aea.php 第 72 行.
NOTIC: [8] Undefined variable: currentPage /var/www/html/LanceLot/Application/Runtime/Cache/Admin/83dfd1ce8800385bee7d3cb263288aea.php 第 72 行.
INFO: Run Behavior\ParseTemplateBehavior [ RunTime:0.092610s ]
INFO: [ view_parse ] --END-- [ RunTime:0.093213s ]
INFO: [ view_filter ] --START--
INFO: Run Behavior\WriteHtmlCacheBehavior [ RunTime:0.010655s ]
INFO: [ view_filter ] --END-- [ RunTime:0.010914s ]
INFO: [ app_end ] --START--
INFO: Run Behavior\ShowPageTraceBehavior [ RunTime:0.011296s ]
INFO: [ app_end ] --END-- [ RunTime:0.011692s ]

[ 2016-05-19T21:59:20+08:00 ] 10.0.2.2 /LanceLot/admin.php/Movie/editactors/id/39?_=1463666572442
INFO: [ app_init ] --START--
INFO: Run Behavior\BuildLiteBehavior [ RunTime:0.000096s ]
INFO: [ app_init ] --END-- [ RunTime:0.005386s ]
INFO: [ app_begin ] --START--
INFO: Run Behavior\ReadHtmlCacheBehavior [ RunTime:0.009010s ]
INFO: [ app_begin ] --END-- [ RunTime:0.009240s ]
SQL: SELECT ma.* FROM ll_actors ma LEFT JOIN ll_movie_actor act ON ma.id=act.aid WHERE act.fid='39' [ RunTime:0.000541s ]
INFO: [ view_parse ] --START--
INFO: [ template_filter ] --START--
INFO: Run Behavior\ContentReplaceBehavior [ RunTime:0.000186s ]
INFO: [ template_filter ] --END-- [ RunTime:0.000550s ]
NOTIC: [8] Undefined variable: numPerPage /var/www/html/LanceLot/Application/Runtime/Cache/Admin/83dfd1ce8800385bee7d3cb263288aea.php 第 3 行.
NOTIC: [8] Undefined index: _order /var/www/html/LanceLot/Application/Runtime/Cache/Admin/83dfd1ce8800385bee7d3cb263288aea.php 第 4 行.
NOTIC: [8] Undefined index: _sort /var/www/html/LanceLot/Application/Runtime/Cache/Admin/83dfd1ce8800385bee7d3cb263288aea.php 第 5 行.
NOTIC: [8] Undefined variable: numPerPage /var/www/html/LanceLot/Application/Runtime/Cache/Admin/83dfd1ce8800385bee7d3cb263288aea.php 第 53 行.
NOTIC: [8] Undefined variable: numPerPage /var/www/html/LanceLot/Application/Runtime/Cache/Admin/83dfd1ce8800385bee7d3cb263288aea.php 第 56 行.
NOTIC: [8] Undefined variable: numPerPage /var/www/html/LanceLot/Application/Runtime/Cache/Admin/83dfd1ce8800385bee7d3cb263288aea.php 第 59 行.
NOTIC: [8] Undefined variable: numPerPage /var/www/html/LanceLot/Application/Runtime/Cache/Admin/83dfd1ce8800385bee7d3cb263288aea.php 第 62 行.
NOTIC: [8] Undefined variable: numPerPage /var/www/html/LanceLot/Application/Runtime/Cache/Admin/83dfd1ce8800385bee7d3cb263288aea.php 第 65 行.
NOTIC: [8] Undefined variable: totalCount /var/www/html/LanceLot/Application/Runtime/Cache/Admin/83dfd1ce8800385bee7d3cb263288aea.php 第 69 行.
NOTIC: [8] Undefined variable: totalCount /var/www/html/LanceLot/Application/Runtime/Cache/Admin/83dfd1ce8800385bee7d3cb263288aea.php 第 72 行.
NOTIC: [8] Undefined variable: numPerPage /var/www/html/LanceLot/Application/Runtime/Cache/Admin/83dfd1ce8800385bee7d3cb263288aea.php 第 72 行.
NOTIC: [8] Undefined variable: currentPage /var/www/html/LanceLot/Application/Runtime/Cache/Admin/83dfd1ce8800385bee7d3cb263288aea.php 第 72 行.
INFO: Run Behavior\ParseTemplateBehavior [ RunTime:0.083359s ]
INFO: [ view_parse ] --END-- [ RunTime:0.083485s ]
INFO: [ view_filter ] --START--
INFO: Run Behavior\WriteHtmlCacheBehavior [ RunTime:0.010702s ]
INFO: [ view_filter ] --END-- [ RunTime:0.011050s ]
INFO: [ app_end ] --START--
INFO: Run Behavior\ShowPageTraceBehavior [ RunTime:0.007485s ]
INFO: [ app_end ] --END-- [ RunTime:0.007786s ]

[ 2016-05-19T22:02:16+08:00 ] 10.0.2.2 /LanceLot/admin.php/Movie/setActors/id/39?_=1463666748122
INFO: [ app_init ] --START--
INFO: Run Behavior\BuildLiteBehavior [ RunTime:0.000021s ]
INFO: [ app_init ] --END-- [ RunTime:0.006115s ]
INFO: [ app_begin ] --START--
INFO: Run Behavior\ReadHtmlCacheBehavior [ RunTime:0.004732s ]
INFO: [ app_begin ] --END-- [ RunTime:0.004828s ]
INFO: [ view_parse ] --START--
INFO: [ template_filter ] --START--
INFO: Run Behavior\ContentReplaceBehavior [ RunTime:0.000312s ]
INFO: [ template_filter ] --END-- [ RunTime:0.001233s ]
INFO: Run Behavior\ParseTemplateBehavior [ RunTime:0.046696s ]
INFO: [ view_parse ] --END-- [ RunTime:0.046785s ]
INFO: [ view_filter ] --START--
INFO: Run Behavior\WriteHtmlCacheBehavior [ RunTime:0.004503s ]
INFO: [ view_filter ] --END-- [ RunTime:0.004566s ]
INFO: [ app_end ] --START--
INFO: Run Behavior\ShowPageTraceBehavior [ RunTime:0.004418s ]
INFO: [ app_end ] --END-- [ RunTime:0.004468s ]

[ 2016-05-19T22:06:22+08:00 ] 10.0.2.2 /LanceLot/admin.php/Movie/editactors/id/39?_=1463666993838
INFO: [ app_init ] --START--
INFO: Run Behavior\BuildLiteBehavior [ RunTime:0.000018s ]
INFO: [ app_init ] --END-- [ RunTime:0.003464s ]
INFO: [ app_begin ] --START--
INFO: Run Behavior\ReadHtmlCacheBehavior [ RunTime:0.008004s ]
INFO: [ app_begin ] --END-- [ RunTime:0.008156s ]
SQL: SELECT ma.* FROM ll_actors ma LEFT JOIN ll_movie_actor act ON ma.id=act.aid WHERE act.fid='39' [ RunTime:0.000225s ]
INFO: [ view_parse ] --START--
INFO: [ template_filter ] --START--
INFO: Run Behavior\ContentReplaceBehavior [ RunTime:0.000061s ]
INFO: [ template_filter ] --END-- [ RunTime:0.000121s ]
NOTIC: [8] Undefined variable: numPerPage /var/www/html/LanceLot/Application/Runtime/Cache/Admin/83dfd1ce8800385bee7d3cb263288aea.php 第 3 行.
NOTIC: [8] Undefined index: _order /var/www/html/LanceLot/Application/Runtime/Cache/Admin/83dfd1ce8800385bee7d3cb263288aea.php 第 4 行.
NOTIC: [8] Undefined index: _sort /var/www/html/LanceLot/Application/Runtime/Cache/Admin/83dfd1ce8800385bee7d3cb263288aea.php 第 5 行.
NOTIC: [8] Undefined variable: numPerPage /var/www/html/LanceLot/Application/Runtime/Cache/Admin/83dfd1ce8800385bee7d3cb263288aea.php 第 53 行.
NOTIC: [8] Undefined variable: numPerPage /var/www/html/LanceLot/Application/Runtime/Cache/Admin/83dfd1ce8800385bee7d3cb263288aea.php 第 56 行.
NOTIC: [8] Undefined variable: numPerPage /var/www/html/LanceLot/Application/Runtime/Cache/Admin/83dfd1ce8800385bee7d3cb263288aea.php 第 59 行.
NOTIC: [8] Undefined variable: numPerPage /var/www/html/LanceLot/Application/Runtime/Cache/Admin/83dfd1ce8800385bee7d3cb263288aea.php 第 62 行.
NOTIC: [8] Undefined variable: numPerPage /var/www/html/LanceLot/Application/Runtime/Cache/Admin/83dfd1ce8800385bee7d3cb263288aea.php 第 65 行.
NOTIC: [8] Undefined variable: totalCount /var/www/html/LanceLot/Application/Runtime/Cache/Admin/83dfd1ce8800385bee7d3cb263288aea.php 第 69 行.
NOTIC: [8] Undefined variable: totalCount /var/www/html/LanceLot/Application/Runtime/Cache/Admin/83dfd1ce8800385bee7d3cb263288aea.php 第 72 行.
NOTIC: [8] Undefined variable: numPerPage /var/www/html/LanceLot/Application/Runtime/Cache/Admin/83dfd1ce8800385bee7d3cb263288aea.php 第 72 行.
NOTIC: [8] Undefined variable: currentPage /var/www/html/LanceLot/Application/Runtime/Cache/Admin/83dfd1ce8800385bee7d3cb263288aea.php 第 72 行.
INFO: Run Behavior\ParseTemplateBehavior [ RunTime:0.049553s ]
INFO: [ view_parse ] --END-- [ RunTime:0.049606s ]
INFO: [ view_filter ] --START--
INFO: Run Behavior\WriteHtmlCacheBehavior [ RunTime:0.004891s ]
INFO: [ view_filter ] --END-- [ RunTime:0.004969s ]
INFO: [ app_end ] --START--
INFO: Run Behavior\ShowPageTraceBehavior [ RunTime:0.005145s ]
INFO: [ app_end ] --END-- [ RunTime:0.005219s ]

[ 2016-05-19T22:13:29+08:00 ] 10.0.2.2 /LanceLot/admin.php/Movie/index?_=1463667420731
INFO: [ app_init ] --START--
INFO: Run Behavior\BuildLiteBehavior [ RunTime:0.000028s ]
INFO: [ app_init ] --END-- [ RunTime:0.003510s ]
INFO: [ app_begin ] --START--
INFO: Run Behavior\ReadHtmlCacheBehavior [ RunTime:0.005479s ]
INFO: [ app_begin ] --END-- [ RunTime:0.005582s ]
SQL: SHOW COLUMNS FROM `ll_movie` [ RunTime:0.000545s ]
SQL: SELECT COUNT(*) AS tp_count FROM `ll_movie` LIMIT 1   [ RunTime:0.000137s ]
SQL: SELECT * FROM `ll_movie` ORDER BY id desc LIMIT 0,10   [ RunTime:0.000244s ]
NOTIC: [8] Undefined variable: search /var/www/html/LanceLot/Application/Admin/Controller/CommonController.class.php 第 257 行.
NOTIC: [8] Undefined index: values /var/www/html/LanceLot/Application/Admin/Controller/CommonController.class.php 第 258 行.
INFO: [ view_parse ] --START--
INFO: [ template_filter ] --START--
INFO: Run Behavior\ContentReplaceBehavior [ RunTime:0.000125s ]
INFO: [ template_filter ] --END-- [ RunTime:0.000246s ]
NOTIC: [8] Undefined index: _order /var/www/html/LanceLot/Application/Runtime/Cache/Admin/751bfc1b614f88135413bfdacdc4f115.php 第 4 行.
NOTIC: [8] Undefined index: _sort /var/www/html/LanceLot/Application/Runtime/Cache/Admin/751bfc1b614f88135413bfdacdc4f115.php 第 5 行.
NOTIC: [8] Undefined index: keyword /var/www/html/LanceLot/Application/Runtime/Cache/Admin/751bfc1b614f88135413bfdacdc4f115.php 第 15 行.
NOTIC: [8] Undefined index: _order /var/www/html/LanceLot/Application/Runtime/Cache/Admin/751bfc1b614f88135413bfdacdc4f115.php 第 75 行.
NOTIC: [8] Undefined index: _order /var/www/html/LanceLot/Application/Runtime/Cache/Admin/751bfc1b614f88135413bfdacdc4f115.php 第 79 行.
NOTIC: [8] Undefined index: _order /var/www/html/LanceLot/Application/Runtime/Cache/Admin/751bfc1b614f88135413bfdacdc4f115.php 第 85 行.
NOTIC: [8] Undefined index: _order /var/www/html/LanceLot/Application/Runtime/Cache/Admin/751bfc1b614f88135413bfdacdc4f115.php 第 90 行.
NOTIC: [8] Undefined index: _order /var/www/html/LanceLot/Application/Runtime/Cache/Admin/751bfc1b614f88135413bfdacdc4f115.php 第 93 行.
NOTIC: [8] Undefined index: _order /var/www/html/LanceLot/Application/Runtime/Cache/Admin/751bfc1b614f88135413bfdacdc4f115.php 第 96 行.
NOTIC: [8] Undefined index: _order /var/www/html/LanceLot/Application/Runtime/Cache/Admin/751bfc1b614f88135413bfdacdc4f115.php 第 100 行.
INFO: Run Behavior\ParseTemplateBehavior [ RunTime:0.063547s ]
INFO: [ view_parse ] --END-- [ RunTime:0.063604s ]
INFO: [ view_filter ] --START--
INFO: Run Behavior\WriteHtmlCacheBehavior [ RunTime:0.004075s ]
INFO: [ view_filter ] --END-- [ RunTime:0.004121s ]
INFO: [ app_end ] --START--
INFO: Run Behavior\ShowPageTraceBehavior [ RunTime:0.006412s ]
INFO: [ app_end ] --END-- [ RunTime:0.006671s ]

[ 2016-05-19T22:14:31+08:00 ] 10.0.2.2 /LanceLot/admin.php/Movie/index?_=1463667483196
INFO: [ app_init ] --START--
INFO: Run Behavior\BuildLiteBehavior [ RunTime:0.000018s ]
INFO: [ app_init ] --END-- [ RunTime:0.003456s ]
INFO: [ app_begin ] --START--
INFO: Run Behavior\ReadHtmlCacheBehavior [ RunTime:0.006189s ]
INFO: [ app_begin ] --END-- [ RunTime:0.006285s ]
SQL: SHOW COLUMNS FROM `ll_movie` [ RunTime:0.000557s ]
SQL: SELECT COUNT(*) AS tp_count FROM `ll_movie` LIMIT 1   [ RunTime:0.000138s ]
SQL: SELECT * FROM `ll_movie` ORDER BY id desc LIMIT 0,10   [ RunTime:0.000352s ]
NOTIC: [8] Undefined variable: search /var/www/html/LanceLot/Application/Admin/Controller/CommonController.class.php 第 257 行.
NOTIC: [8] Undefined index: values /var/www/html/LanceLot/Application/Admin/Controller/CommonController.class.php 第 258 行.
INFO: [ view_parse ] --START--
INFO: [ template_filter ] --START--
INFO: Run Behavior\ContentReplaceBehavior [ RunTime:0.000087s ]
INFO: [ template_filter ] --END-- [ RunTime:0.000223s ]
NOTIC: [8] Undefined index: _order /var/www/html/LanceLot/Application/Runtime/Cache/Admin/751bfc1b614f88135413bfdacdc4f115.php 第 4 行.
NOTIC: [8] Undefined index: _sort /var/www/html/LanceLot/Application/Runtime/Cache/Admin/751bfc1b614f88135413bfdacdc4f115.php 第 5 行.
NOTIC: [8] Undefined index: keyword /var/www/html/LanceLot/Application/Runtime/Cache/Admin/751bfc1b614f88135413bfdacdc4f115.php 第 15 行.
NOTIC: [8] Undefined index: _order /var/www/html/LanceLot/Application/Runtime/Cache/Admin/751bfc1b614f88135413bfdacdc4f115.php 第 75 行.
NOTIC: [8] Undefined index: _order /var/www/html/LanceLot/Application/Runtime/Cache/Admin/751bfc1b614f88135413bfdacdc4f115.php 第 79 行.
NOTIC: [8] Undefined index: _order /var/www/html/LanceLot/Application/Runtime/Cache/Admin/751bfc1b614f88135413bfdacdc4f115.php 第 85 行.
NOTIC: [8] Undefined index: _order /var/www/html/LanceLot/Application/Runtime/Cache/Admin/751bfc1b614f88135413bfdacdc4f115.php 第 90 行.
NOTIC: [8] Undefined index: _order /var/www/html/LanceLot/Application/Runtime/Cache/Admin/751bfc1b614f88135413bfdacdc4f115.php 第 93 行.
NOTIC: [8] Undefined index: _order /var/www/html/LanceLot/Application/Runtime/Cache/Admin/751bfc1b614f88135413bfdacdc4f115.php 第 96 行.
NOTIC: [8] Undefined index: _order /var/www/html/LanceLot/Application/Runtime/Cache/Admin/751bfc1b614f88135413bfdacdc4f115.php 第 100 行.
INFO: Run Behavior\ParseTemplateBehavior [ RunTime:0.063282s ]
INFO: [ view_parse ] --END-- [ RunTime:0.063356s ]
INFO: [ view_filter ] --START--
INFO: Run Behavior\WriteHtmlCacheBehavior [ RunTime:0.005058s ]
INFO: [ view_filter ] --END-- [ RunTime:0.005125s ]
INFO: [ app_end ] --START--
INFO: Run Behavior\ShowPageTraceBehavior [ RunTime:0.005315s ]
INFO: [ app_end ] --END-- [ RunTime:0.005392s ]

[ 2016-05-19T22:16:18+08:00 ] 10.0.2.2 /LanceLot/admin.php/Movie/editactors/id/39?_=1463667589487
INFO: [ app_init ] --START--
INFO: Run Behavior\BuildLiteBehavior [ RunTime:0.000120s ]
INFO: [ app_init ] --END-- [ RunTime:0.008857s ]
INFO: [ app_begin ] --START--
INFO: Run Behavior\ReadHtmlCacheBehavior [ RunTime:0.015556s ]
INFO: [ app_begin ] --END-- [ RunTime:0.015772s ]
SQL: SELECT ma.* FROM ll_actors ma LEFT JOIN ll_movie_actor act ON ma.id=act.aid WHERE act.fid='39' [ RunTime:0.001803s ]
INFO: [ view_parse ] --START--
INFO: [ template_filter ] --START--
INFO: Run Behavior\ContentReplaceBehavior [ RunTime:0.000059s ]
INFO: [ template_filter ] --END-- [ RunTime:0.000115s ]
NOTIC: [8] Undefined variable: numPerPage /var/www/html/LanceLot/Application/Runtime/Cache/Admin/83dfd1ce8800385bee7d3cb263288aea.php 第 3 行.
NOTIC: [8] Undefined index: _order /var/www/html/LanceLot/Application/Runtime/Cache/Admin/83dfd1ce8800385bee7d3cb263288aea.php 第 4 行.
NOTIC: [8] Undefined index: _sort /var/www/html/LanceLot/Application/Runtime/Cache/Admin/83dfd1ce8800385bee7d3cb263288aea.php 第 5 行.
NOTIC: [8] Undefined variable: numPerPage /var/www/html/LanceLot/Application/Runtime/Cache/Admin/83dfd1ce8800385bee7d3cb263288aea.php 第 53 行.
NOTIC: [8] Undefined variable: numPerPage /var/www/html/LanceLot/Application/Runtime/Cache/Admin/83dfd1ce8800385bee7d3cb263288aea.php 第 56 行.
NOTIC: [8] Undefined variable: numPerPage /var/www/html/LanceLot/Application/Runtime/Cache/Admin/83dfd1ce8800385bee7d3cb263288aea.php 第 59 行.
NOTIC: [8] Undefined variable: numPerPage /var/www/html/LanceLot/Application/Runtime/Cache/Admin/83dfd1ce8800385bee7d3cb263288aea.php 第 62 行.
NOTIC: [8] Undefined variable: numPerPage /var/www/html/LanceLot/Application/Runtime/Cache/Admin/83dfd1ce8800385bee7d3cb263288aea.php 第 65 行.
NOTIC: [8] Undefined variable: totalCount /var/www/html/LanceLot/Application/Runtime/Cache/Admin/83dfd1ce8800385bee7d3cb263288aea.php 第 69 行.
NOTIC: [8] Undefined variable: totalCount /var/www/html/LanceLot/Application/Runtime/Cache/Admin/83dfd1ce8800385bee7d3cb263288aea.php 第 72 行.
NOTIC: [8] Undefined variable: numPerPage /var/www/html/LanceLot/Application/Runtime/Cache/Admin/83dfd1ce8800385bee7d3cb263288aea.php 第 72 行.
NOTIC: [8] Undefined variable: currentPage /var/www/html/LanceLot/Application/Runtime/Cache/Admin/83dfd1ce8800385bee7d3cb263288aea.php 第 72 行.
INFO: Run Behavior\ParseTemplateBehavior [ RunTime:0.055381s ]
INFO: [ view_parse ] --END-- [ RunTime:0.055477s ]
INFO: [ view_filter ] --START--
INFO: Run Behavior\WriteHtmlCacheBehavior [ RunTime:0.004114s ]
INFO: [ view_filter ] --END-- [ RunTime:0.004158s ]
INFO: [ app_end ] --START--
INFO: Run Behavior\ShowPageTraceBehavior [ RunTime:0.005030s ]
INFO: [ app_end ] --END-- [ RunTime:0.005122s ]

[ 2016-05-19T22:27:25+08:00 ] 10.0.2.2 /LanceLot/admin.php/Mnews/index?_=1463668256710
INFO: [ app_init ] --START--
INFO: Run Behavior\BuildLiteBehavior [ RunTime:0.000027s ]
INFO: [ app_init ] --END-- [ RunTime:0.007991s ]
INFO: [ app_begin ] --START--
INFO: Run Behavior\ReadHtmlCacheBehavior [ RunTime:0.004911s ]
INFO: [ app_begin ] --END-- [ RunTime:0.004985s ]
ERR: 无法加载控制器:Mnews

[ 2016-05-19T22:27:28+08:00 ] 10.0.2.2 /LanceLot/admin.php/Mnews/add?_=1463668260215
INFO: [ app_init ] --START--
INFO: Run Behavior\BuildLiteBehavior [ RunTime:0.000020s ]
INFO: [ app_init ] --END-- [ RunTime:0.004242s ]
INFO: [ app_begin ] --START--
INFO: Run Behavior\ReadHtmlCacheBehavior [ RunTime:0.005043s ]
INFO: [ app_begin ] --END-- [ RunTime:0.005130s ]
ERR: 无法加载控制器:Mnews

[ 2016-05-19T22:27:33+08:00 ] 10.0.2.2 /LanceLot/admin.php/Pnews/index?_=1463668264440
INFO: [ app_init ] --START--
INFO: Run Behavior\BuildLiteBehavior [ RunTime:0.000025s ]
INFO: [ app_init ] --END-- [ RunTime:0.003648s ]
INFO: [ app_begin ] --START--
INFO: Run Behavior\ReadHtmlCacheBehavior [ RunTime:0.005106s ]
INFO: [ app_begin ] --END-- [ RunTime:0.005179s ]
ERR: 无法加载控制器:Pnews

[ 2016-05-19T22:27:36+08:00 ] 10.0.2.2 /LanceLot/admin.php/Comment/index1?_=1463668268015
INFO: [ app_init ] --START--
INFO: Run Behavior\BuildLiteBehavior [ RunTime:0.000022s ]
INFO: [ app_init ] --END-- [ RunTime:0.002303s ]
INFO: [ app_begin ] --START--
INFO: Run Behavior\ReadHtmlCacheBehavior [ RunTime:0.004493s ]
INFO: [ app_begin ] --END-- [ RunTime:0.004573s ]
ERR: 无法加载控制器:Comment

[ 2016-05-19T22:28:56+08:00 ] 10.0.2.2 /LanceLot/admin.php/User/index?_=1463668347223
INFO: [ app_init ] --START--
INFO: Run Behavior\BuildLiteBehavior [ RunTime:0.000017s ]
INFO: [ app_init ] --END-- [ RunTime:0.003274s ]
INFO: [ app_begin ] --START--
INFO: Run Behavior\ReadHtmlCacheBehavior [ RunTime:0.004843s ]
INFO: [ app_begin ] --END-- [ RunTime:0.004914s ]

[ 2016-05-19T22:28:56+08:00 ] 10.0.2.2 /LanceLot/admin.php/Login/index.html
INFO: [ app_init ] --START--
INFO: Run Behavior\BuildLiteBehavior [ RunTime:0.000016s ]
INFO: [ app_init ] --END-- [ RunTime:0.003895s ]
INFO: [ app_begin ] --START--
INFO: Run Behavior\ReadHtmlCacheBehavior [ RunTime:0.009792s ]
INFO: [ app_begin ] --END-- [ RunTime:0.009889s ]
INFO: [ view_parse ] --START--
INFO: [ template_filter ] --START--
INFO: Run Behavior\ContentReplaceBehavior [ RunTime:0.000090s ]
INFO: [ template_filter ] --END-- [ RunTime:0.000199s ]
INFO: Run Behavior\ParseTemplateBehavior [ RunTime:0.045419s ]
INFO: [ view_parse ] --END-- [ RunTime:0.045549s ]
INFO: [ view_filter ] --START--
INFO: Run Behavior\WriteHtmlCacheBehavior [ RunTime:0.005292s ]
INFO: [ view_filter ] --END-- [ RunTime:0.005363s ]
INFO: [ app_end ] --START--
INFO: Run Behavior\ShowPageTraceBehavior [ RunTime:0.004795s ]
INFO: [ app_end ] --END-- [ RunTime:0.004851s ]

[ 2016-05-19T22:28:56+08:00 ] 10.0.2.2 /LanceLot/admin.php/Login/verify
INFO: [ app_init ] --START--
INFO: Run Behavior\BuildLiteBehavior [ RunTime:0.000027s ]
INFO: [ app_init ] --END-- [ RunTime:0.005827s ]
INFO: [ app_begin ] --START--
INFO: Run Behavior\ReadHtmlCacheBehavior [ RunTime:0.006853s ]
INFO: [ app_begin ] --END-- [ RunTime:0.007062s ]
INFO: [ app_end ] --START--
INFO: Run Behavior\ShowPageTraceBehavior [ RunTime:0.004964s ]
INFO: [ app_end ] --END-- [ RunTime:0.005009s ]

[ 2016-05-19T22:28:58+08:00 ] 10.0.2.2 /LanceLot/admin.php/Index/index.html
INFO: [ app_init ] --START--
INFO: Run Behavior\BuildLiteBehavior [ RunTime:0.000019s ]
INFO: [ app_init ] --END-- [ RunTime:0.002484s ]
INFO: [ app_begin ] --START--
INFO: Run Behavior\ReadHtmlCacheBehavior [ RunTime:0.003440s ]
INFO: [ app_begin ] --END-- [ RunTime:0.003527s ]

[ 2016-05-19T22:28:59+08:00 ] 10.0.2.2 /LanceLot/admin.php/Login/index.html
INFO: [ app_init ] --START--
INFO: Run Behavior\BuildLiteBehavior [ RunTime:0.000020s ]
INFO: [ app_init ] --END-- [ RunTime:0.004945s ]
INFO: [ app_begin ] --START--
INFO: Run Behavior\ReadHtmlCacheBehavior [ RunTime:0.004169s ]
INFO: [ app_begin ] --END-- [ RunTime:0.004275s ]
INFO: [ view_parse ] --START--
INFO: [ template_filter ] --START--
INFO: Run Behavior\ContentReplaceBehavior [ RunTime:0.000061s ]
INFO: [ template_filter ] --END-- [ RunTime:0.000128s ]
INFO: Run Behavior\ParseTemplateBehavior [ RunTime:0.042867s ]
INFO: [ view_parse ] --END-- [ RunTime:0.042960s ]
INFO: [ view_filter ] --START--
INFO: Run Behavior\WriteHtmlCacheBehavior [ RunTime:0.003033s ]
INFO: [ view_filter ] --END-- [ RunTime:0.003081s ]
INFO: [ app_end ] --START--
INFO: Run Behavior\ShowPageTraceBehavior [ RunTime:0.003912s ]
INFO: [ app_end ] --END-- [ RunTime:0.003978s ]

[ 2016-05-19T22:28:59+08:00 ] 10.0.2.2 /LanceLot/admin.php/Login/verify
INFO: [ app_init ] --START--
INFO: Run Behavior\BuildLiteBehavior [ RunTime:0.000021s ]
INFO: [ app_init ] --END-- [ RunTime:0.005873s ]
INFO: [ app_begin ] --START--
INFO: Run Behavior\ReadHtmlCacheBehavior [ RunTime:0.006686s ]
INFO: [ app_begin ] --END-- [ RunTime:0.006802s ]
INFO: [ app_end ] --START--
INFO: Run Behavior\ShowPageTraceBehavior [ RunTime:0.004560s ]
INFO: [ app_end ] --END-- [ RunTime:0.004764s ]

[ 2016-05-19T22:29:06+08:00 ] 10.0.2.2 /LanceLot/admin.php/Login/verify/1463668358218
INFO: [ app_init ] --START--
INFO: Run Behavior\BuildLiteBehavior [ RunTime:0.000016s ]
INFO: [ app_init ] --END-- [ RunTime:0.002077s ]
INFO: [ app_begin ] --START--
INFO: Run Behavior\ReadHtmlCacheBehavior [ RunTime:0.003248s ]
INFO: [ app_begin ] --END-- [ RunTime:0.003313s ]
INFO: [ app_end ] --START--
INFO: Run Behavior\ShowPageTraceBehavior [ RunTime:0.004787s ]
INFO: [ app_end ] --END-- [ RunTime:0.004867s ]

[ 2016-05-19T22:29:12+08:00 ] 10.0.2.2 /LanceLot/admin.php/Login/checkLogin/
INFO: [ app_init ] --START--
INFO: Run Behavior\BuildLiteBehavior [ RunTime:0.000018s ]
INFO: [ app_init ] --END-- [ RunTime:0.002781s ]
INFO: [ app_begin ] --START--
INFO: Run Behavior\ReadHtmlCacheBehavior [ RunTime:0.004428s ]
INFO: [ app_begin ] --END-- [ RunTime:0.004559s ]
SQL: SHOW COLUMNS FROM `ll_auser` [ RunTime:0.000405s ]
SQL: SELECT * FROM `ll_auser` WHERE `username` = 'admin' LIMIT 1   [ RunTime:0.000761s ]
SQL: UPDATE `ll_auser` SET `login_time`=1463668152,`login_ip`='10.0.2.2' WHERE `id` = 13 [ RunTime:0.032592s ]

[ 2016-05-19T22:29:12+08:00 ] 10.0.2.2 /LanceLot/admin.php/Index/index.html
INFO: [ app_init ] --START--
INFO: Run Behavior\BuildLiteBehavior [ RunTime:0.000017s ]
INFO: [ app_init ] --END-- [ RunTime:0.002142s ]
INFO: [ app_begin ] --START--
INFO: Run Behavior\ReadHtmlCacheBehavior [ RunTime:0.004296s ]
INFO: [ app_begin ] --END-- [ RunTime:0.004379s ]
INFO: [ view_parse ] --START--
INFO: [ template_filter ] --START--
INFO: Run Behavior\ContentReplaceBehavior [ RunTime:0.000128s ]
INFO: [ template_filter ] --END-- [ RunTime:0.000207s ]
INFO: Run Behavior\ParseTemplateBehavior [ RunTime:0.044575s ]
INFO: [ view_parse ] --END-- [ RunTime:0.044664s ]
INFO: [ view_filter ] --START--
INFO: Run Behavior\WriteHtmlCacheBehavior [ RunTime:0.005230s ]
INFO: [ view_filter ] --END-- [ RunTime:0.005284s ]
INFO: [ app_end ] --START--
INFO: Run Behavior\ShowPageTraceBehavior [ RunTime:0.007583s ]
INFO: [ app_end ] --END-- [ RunTime:0.007670s ]

[ 2016-05-19T22:29:15+08:00 ] 10.0.2.2 /LanceLot/admin.php/User/index?_=1463668366585
INFO: [ app_init ] --START--
INFO: Run Behavior\BuildLiteBehavior [ RunTime:0.000018s ]
INFO: [ app_init ] --END-- [ RunTime:0.002193s ]
INFO: [ app_begin ] --START--
INFO: Run Behavior\ReadHtmlCacheBehavior [ RunTime:0.003371s ]
INFO: [ app_begin ] --END-- [ RunTime:0.003436s ]
SQL: SHOW COLUMNS FROM `ll_user` [ RunTime:0.000488s ]
SQL: SELECT COUNT(*) AS tp_count FROM `ll_user` LIMIT 1   [ RunTime:0.000143s ]
SQL: SELECT * FROM `ll_user` ORDER BY id desc LIMIT 0,10   [ RunTime:0.000254s ]
SQL: SHOW COLUMNS FROM `ll_ulevel` [ RunTime:0.000331s ]
SQL: SELECT `levelname` FROM `ll_ulevel` WHERE ( level=1 ) LIMIT 1   [ RunTime:0.000116s ]
SQL: SELECT `levelname` FROM `ll_ulevel` WHERE ( level=1 ) LIMIT 1   [ RunTime:0.000089s ]
SQL: SELECT `levelname` FROM `ll_ulevel` WHERE ( level=1 ) LIMIT 1   [ RunTime:0.000081s ]
SQL: SELECT `levelname` FROM `ll_ulevel` WHERE ( level=1 ) LIMIT 1   [ RunTime:0.000172s ]
SQL: SELECT `levelname` FROM `ll_ulevel` WHERE ( level=1 ) LIMIT 1   [ RunTime:0.000094s ]
SQL: SELECT `levelname` FROM `ll_ulevel` WHERE ( level=1 ) LIMIT 1   [ RunTime:0.000085s ]
SQL: SELECT `levelname` FROM `ll_ulevel` WHERE ( level=1 ) LIMIT 1   [ RunTime:0.000083s ]
SQL: SELECT `levelname` FROM `ll_ulevel` WHERE ( level=1 ) LIMIT 1   [ RunTime:0.000097s ]
SQL: SELECT `levelname` FROM `ll_ulevel` WHERE ( level=1 ) LIMIT 1   [ RunTime:0.000082s ]
SQL: SELECT `levelname` FROM `ll_ulevel` WHERE ( level=1 ) LIMIT 1   [ RunTime:0.000081s ]
NOTIC: [8] Undefined variable: search /var/www/html/LanceLot/Application/Admin/Controller/CommonController.class.php 第 257 行.
NOTIC: [8] Undefined index: values /var/www/html/LanceLot/Application/Admin/Controller/CommonController.class.php 第 258 行.
INFO: [ view_parse ] --START--
INFO: [ template_filter ] --START--
INFO: Run Behavior\ContentReplaceBehavior [ RunTime:0.000067s ]
INFO: [ template_filter ] --END-- [ RunTime:0.000128s ]
NOTIC: [8] Undefined index: _order /var/www/html/LanceLot/Application/Runtime/Cache/Admin/65e605872ed5d34210f5b33beb13f5a3.php 第 4 行.
NOTIC: [8] Undefined index: _sort /var/www/html/LanceLot/Application/Runtime/Cache/Admin/65e605872ed5d34210f5b33beb13f5a3.php 第 5 行.
NOTIC: [8] Undefined index: keyword /var/www/html/LanceLot/Application/Runtime/Cache/Admin/65e605872ed5d34210f5b33beb13f5a3.php 第 14 行.
NOTIC: [8] Undefined index: _order /var/www/html/LanceLot/Application/Runtime/Cache/Admin/65e605872ed5d34210f5b33beb13f5a3.php 第 36 行.
NOTIC: [8] Undefined index: _order /var/www/html/LanceLot/Application/Runtime/Cache/Admin/65e605872ed5d34210f5b33beb13f5a3.php 第 43 行.
NOTIC: [8] Undefined index: _order /var/www/html/LanceLot/Application/Runtime/Cache/Admin/65e605872ed5d34210f5b33beb13f5a3.php 第 46 行.
NOTIC: [8] Undefined index: _order /var/www/html/LanceLot/Application/Runtime/Cache/Admin/65e605872ed5d34210f5b33beb13f5a3.php 第 49 行.
INFO: Run Behavior\ParseTemplateBehavior [ RunTime:0.079984s ]
INFO: [ view_parse ] --END-- [ RunTime:0.080078s ]
INFO: [ view_filter ] --START--
INFO: Run Behavior\WriteHtmlCacheBehavior [ RunTime:0.005060s ]
INFO: [ view_filter ] --END-- [ RunTime:0.006020s ]
INFO: [ app_end ] --START--
INFO: Run Behavior\ShowPageTraceBehavior [ RunTime:0.003998s ]
INFO: [ app_end ] --END-- [ RunTime:0.004075s ]

[ 2016-05-19T22:29:45+08:00 ] 10.0.2.2 /LanceLot/admin.php/User/index
INFO: [ app_init ] --START--
INFO: Run Behavior\BuildLiteBehavior [ RunTime:0.000021s ]
INFO: [ app_init ] --END-- [ RunTime:0.003544s ]
INFO: [ app_begin ] --START--
INFO: Run Behavior\ReadHtmlCacheBehavior [ RunTime:0.004669s ]
INFO: [ app_begin ] --END-- [ RunTime:0.004752s ]
SQL: SHOW COLUMNS FROM `ll_user` [ RunTime:0.000490s ]
SQL: SELECT COUNT(*) AS tp_count FROM `ll_user` LIMIT 1   [ RunTime:0.000389s ]
SQL: SELECT * FROM `ll_user` ORDER BY id desc LIMIT 10,10   [ RunTime:0.000263s ]
SQL: SHOW COLUMNS FROM `ll_ulevel` [ RunTime:0.001088s ]
SQL: SELECT `levelname` FROM `ll_ulevel` WHERE ( level=1 ) LIMIT 1   [ RunTime:0.000102s ]
SQL: SELECT `levelname` FROM `ll_ulevel` WHERE ( level=1 ) LIMIT 1   [ RunTime:0.000081s ]
SQL: SELECT `levelname` FROM `ll_ulevel` WHERE ( level=3 ) LIMIT 1   [ RunTime:0.000093s ]
NOTIC: [8] Undefined variable: search /var/www/html/LanceLot/Application/Admin/Controller/CommonController.class.php 第 257 行.
NOTIC: [8] Undefined index: values /var/www/html/LanceLot/Application/Admin/Controller/CommonController.class.php 第 258 行.
INFO: [ view_parse ] --START--
INFO: [ template_filter ] --START--
INFO: Run Behavior\ContentReplaceBehavior [ RunTime:0.000635s ]
INFO: [ template_filter ] --END-- [ RunTime:0.000744s ]
INFO: Run Behavior\ParseTemplateBehavior [ RunTime:0.045608s ]
INFO: [ view_parse ] --END-- [ RunTime:0.045679s ]
INFO: [ view_filter ] --START--
INFO: Run Behavior\WriteHtmlCacheBehavior [ RunTime:0.003253s ]
INFO: [ view_filter ] --END-- [ RunTime:0.003299s ]
INFO: [ app_end ] --START--
INFO: Run Behavior\ShowPageTraceBehavior [ RunTime:0.003520s ]
INFO: [ app_end ] --END-- [ RunTime:0.003573s ]

[ 2016-05-19T22:30:04+08:00 ] 10.0.2.2 /LanceLot/admin.php/User/detail/id/2?_=1463668415341
INFO: [ app_init ] --START--
INFO: Run Behavior\BuildLiteBehavior [ RunTime:0.000020s ]
INFO: [ app_init ] --END-- [ RunTime:0.007222s ]
INFO: [ app_begin ] --START--
INFO: Run Behavior\ReadHtmlCacheBehavior [ RunTime:0.008881s ]
INFO: [ app_begin ] --END-- [ RunTime:0.009021s ]
SQL: SHOW COLUMNS FROM `ll_user` [ RunTime:0.002088s ]
SQL: SELECT * FROM `ll_user` WHERE `id` = 2 LIMIT 1   [ RunTime:0.000957s ]
INFO: [ view_parse ] --START--
INFO: [ template_filter ] --START--
INFO: Run Behavior\ContentReplaceBehavior [ RunTime:0.000089s ]
INFO: [ template_filter ] --END-- [ RunTime:0.000186s ]
NOTIC: [8] Undefined variable: type /var/www/html/LanceLot/Application/Runtime/Cache/Admin/44de373aafae047c991449fdb71971e3.php 第 1 行.
NOTIC: [8] Undefined variable: numPerPage /var/www/html/LanceLot/Application/Runtime/Cache/Admin/44de373aafae047c991449fdb71971e3.php 第 3 行.
NOTIC: [8] Undefined index: _order /var/www/html/LanceLot/Application/Runtime/Cache/Admin/44de373aafae047c991449fdb71971e3.php 第 4 行.
NOTIC: [8] Undefined index: _sort /var/www/html/LanceLot/Application/Runtime/Cache/Admin/44de373aafae047c991449fdb71971e3.php 第 5 行.
NOTIC: [8] Undefined variable: type /var/www/html/LanceLot/Application/Runtime/Cache/Admin/44de373aafae047c991449fdb71971e3.php 第 135 行.
NOTIC: [8] Undefined variable: list /var/www/html/LanceLot/Application/Runtime/Cache/Admin/44de373aafae047c991449fdb71971e3.php 第 141 行.
NOTIC: [8] Undefined variable: numPerPage /var/www/html/LanceLot/Application/Runtime/Cache/Admin/44de373aafae047c991449fdb71971e3.php 第 158 行.
NOTIC: [8] Undefined variable: numPerPage /var/www/html/LanceLot/Application/Runtime/Cache/Admin/44de373aafae047c991449fdb71971e3.php 第 161 行.
NOTIC: [8] Undefined variable: numPerPage /var/www/html/LanceLot/Application/Runtime/Cache/Admin/44de373aafae047c991449fdb71971e3.php 第 164 行.
NOTIC: [8] Undefined variable: numPerPage /var/www/html/LanceLot/Application/Runtime/Cache/Admin/44de373aafae047c991449fdb71971e3.php 第 167 行.
NOTIC: [8] Undefined variable: numPerPage /var/www/html/LanceLot/Application/Runtime/Cache/Admin/44de373aafae047c991449fdb71971e3.php 第 170 行.
NOTIC: [8] Undefined variable: totalCount /var/www/html/LanceLot/Application/Runtime/Cache/Admin/44de373aafae047c991449fdb71971e3.php 第 174 行.
NOTIC: [8] Undefined variable: totalCount /var/www/html/LanceLot/Application/Runtime/Cache/Admin/44de373aafae047c991449fdb71971e3.php 第 177 行.
NOTIC: [8] Undefined variable: numPerPage /var/www/html/LanceLot/Application/Runtime/Cache/Admin/44de373aafae047c991449fdb71971e3.php 第 177 行.
NOTIC: [8] Undefined variable: currentPage /var/www/html/LanceLot/Application/Runtime/Cache/Admin/44de373aafae047c991449fdb71971e3.php 第 177 行.
INFO: Run Behavior\ParseTemplateBehavior [ RunTime:0.128663s ]
INFO: [ view_parse ] --END-- [ RunTime:0.128767s ]
INFO: [ view_filter ] --START--
INFO: Run Behavior\WriteHtmlCacheBehavior [ RunTime:0.005418s ]
INFO: [ view_filter ] --END-- [ RunTime:0.005499s ]
INFO: [ app_end ] --START--
INFO: Run Behavior\ShowPageTraceBehavior [ RunTime:0.006872s ]
INFO: [ app_end ] --END-- [ RunTime:0.006988s ]

[ 2016-05-19T22:30:21+08:00 ] 10.0.2.2 /LanceLot/admin.php/User/index?_=1463668432870
INFO: [ app_init ] --START--
INFO: Run Behavior\BuildLiteBehavior [ RunTime:0.000021s ]
INFO: [ app_init ] --END-- [ RunTime:0.002505s ]
INFO: [ app_begin ] --START--
INFO: Run Behavior\ReadHtmlCacheBehavior [ RunTime:0.003946s ]
INFO: [ app_begin ] --END-- [ RunTime:0.004033s ]
SQL: SHOW COLUMNS FROM `ll_user` [ RunTime:0.000343s ]
SQL: SELECT COUNT(*) AS tp_count FROM `ll_user` LIMIT 1   [ RunTime:0.000134s ]
SQL: SELECT * FROM `ll_user` ORDER BY id desc LIMIT 0,10   [ RunTime:0.000280s ]
SQL: SHOW COLUMNS FROM `ll_ulevel` [ RunTime:0.000305s ]
SQL: SELECT `levelname` FROM `ll_ulevel` WHERE ( level=1 ) LIMIT 1   [ RunTime:0.000132s ]
SQL: SELECT `levelname` FROM `ll_ulevel` WHERE ( level=1 ) LIMIT 1   [ RunTime:0.000182s ]
SQL: SELECT `levelname` FROM `ll_ulevel` WHERE ( level=1 ) LIMIT 1   [ RunTime:0.000092s ]
SQL: SELECT `levelname` FROM `ll_ulevel` WHERE ( level=1 ) LIMIT 1   [ RunTime:0.000083s ]
SQL: SELECT `levelname` FROM `ll_ulevel` WHERE ( level=1 ) LIMIT 1   [ RunTime:0.000120s ]
SQL: SELECT `levelname` FROM `ll_ulevel` WHERE ( level=1 ) LIMIT 1   [ RunTime:0.000088s ]
SQL: SELECT `levelname` FROM `ll_ulevel` WHERE ( level=1 ) LIMIT 1   [ RunTime:0.000751s ]
SQL: SELECT `levelname` FROM `ll_ulevel` WHERE ( level=1 ) LIMIT 1   [ RunTime:0.000085s ]
SQL: SELECT `levelname` FROM `ll_ulevel` WHERE ( level=1 ) LIMIT 1   [ RunTime:0.000034s ]
SQL: SELECT `levelname` FROM `ll_ulevel` WHERE ( level=1 ) LIMIT 1   [ RunTime:0.000026s ]
NOTIC: [8] Undefined variable: search /var/www/html/LanceLot/Application/Admin/Controller/CommonController.class.php 第 257 行.
NOTIC: [8] Undefined index: values /var/www/html/LanceLot/Application/Admin/Controller/CommonController.class.php 第 258 行.
INFO: [ view_parse ] --START--
INFO: [ template_filter ] --START--
INFO: Run Behavior\ContentReplaceBehavior [ RunTime:0.000116s ]
INFO: [ template_filter ] --END-- [ RunTime:0.000212s ]
NOTIC: [8] Undefined index: _order /var/www/html/LanceLot/Application/Runtime/Cache/Admin/65e605872ed5d34210f5b33beb13f5a3.php 第 4 行.
NOTIC: [8] Undefined index: _sort /var/www/html/LanceLot/Application/Runtime/Cache/Admin/65e605872ed5d34210f5b33beb13f5a3.php 第 5 行.
NOTIC: [8] Undefined index: keyword /var/www/html/LanceLot/Application/Runtime/Cache/Admin/65e605872ed5d34210f5b33beb13f5a3.php 第 14 行.
NOTIC: [8] Undefined index: _order /var/www/html/LanceLot/Application/Runtime/Cache/Admin/65e605872ed5d34210f5b33beb13f5a3.php 第 36 行.
NOTIC: [8] Undefined index: _order /var/www/html/LanceLot/Application/Runtime/Cache/Admin/65e605872ed5d34210f5b33beb13f5a3.php 第 43 行.
NOTIC: [8] Undefined index: _order /var/www/html/LanceLot/Application/Runtime/Cache/Admin/65e605872ed5d34210f5b33beb13f5a3.php 第 46 行.
NOTIC: [8] Undefined index: _order /var/www/html/LanceLot/Application/Runtime/Cache/Admin/65e605872ed5d34210f5b33beb13f5a3.php 第 49 行.
INFO: Run Behavior\ParseTemplateBehavior [ RunTime:0.058115s ]
INFO: [ view_parse ] --END-- [ RunTime:0.058202s ]
INFO: [ view_filter ] --START--
INFO: Run Behavior\WriteHtmlCacheBehavior [ RunTime:0.004611s ]
INFO: [ view_filter ] --END-- [ RunTime:0.004688s ]
INFO: [ app_end ] --START--
INFO: Run Behavior\ShowPageTraceBehavior [ RunTime:0.003485s ]
INFO: [ app_end ] --END-- [ RunTime:0.003548s ]

[ 2016-05-19T22:31:42+08:00 ] 10.0.2.2 /LanceLot/admin.php/User/index
INFO: [ app_init ] --START--
INFO: Run Behavior\BuildLiteBehavior [ RunTime:0.000018s ]
INFO: [ app_init ] --END-- [ RunTime:0.002438s ]
INFO: [ app_begin ] --START--
INFO: Run Behavior\ReadHtmlCacheBehavior [ RunTime:0.003493s ]
INFO: [ app_begin ] --END-- [ RunTime:0.003551s ]
SQL: SHOW COLUMNS FROM `ll_user` [ RunTime:0.000278s ]
SQL: SELECT COUNT(*) AS tp_count FROM `ll_user` LIMIT 1   [ RunTime:0.000134s ]
SQL: SELECT * FROM `ll_user` ORDER BY id desc LIMIT 10,10   [ RunTime:0.000241s ]
SQL: SHOW COLUMNS FROM `ll_ulevel` [ RunTime:0.000328s ]
SQL: SELECT `levelname` FROM `ll_ulevel` WHERE ( level=1 ) LIMIT 1   [ RunTime:0.000107s ]
SQL: SELECT `levelname` FROM `ll_ulevel` WHERE ( level=1 ) LIMIT 1   [ RunTime:0.000100s ]
SQL: SELECT `levelname` FROM `ll_ulevel` WHERE ( level=3 ) LIMIT 1   [ RunTime:0.000088s ]
NOTIC: [8] Undefined variable: search /var/www/html/LanceLot/Application/Admin/Controller/CommonController.class.php 第 257 行.
NOTIC: [8] Undefined index: values /var/www/html/LanceLot/Application/Admin/Controller/CommonController.class.php 第 258 行.
INFO: [ view_parse ] --START--
INFO: [ template_filter ] --START--
INFO: Run Behavior\ContentReplaceBehavior [ RunTime:0.000057s ]
INFO: [ template_filter ] --END-- [ RunTime:0.000113s ]
INFO: Run Behavior\ParseTemplateBehavior [ RunTime:0.047634s ]
INFO: [ view_parse ] --END-- [ RunTime:0.047701s ]
INFO: [ view_filter ] --START--
INFO: Run Behavior\WriteHtmlCacheBehavior [ RunTime:0.004303s ]
INFO: [ view_filter ] --END-- [ RunTime:0.004368s ]
INFO: [ app_end ] --START--
INFO: Run Behavior\ShowPageTraceBehavior [ RunTime:0.004662s ]
INFO: [ app_end ] --END-- [ RunTime:0.004715s ]

[ 2016-05-19T22:32:03+08:00 ] 10.0.2.2 /LanceLot/admin.php/User/detail/id/1?_=1463668533873
INFO: [ app_init ] --START--
INFO: Run Behavior\BuildLiteBehavior [ RunTime:0.000054s ]
INFO: [ app_init ] --END-- [ RunTime:0.007912s ]
INFO: [ app_begin ] --START--
INFO: Run Behavior\ReadHtmlCacheBehavior [ RunTime:0.009528s ]
INFO: [ app_begin ] --END-- [ RunTime:0.009762s ]
SQL: SHOW COLUMNS FROM `ll_user` [ RunTime:0.003017s ]
SQL: SELECT * FROM `ll_user` WHERE `id` = 1 LIMIT 1   [ RunTime:0.000371s ]
INFO: [ view_parse ] --START--
INFO: [ template_filter ] --START--
INFO: Run Behavior\ContentReplaceBehavior [ RunTime:0.000316s ]
INFO: [ template_filter ] --END-- [ RunTime:0.000556s ]
NOTIC: [8] Undefined variable: type /var/www/html/LanceLot/Application/Runtime/Cache/Admin/44de373aafae047c991449fdb71971e3.php 第 1 行.
NOTIC: [8] Undefined variable: numPerPage /var/www/html/LanceLot/Application/Runtime/Cache/Admin/44de373aafae047c991449fdb71971e3.php 第 3 行.
NOTIC: [8] Undefined index: _order /var/www/html/LanceLot/Application/Runtime/Cache/Admin/44de373aafae047c991449fdb71971e3.php 第 4 行.
NOTIC: [8] Undefined index: _sort /var/www/html/LanceLot/Application/Runtime/Cache/Admin/44de373aafae047c991449fdb71971e3.php 第 5 行.
NOTIC: [8] Undefined variable: type /var/www/html/LanceLot/Application/Runtime/Cache/Admin/44de373aafae047c991449fdb71971e3.php 第 135 行.
NOTIC: [8] Undefined variable: list /var/www/html/LanceLot/Application/Runtime/Cache/Admin/44de373aafae047c991449fdb71971e3.php 第 141 行.
NOTIC: [8] Undefined variable: numPerPage /var/www/html/LanceLot/Application/Runtime/Cache/Admin/44de373aafae047c991449fdb71971e3.php 第 158 行.
NOTIC: [8] Undefined variable: numPerPage /var/www/html/LanceLot/Application/Runtime/Cache/Admin/44de373aafae047c991449fdb71971e3.php 第 161 行.
NOTIC: [8] Undefined variable: numPerPage /var/www/html/LanceLot/Application/Runtime/Cache/Admin/44de373aafae047c991449fdb71971e3.php 第 164 行.
NOTIC: [8] Undefined variable: numPerPage /var/www/html/LanceLot/Application/Runtime/Cache/Admin/44de373aafae047c991449fdb71971e3.php 第 167 行.
NOTIC: [8] Undefined variable: numPerPage /var/www/html/LanceLot/Application/Runtime/Cache/Admin/44de373aafae047c991449fdb71971e3.php 第 170 行.
NOTIC: [8] Undefined variable: totalCount /var/www/html/LanceLot/Application/Runtime/Cache/Admin/44de373aafae047c991449fdb71971e3.php 第 174 行.
NOTIC: [8] Undefined variable: totalCount /var/www/html/LanceLot/Application/Runtime/Cache/Admin/44de373aafae047c991449fdb71971e3.php 第 177 行.
NOTIC: [8] Undefined variable: numPerPage /var/www/html/LanceLot/Application/Runtime/Cache/Admin/44de373aafae047c991449fdb71971e3.php 第 177 行.
NOTIC: [8] Undefined variable: currentPage /var/www/html/LanceLot/Application/Runtime/Cache/Admin/44de373aafae047c991449fdb71971e3.php 第 177 行.
INFO: Run Behavior\ParseTemplateBehavior [ RunTime:0.109212s ]
INFO: [ view_parse ] --END-- [ RunTime:0.109373s ]
INFO: [ view_filter ] --START--
INFO: Run Behavior\WriteHtmlCacheBehavior [ RunTime:0.004212s ]
INFO: [ view_filter ] --END-- [ RunTime:0.004291s ]
INFO: [ app_end ] --START--
INFO: Run Behavior\ShowPageTraceBehavior [ RunTime:0.006025s ]
INFO: [ app_end ] --END-- [ RunTime:0.006130s ]

[ 2016-05-19T22:32:06+08:00 ] 10.0.2.2 /LanceLot/admin.php/User/free/id/1/navTabId/userlist
INFO: [ app_init ] --START--
INFO: Run Behavior\BuildLiteBehavior [ RunTime:0.000016s ]
INFO: [ app_init ] --END-- [ RunTime:0.002346s ]
INFO: [ app_begin ] --START--
INFO: Run Behavior\ReadHtmlCacheBehavior [ RunTime:0.009345s ]
INFO: [ app_begin ] --END-- [ RunTime:0.009459s ]
SQL: SHOW COLUMNS FROM `ll_user` [ RunTime:0.001166s ]
SQL: UPDATE `ll_user` SET `disable`=0 WHERE `id` = 1 [ RunTime:0.000182s ]

[ 2016-05-19T22:32:14+08:00 ] 10.0.2.2 /LanceLot/admin.php/User/index?_=1463668545765
INFO: [ app_init ] --START--
INFO: Run Behavior\BuildLiteBehavior [ RunTime:0.000016s ]
INFO: [ app_init ] --END-- [ RunTime:0.003216s ]
INFO: [ app_begin ] --START--
INFO: Run Behavior\ReadHtmlCacheBehavior [ RunTime:0.004968s ]
INFO: [ app_begin ] --END-- [ RunTime:0.005043s ]
SQL: SHOW COLUMNS FROM `ll_user` [ RunTime:0.000969s ]
SQL: SELECT COUNT(*) AS tp_count FROM `ll_user` LIMIT 1   [ RunTime:0.000000s ]
SQL: SELECT * FROM `ll_user` ORDER BY id desc LIMIT 0,10   [ RunTime:0.000268s ]
SQL: SHOW COLUMNS FROM `ll_ulevel` [ RunTime:0.000291s ]
SQL: SELECT `levelname` FROM `ll_ulevel` WHERE ( level=1 ) LIMIT 1   [ RunTime:0.000124s ]
SQL: SELECT `levelname` FROM `ll_ulevel` WHERE ( level=1 ) LIMIT 1   [ RunTime:0.000082s ]
SQL: SELECT `levelname` FROM `ll_ulevel` WHERE ( level=1 ) LIMIT 1   [ RunTime:0.000058s ]
SQL: SELECT `levelname` FROM `ll_ulevel` WHERE ( level=1 ) LIMIT 1   [ RunTime:0.000007s ]
SQL: SELECT `levelname` FROM `ll_ulevel` WHERE ( level=1 ) LIMIT 1   [ RunTime:0.000088s ]
SQL: SELECT `levelname` FROM `ll_ulevel` WHERE ( level=1 ) LIMIT 1   [ RunTime:0.000082s ]
SQL: SELECT `levelname` FROM `ll_ulevel` WHERE ( level=1 ) LIMIT 1   [ RunTime:0.000094s ]
SQL: SELECT `levelname` FROM `ll_ulevel` WHERE ( level=1 ) LIMIT 1   [ RunTime:0.000080s ]
SQL: SELECT `levelname` FROM `ll_ulevel` WHERE ( level=1 ) LIMIT 1   [ RunTime:0.000085s ]
SQL: SELECT `levelname` FROM `ll_ulevel` WHERE ( level=1 ) LIMIT 1   [ RunTime:0.000427s ]
NOTIC: [8] Undefined variable: search /var/www/html/LanceLot/Application/Admin/Controller/CommonController.class.php 第 257 行.
NOTIC: [8] Undefined index: values /var/www/html/LanceLot/Application/Admin/Controller/CommonController.class.php 第 258 行.
INFO: [ view_parse ] --START--
INFO: [ template_filter ] --START--
INFO: Run Behavior\ContentReplaceBehavior [ RunTime:0.000041s ]
INFO: [ template_filter ] --END-- [ RunTime:0.000073s ]
NOTIC: [8] Undefined index: _order /var/www/html/LanceLot/Application/Runtime/Cache/Admin/65e605872ed5d34210f5b33beb13f5a3.php 第 4 行.
NOTIC: [8] Undefined index: _sort /var/www/html/LanceLot/Application/Runtime/Cache/Admin/65e605872ed5d34210f5b33beb13f5a3.php 第 5 行.
NOTIC: [8] Undefined index: keyword /var/www/html/LanceLot/Application/Runtime/Cache/Admin/65e605872ed5d34210f5b33beb13f5a3.php 第 14 行.
NOTIC: [8] Undefined index: _order /var/www/html/LanceLot/Application/Runtime/Cache/Admin/65e605872ed5d34210f5b33beb13f5a3.php 第 36 行.
NOTIC: [8] Undefined index: _order /var/www/html/LanceLot/Application/Runtime/Cache/Admin/65e605872ed5d34210f5b33beb13f5a3.php 第 43 行.
NOTIC: [8] Undefined index: _order /var/www/html/LanceLot/Application/Runtime/Cache/Admin/65e605872ed5d34210f5b33beb13f5a3.php 第 46 行.
NOTIC: [8] Undefined index: _order /var/www/html/LanceLot/Application/Runtime/Cache/Admin/65e605872ed5d34210f5b33beb13f5a3.php 第 49 行.
INFO: Run Behavior\ParseTemplateBehavior [ RunTime:0.068662s ]
INFO: [ view_parse ] --END-- [ RunTime:0.068756s ]
INFO: [ view_filter ] --START--
INFO: Run Behavior\WriteHtmlCacheBehavior [ RunTime:0.003076s ]
INFO: [ view_filter ] --END-- [ RunTime:0.003136s ]
INFO: [ app_end ] --START--
INFO: Run Behavior\ShowPageTraceBehavior [ RunTime:0.003432s ]
INFO: [ app_end ] --END-- [ RunTime:0.003480s ]

[ 2016-05-19T22:32:16+08:00 ] 10.0.2.2 /LanceLot/admin.php/User/index
INFO: [ app_init ] --START--
INFO: Run Behavior\BuildLiteBehavior [ RunTime:0.000024s ]
INFO: [ app_init ] --END-- [ RunTime:0.004287s ]
INFO: [ app_begin ] --START--
INFO: Run Behavior\ReadHtmlCacheBehavior [ RunTime:0.005581s ]
INFO: [ app_begin ] --END-- [ RunTime:0.005663s ]
SQL: SHOW COLUMNS FROM `ll_user` [ RunTime:0.000653s ]
SQL: SELECT COUNT(*) AS tp_count FROM `ll_user` LIMIT 1   [ RunTime:0.000189s ]
SQL: SELECT * FROM `ll_user` ORDER BY id desc LIMIT 10,10   [ RunTime:0.000357s ]
SQL: SHOW COLUMNS FROM `ll_ulevel` [ RunTime:0.001353s ]
SQL: SELECT `levelname` FROM `ll_ulevel` WHERE ( level=1 ) LIMIT 1   [ RunTime:0.000582s ]
SQL: SELECT `levelname` FROM `ll_ulevel` WHERE ( level=1 ) LIMIT 1   [ RunTime:0.000216s ]
SQL: SELECT `levelname` FROM `ll_ulevel` WHERE ( level=3 ) LIMIT 1   [ RunTime:0.000301s ]
NOTIC: [8] Undefined variable: search /var/www/html/LanceLot/Application/Admin/Controller/CommonController.class.php 第 257 行.
NOTIC: [8] Undefined index: values /var/www/html/LanceLot/Application/Admin/Controller/CommonController.class.php 第 258 行.
INFO: [ view_parse ] --START--
INFO: [ template_filter ] --START--
INFO: Run Behavior\ContentReplaceBehavior [ RunTime:0.000061s ]
INFO: [ template_filter ] --END-- [ RunTime:0.000151s ]
INFO: Run Behavior\ParseTemplateBehavior [ RunTime:0.067240s ]
INFO: [ view_parse ] --END-- [ RunTime:0.067356s ]
INFO: [ view_filter ] --START--
INFO: Run Behavior\WriteHtmlCacheBehavior [ RunTime:0.005060s ]
INFO: [ view_filter ] --END-- [ RunTime:0.005139s ]
INFO: [ app_end ] --START--
INFO: Run Behavior\ShowPageTraceBehavior [ RunTime:0.006826s ]
INFO: [ app_end ] --END-- [ RunTime:0.006931s ]

[ 2016-05-19T22:42:26+08:00 ] 10.0.2.2 /LanceLot/admin.php/User/index?_=1463669157433
INFO: [ app_init ] --START--
INFO: Run Behavior\BuildLiteBehavior [ RunTime:0.000017s ]
INFO: [ app_init ] --END-- [ RunTime:0.002214s ]
INFO: [ app_begin ] --START--
INFO: Run Behavior\ReadHtmlCacheBehavior [ RunTime:0.004980s ]
INFO: [ app_begin ] --END-- [ RunTime:0.005254s ]
SQL: SHOW COLUMNS FROM `ll_user` [ RunTime:0.000467s ]
SQL: SELECT COUNT(*) AS tp_count FROM `ll_user` LIMIT 1   [ RunTime:0.000134s ]
SQL: SELECT * FROM `ll_user` ORDER BY id desc LIMIT 0,10   [ RunTime:0.000220s ]
SQL: SHOW COLUMNS FROM `ll_ulevel` [ RunTime:0.000423s ]
SQL: SELECT `levelname` FROM `ll_ulevel` WHERE ( level=1 ) LIMIT 1   [ RunTime:0.000123s ]
SQL: SELECT `levelname` FROM `ll_ulevel` WHERE ( level=1 ) LIMIT 1   [ RunTime:0.000140s ]
SQL: SELECT `levelname` FROM `ll_ulevel` WHERE ( level=1 ) LIMIT 1   [ RunTime:0.000105s ]
SQL: SELECT `levelname` FROM `ll_ulevel` WHERE ( level=1 ) LIMIT 1   [ RunTime:0.000136s ]
SQL: SELECT `levelname` FROM `ll_ulevel` WHERE ( level=1 ) LIMIT 1   [ RunTime:0.000194s ]
SQL: SELECT `levelname` FROM `ll_ulevel` WHERE ( level=1 ) LIMIT 1   [ RunTime:0.000159s ]
SQL: SELECT `levelname` FROM `ll_ulevel` WHERE ( level=1 ) LIMIT 1   [ RunTime:0.000115s ]
SQL: SELECT `levelname` FROM `ll_ulevel` WHERE ( level=1 ) LIMIT 1   [ RunTime:0.000096s ]
SQL: SELECT `levelname` FROM `ll_ulevel` WHERE ( level=1 ) LIMIT 1   [ RunTime:0.000117s ]
SQL: SELECT `levelname` FROM `ll_ulevel` WHERE ( level=1 ) LIMIT 1   [ RunTime:0.000239s ]
NOTIC: [8] Undefined variable: search /var/www/html/LanceLot/Application/Admin/Controller/CommonController.class.php 第 257 行.
NOTIC: [8] Undefined index: values /var/www/html/LanceLot/Application/Admin/Controller/CommonController.class.php 第 258 行.
INFO: [ view_parse ] --START--
INFO: [ template_filter ] --START--
INFO: Run Behavior\ContentReplaceBehavior [ RunTime:0.000099s ]
INFO: [ template_filter ] --END-- [ RunTime:0.000172s ]
NOTIC: [8] Undefined index: _order /var/www/html/LanceLot/Application/Runtime/Cache/Admin/65e605872ed5d34210f5b33beb13f5a3.php 第 4 行.
NOTIC: [8] Undefined index: _sort /var/www/html/LanceLot/Application/Runtime/Cache/Admin/65e605872ed5d34210f5b33beb13f5a3.php 第 5 行.
NOTIC: [8] Undefined index: keyword /var/www/html/LanceLot/Application/Runtime/Cache/Admin/65e605872ed5d34210f5b33beb13f5a3.php 第 14 行.
NOTIC: [8] Undefined index: _order /var/www/html/LanceLot/Application/Runtime/Cache/Admin/65e605872ed5d34210f5b33beb13f5a3.php 第 36 行.
NOTIC: [8] Undefined index: _order /var/www/html/LanceLot/Application/Runtime/Cache/Admin/65e605872ed5d34210f5b33beb13f5a3.php 第 43 行.
NOTIC: [8] Undefined index: _order /var/www/html/LanceLot/Application/Runtime/Cache/Admin/65e605872ed5d34210f5b33beb13f5a3.php 第 46 行.
NOTIC: [8] Undefined index: _order /var/www/html/LanceLot/Application/Runtime/Cache/Admin/65e605872ed5d34210f5b33beb13f5a3.php 第 49 行.
INFO: Run Behavior\ParseTemplateBehavior [ RunTime:0.059544s ]
INFO: [ view_parse ] --END-- [ RunTime:0.059643s ]
INFO: [ view_filter ] --START--
INFO: Run Behavior\WriteHtmlCacheBehavior [ RunTime:0.004353s ]
INFO: [ view_filter ] --END-- [ RunTime:0.004404s ]
INFO: [ app_end ] --START--
INFO: Run Behavior\ShowPageTraceBehavior [ RunTime:0.004571s ]
INFO: [ app_end ] --END-- [ RunTime:0.004634s ]

[ 2016-05-19T22:42:27+08:00 ] 10.0.2.2 /LanceLot/admin.php/Notice/index?_=1463669158582
INFO: [ app_init ] --START--
INFO: Run Behavior\BuildLiteBehavior [ RunTime:0.000017s ]
INFO: [ app_init ] --END-- [ RunTime:0.003549s ]
INFO: [ app_begin ] --START--
INFO: Run Behavior\ReadHtmlCacheBehavior [ RunTime:0.005071s ]
INFO: [ app_begin ] --END-- [ RunTime:0.005160s ]
SQL: SHOW COLUMNS FROM `ll_notice` [ RunTime:0.001067s ]
SQL: SELECT COUNT(*) AS tp_count FROM `ll_notice` LIMIT 1   [ RunTime:0.000112s ]
SQL: SELECT * FROM `ll_notice` ORDER BY id desc LIMIT 0,10   [ RunTime:0.000347s ]
NOTIC: [8] Undefined variable: search /var/www/html/LanceLot/Application/Admin/Controller/CommonController.class.php 第 257 行.
NOTIC: [8] Undefined index: values /var/www/html/LanceLot/Application/Admin/Controller/CommonController.class.php 第 258 行.
INFO: [ view_parse ] --START--
INFO: [ template_filter ] --START--
INFO: Run Behavior\ContentReplaceBehavior [ RunTime:0.000094s ]
INFO: [ template_filter ] --END-- [ RunTime:0.000174s ]
NOTIC: [8] Undefined index: _order /var/www/html/LanceLot/Application/Runtime/Cache/Admin/8bf6ffc0b643909929bdce2b422ff961.php 第 4 行.
NOTIC: [8] Undefined index: _sort /var/www/html/LanceLot/Application/Runtime/Cache/Admin/8bf6ffc0b643909929bdce2b422ff961.php 第 5 行.
INFO: Run Behavior\ParseTemplateBehavior [ RunTime:0.123628s ]
INFO: [ view_parse ] --END-- [ RunTime:0.123693s ]
INFO: [ view_filter ] --START--
INFO: Run Behavior\WriteHtmlCacheBehavior [ RunTime:0.003889s ]
INFO: [ view_filter ] --END-- [ RunTime:0.003945s ]
INFO: [ app_end ] --START--
INFO: Run Behavior\ShowPageTraceBehavior [ RunTime:0.004152s ]
INFO: [ app_end ] --END-- [ RunTime:0.004217s ]

[ 2016-05-19T22:42:32+08:00 ] 10.0.2.2 /LanceLot/admin.php/Movie/index?_=1463669163004
INFO: [ app_init ] --START--
INFO: Run Behavior\BuildLiteBehavior [ RunTime:0.000019s ]
INFO: [ app_init ] --END-- [ RunTime:0.004312s ]
INFO: [ app_begin ] --START--
INFO: Run Behavior\ReadHtmlCacheBehavior [ RunTime:0.004862s ]
INFO: [ app_begin ] --END-- [ RunTime:0.004939s ]
SQL: SHOW COLUMNS FROM `ll_movie` [ RunTime:0.000666s ]
SQL: SELECT COUNT(*) AS tp_count FROM `ll_movie` LIMIT 1   [ RunTime:0.000076s ]
SQL: SELECT * FROM `ll_movie` ORDER BY id desc LIMIT 0,10   [ RunTime:0.000257s ]
NOTIC: [8] Undefined variable: search /var/www/html/LanceLot/Application/Admin/Controller/CommonController.class.php 第 257 行.
NOTIC: [8] Undefined index: values /var/www/html/LanceLot/Application/Admin/Controller/CommonController.class.php 第 258 行.
INFO: [ view_parse ] --START--
INFO: [ template_filter ] --START--
INFO: Run Behavior\ContentReplaceBehavior [ RunTime:0.000094s ]
INFO: [ template_filter ] --END-- [ RunTime:0.000163s ]
NOTIC: [8] Undefined index: _order /var/www/html/LanceLot/Application/Runtime/Cache/Admin/751bfc1b614f88135413bfdacdc4f115.php 第 4 行.
NOTIC: [8] Undefined index: _sort /var/www/html/LanceLot/Application/Runtime/Cache/Admin/751bfc1b614f88135413bfdacdc4f115.php 第 5 行.
NOTIC: [8] Undefined index: keyword /var/www/html/LanceLot/Application/Runtime/Cache/Admin/751bfc1b614f88135413bfdacdc4f115.php 第 15 行.
NOTIC: [8] Undefined index: _order /var/www/html/LanceLot/Application/Runtime/Cache/Admin/751bfc1b614f88135413bfdacdc4f115.php 第 75 行.
NOTIC: [8] Undefined index: _order /var/www/html/LanceLot/Application/Runtime/Cache/Admin/751bfc1b614f88135413bfdacdc4f115.php 第 79 行.
NOTIC: [8] Undefined index: _order /var/www/html/LanceLot/Application/Runtime/Cache/Admin/751bfc1b614f88135413bfdacdc4f115.php 第 85 行.
NOTIC: [8] Undefined index: _order /var/www/html/LanceLot/Application/Runtime/Cache/Admin/751bfc1b614f88135413bfdacdc4f115.php 第 90 行.
NOTIC: [8] Undefined index: _order /var/www/html/LanceLot/Application/Runtime/Cache/Admin/751bfc1b614f88135413bfdacdc4f115.php 第 93 行.
NOTIC: [8] Undefined index: _order /var/www/html/LanceLot/Application/Runtime/Cache/Admin/751bfc1b614f88135413bfdacdc4f115.php 第 96 行.
NOTIC: [8] Undefined index: _order /var/www/html/LanceLot/Application/Runtime/Cache/Admin/751bfc1b614f88135413bfdacdc4f115.php 第 100 行.
INFO: Run Behavior\ParseTemplateBehavior [ RunTime:0.066265s ]
INFO: [ view_parse ] --END-- [ RunTime:0.066326s ]
INFO: [ view_filter ] --START--
INFO: Run Behavior\WriteHtmlCacheBehavior [ RunTime:0.005077s ]
INFO: [ view_filter ] --END-- [ RunTime:0.005173s ]
INFO: [ app_end ] --START--
INFO: Run Behavior\ShowPageTraceBehavior [ RunTime:0.005993s ]
INFO: [ app_end ] --END-- [ RunTime:0.006084s ]

