[ 2016-05-12T00:04:22+08:00 ] 10.0.2.2 /LanceLot/admin.php/Shortreview/index?_=1462982662386
INFO: [ app_init ] --START--
INFO: Run Behavior\BuildLiteBehavior [ RunTime:0.000021s ]
INFO: [ app_init ] --END-- [ RunTime:0.002230s ]
INFO: [ app_begin ] --START--
INFO: Run Behavior\ReadHtmlCacheBehavior [ RunTime:0.002974s ]
INFO: [ app_begin ] --END-- [ RunTime:0.003056s ]
SQL: SHOW COLUMNS FROM `ll_shortreview` [ RunTime:0.000431s ]
SQL: SELECT COUNT(*) AS tp_count FROM `ll_shortreview` LIMIT 1   [ RunTime:0.000147s ]
SQL: SELECT * FROM `ll_shortreview` ORDER BY id desc LIMIT 0,10   [ RunTime:0.000180s ]
SQL: SHOW COLUMNS FROM `ll_user` [ RunTime:0.000420s ]
SQL: SELECT * FROM `ll_user` WHERE `id` = 14 LIMIT 1   [ RunTime:0.000174s ]
SQL: SHOW COLUMNS FROM `ll_movie` [ RunTime:0.000463s ]
SQL: SELECT * FROM `ll_movie` WHERE `id` = 31 LIMIT 1   [ RunTime:0.000135s ]
SQL: SHOW COLUMNS FROM `ll_report` [ RunTime:0.000281s ]
SQL: SELECT * FROM `ll_report` WHERE ( rid=83 ) LIMIT 1   [ RunTime:0.000178s ]
SQL: SELECT * FROM `ll_user` WHERE `id` = 1 LIMIT 1   [ RunTime:0.000109s ]
SQL: SELECT * FROM `ll_movie` WHERE `id` = 31 LIMIT 1   [ RunTime:0.000125s ]
SQL: SELECT * FROM `ll_report` WHERE ( rid=82 ) LIMIT 1   [ RunTime:0.000131s ]
SQL: SELECT * FROM `ll_user` WHERE `id` = 5 LIMIT 1   [ RunTime:0.000157s ]
SQL: SELECT * FROM `ll_movie` WHERE `id` = 29 LIMIT 1   [ RunTime:0.000108s ]
SQL: SELECT * FROM `ll_report` WHERE ( rid=81 ) LIMIT 1   [ RunTime:0.000102s ]
SQL: SELECT * FROM `ll_user` WHERE `id` = 9 LIMIT 1   [ RunTime:0.000106s ]
SQL: SELECT * FROM `ll_movie` WHERE `id` = 29 LIMIT 1   [ RunTime:0.000099s ]
SQL: SELECT * FROM `ll_report` WHERE ( rid=80 ) LIMIT 1   [ RunTime:0.000179s ]
SQL: SELECT * FROM `ll_user` WHERE `id` = 9 LIMIT 1   [ RunTime:0.000116s ]
SQL: SELECT * FROM `ll_movie` WHERE `id` = 32 LIMIT 1   [ RunTime:0.000339s ]
SQL: SELECT * FROM `ll_report` WHERE ( rid=79 ) LIMIT 1   [ RunTime:0.000116s ]
SQL: SELECT * FROM `ll_user` WHERE `id` = 1 LIMIT 1   [ RunTime:0.000107s ]
SQL: SELECT * FROM `ll_movie` WHERE `id` = 30 LIMIT 1   [ RunTime:0.000116s ]
SQL: SELECT * FROM `ll_report` WHERE ( rid=78 ) LIMIT 1   [ RunTime:0.000100s ]
SQL: SELECT * FROM `ll_user` WHERE `id` = 1 LIMIT 1   [ RunTime:0.000105s ]
SQL: SELECT * FROM `ll_movie` WHERE `id` = 31 LIMIT 1   [ RunTime:0.000110s ]
SQL: SELECT * FROM `ll_report` WHERE ( rid=77 ) LIMIT 1   [ RunTime:0.000101s ]
SQL: SELECT * FROM `ll_user` WHERE `id` = 3 LIMIT 1   [ RunTime:0.000102s ]
SQL: SELECT * FROM `ll_movie` WHERE `id` = 39 LIMIT 1   [ RunTime:0.000117s ]
SQL: SELECT * FROM `ll_report` WHERE ( rid=76 ) LIMIT 1   [ RunTime:0.000101s ]
SQL: SELECT * FROM `ll_user` WHERE `id` = 3 LIMIT 1   [ RunTime:0.000130s ]
SQL: SELECT * FROM `ll_movie` WHERE `id` = 39 LIMIT 1   [ RunTime:0.000110s ]
SQL: SELECT * FROM `ll_report` WHERE ( rid=75 ) LIMIT 1   [ RunTime:0.000109s ]
SQL: SELECT * FROM `ll_user` WHERE `id` = 8 LIMIT 1   [ RunTime:0.000104s ]
SQL: SELECT * FROM `ll_movie` WHERE `id` = 35 LIMIT 1   [ RunTime:0.000109s ]
SQL: SELECT * FROM `ll_report` WHERE ( rid=74 ) LIMIT 1   [ RunTime:0.000100s ]
NOTIC: [8] Undefined variable: search /var/www/html/LanceLot/Application/Admin/Controller/CommonController.class.php 第 257 行.
NOTIC: [8] Undefined index: values /var/www/html/LanceLot/Application/Admin/Controller/CommonController.class.php 第 258 行.
INFO: [ view_parse ] --START--
INFO: [ template_filter ] --START--
INFO: Run Behavior\ContentReplaceBehavior [ RunTime:0.000070s ]
INFO: [ template_filter ] --END-- [ RunTime:0.000130s ]
NOTIC: [8] Undefined index: _order /var/www/html/LanceLot/Application/Runtime/Cache/Admin/8898693877e20feb7a4e68ff02241d20.php 第 4 行.
NOTIC: [8] Undefined index: _sort /var/www/html/LanceLot/Application/Runtime/Cache/Admin/8898693877e20feb7a4e68ff02241d20.php 第 5 行.
NOTIC: [8] Undefined index: keyword /var/www/html/LanceLot/Application/Runtime/Cache/Admin/8898693877e20feb7a4e68ff02241d20.php 第 13 行.
NOTIC: [8] Undefined index: status /var/www/html/LanceLot/Application/Runtime/Cache/Admin/8898693877e20feb7a4e68ff02241d20.php 第 18 行.
NOTIC: [8] Undefined index: status /var/www/html/LanceLot/Application/Runtime/Cache/Admin/8898693877e20feb7a4e68ff02241d20.php 第 21 行.
NOTIC: [8] Undefined index: status /var/www/html/LanceLot/Application/Runtime/Cache/Admin/8898693877e20feb7a4e68ff02241d20.php 第 25 行.
NOTIC: [8] Undefined index: _order /var/www/html/LanceLot/Application/Runtime/Cache/Admin/8898693877e20feb7a4e68ff02241d20.php 第 58 行.
NOTIC: [8] Undefined index: _order /var/www/html/LanceLot/Application/Runtime/Cache/Admin/8898693877e20feb7a4e68ff02241d20.php 第 63 行.
NOTIC: [8] Undefined index: _order /var/www/html/LanceLot/Application/Runtime/Cache/Admin/8898693877e20feb7a4e68ff02241d20.php 第 67 行.
INFO: Run Behavior\ParseTemplateBehavior [ RunTime:0.042969s ]
INFO: [ view_parse ] --END-- [ RunTime:0.043042s ]
INFO: [ view_filter ] --START--
INFO: Run Behavior\WriteHtmlCacheBehavior [ RunTime:0.002698s ]
INFO: [ view_filter ] --END-- [ RunTime:0.002743s ]
INFO: [ app_end ] --START--
INFO: Run Behavior\ShowPageTraceBehavior [ RunTime:0.003604s ]
INFO: [ app_end ] --END-- [ RunTime:0.003666s ]

[ 2016-05-12T00:04:26+08:00 ] 10.0.2.2 /LanceLot/admin.php/Shortreview/content/id/81?_=1462982665787
INFO: [ app_init ] --START--
INFO: Run Behavior\BuildLiteBehavior [ RunTime:0.000045s ]
INFO: [ app_init ] --END-- [ RunTime:0.006692s ]
INFO: [ app_begin ] --START--
INFO: Run Behavior\ReadHtmlCacheBehavior [ RunTime:0.003865s ]
INFO: [ app_begin ] --END-- [ RunTime:0.003959s ]
SQL: SHOW COLUMNS FROM `ll_shortreview` [ RunTime:0.001269s ]
SQL: SELECT * FROM `ll_shortreview` WHERE `id` = 81 LIMIT 1   [ RunTime:0.000248s ]
INFO: [ view_parse ] --START--
INFO: [ template_filter ] --START--
INFO: Run Behavior\ContentReplaceBehavior [ RunTime:0.000048s ]
INFO: [ template_filter ] --END-- [ RunTime:0.000125s ]
INFO: Run Behavior\ParseTemplateBehavior [ RunTime:0.047912s ]
INFO: [ view_parse ] --END-- [ RunTime:0.048108s ]
INFO: [ view_filter ] --START--
INFO: Run Behavior\WriteHtmlCacheBehavior [ RunTime:0.003728s ]
INFO: [ view_filter ] --END-- [ RunTime:0.003815s ]
INFO: [ app_end ] --START--
INFO: Run Behavior\ShowPageTraceBehavior [ RunTime:0.004124s ]
INFO: [ app_end ] --END-- [ RunTime:0.004307s ]

[ 2016-05-12T00:04:28+08:00 ] 10.0.2.2 /LanceLot/admin.php/Shortreview/content/id/83?_=1462982668664
INFO: [ app_init ] --START--
INFO: Run Behavior\BuildLiteBehavior [ RunTime:0.000018s ]
INFO: [ app_init ] --END-- [ RunTime:0.002414s ]
INFO: [ app_begin ] --START--
INFO: Run Behavior\ReadHtmlCacheBehavior [ RunTime:0.006707s ]
INFO: [ app_begin ] --END-- [ RunTime:0.006831s ]
SQL: SHOW COLUMNS FROM `ll_shortreview` [ RunTime:0.000261s ]
SQL: SELECT * FROM `ll_shortreview` WHERE `id` = 83 LIMIT 1   [ RunTime:0.000179s ]
INFO: [ view_parse ] --START--
INFO: [ template_filter ] --START--
INFO: Run Behavior\ContentReplaceBehavior [ RunTime:0.000096s ]
INFO: [ template_filter ] --END-- [ RunTime:0.000287s ]
INFO: Run Behavior\ParseTemplateBehavior [ RunTime:0.040782s ]
INFO: [ view_parse ] --END-- [ RunTime:0.040903s ]
INFO: [ view_filter ] --START--
INFO: Run Behavior\WriteHtmlCacheBehavior [ RunTime:0.006875s ]
INFO: [ view_filter ] --END-- [ RunTime:0.006989s ]
INFO: [ app_end ] --START--
INFO: Run Behavior\ShowPageTraceBehavior [ RunTime:0.003607s ]
INFO: [ app_end ] --END-- [ RunTime:0.003729s ]

[ 2016-05-12T00:04:31+08:00 ] 10.0.2.2 /LanceLot/admin.php/Shortreview/content/id/76?_=1462982671207
INFO: [ app_init ] --START--
INFO: Run Behavior\BuildLiteBehavior [ RunTime:0.000021s ]
INFO: [ app_init ] --END-- [ RunTime:0.003414s ]
INFO: [ app_begin ] --START--
INFO: Run Behavior\ReadHtmlCacheBehavior [ RunTime:0.006458s ]
INFO: [ app_begin ] --END-- [ RunTime:0.006611s ]
SQL: SHOW COLUMNS FROM `ll_shortreview` [ RunTime:0.000456s ]
SQL: SELECT * FROM `ll_shortreview` WHERE `id` = 76 LIMIT 1   [ RunTime:0.000202s ]
INFO: [ view_parse ] --START--
INFO: [ template_filter ] --START--
INFO: Run Behavior\ContentReplaceBehavior [ RunTime:0.000097s ]
INFO: [ template_filter ] --END-- [ RunTime:0.000288s ]
INFO: Run Behavior\ParseTemplateBehavior [ RunTime:0.049878s ]
INFO: [ view_parse ] --END-- [ RunTime:0.049960s ]
INFO: [ view_filter ] --START--
INFO: Run Behavior\WriteHtmlCacheBehavior [ RunTime:0.003580s ]
INFO: [ view_filter ] --END-- [ RunTime:0.003692s ]
INFO: [ app_end ] --START--
INFO: Run Behavior\ShowPageTraceBehavior [ RunTime:0.009172s ]
INFO: [ app_end ] --END-- [ RunTime:0.009316s ]

[ 2016-05-12T00:04:37+08:00 ] 10.0.2.2 /LanceLot/admin.php/Shortreview/index
INFO: [ app_init ] --START--
INFO: Run Behavior\BuildLiteBehavior [ RunTime:0.000018s ]
INFO: [ app_init ] --END-- [ RunTime:0.002292s ]
INFO: [ app_begin ] --START--
INFO: Run Behavior\ReadHtmlCacheBehavior [ RunTime:0.003928s ]
INFO: [ app_begin ] --END-- [ RunTime:0.004096s ]
SQL: SHOW COLUMNS FROM `ll_shortreview` [ RunTime:0.000271s ]
SQL: SELECT COUNT(*) AS tp_count FROM `ll_shortreview` LIMIT 1   [ RunTime:0.000128s ]
SQL: SELECT * FROM `ll_shortreview` ORDER BY id asc LIMIT 0,10   [ RunTime:0.000180s ]
SQL: SHOW COLUMNS FROM `ll_user` [ RunTime:0.001088s ]
SQL: SELECT * FROM `ll_user` WHERE `id` = 1 LIMIT 1   [ RunTime:0.000132s ]
SQL: SHOW COLUMNS FROM `ll_movie` [ RunTime:0.000511s ]
SQL: SELECT * FROM `ll_movie` WHERE `id` = 29 LIMIT 1   [ RunTime:0.000218s ]
SQL: SHOW COLUMNS FROM `ll_report` [ RunTime:0.000302s ]
SQL: SELECT * FROM `ll_report` WHERE ( rid=12 ) LIMIT 1   [ RunTime:0.000167s ]
SQL: SELECT * FROM `ll_user` WHERE `id` = 1 LIMIT 1   [ RunTime:0.000124s ]
SQL: SELECT * FROM `ll_movie` WHERE `id` = 29 LIMIT 1   [ RunTime:0.000113s ]
SQL: SELECT * FROM `ll_report` WHERE ( rid=13 ) LIMIT 1   [ RunTime:0.000095s ]
SQL: SELECT * FROM `ll_user` WHERE `id` = 1 LIMIT 1   [ RunTime:0.000101s ]
SQL: SELECT * FROM `ll_movie` WHERE `id` = 29 LIMIT 1   [ RunTime:0.000111s ]
SQL: SELECT * FROM `ll_report` WHERE ( rid=14 ) LIMIT 1   [ RunTime:0.000102s ]
SQL: SELECT * FROM `ll_user` WHERE `id` = 1 LIMIT 1   [ RunTime:0.000000s ]
SQL: SELECT * FROM `ll_movie` WHERE `id` = 29 LIMIT 1   [ RunTime:0.000013s ]
SQL: SELECT * FROM `ll_report` WHERE ( rid=15 ) LIMIT 1   [ RunTime:0.000101s ]
SQL: SELECT * FROM `ll_user` WHERE `id` = 1 LIMIT 1   [ RunTime:0.000099s ]
SQL: SELECT * FROM `ll_movie` WHERE `id` = 31 LIMIT 1   [ RunTime:0.000279s ]
SQL: SELECT * FROM `ll_report` WHERE ( rid=16 ) LIMIT 1   [ RunTime:0.000174s ]
SQL: SELECT * FROM `ll_user` WHERE `id` = 1 LIMIT 1   [ RunTime:0.000101s ]
SQL: SELECT * FROM `ll_movie` WHERE `id` = 30 LIMIT 1   [ RunTime:0.000109s ]
SQL: SELECT * FROM `ll_report` WHERE ( rid=17 ) LIMIT 1   [ RunTime:0.000100s ]
SQL: SELECT * FROM `ll_user` WHERE `id` = 6 LIMIT 1   [ RunTime:0.000116s ]
SQL: SELECT * FROM `ll_movie` WHERE `id` = 29 LIMIT 1   [ RunTime:0.000111s ]
SQL: SELECT * FROM `ll_report` WHERE ( rid=18 ) LIMIT 1   [ RunTime:0.000105s ]
SQL: SELECT * FROM `ll_user` WHERE `id` = 6 LIMIT 1   [ RunTime:0.000100s ]
SQL: SELECT * FROM `ll_movie` WHERE `id` = 36 LIMIT 1   [ RunTime:0.000141s ]
SQL: SELECT * FROM `ll_report` WHERE ( rid=19 ) LIMIT 1   [ RunTime:0.000096s ]
SQL: SELECT * FROM `ll_user` WHERE `id` = 6 LIMIT 1   [ RunTime:0.000101s ]
SQL: SELECT * FROM `ll_movie` WHERE `id` = 36 LIMIT 1   [ RunTime:0.000110s ]
SQL: SELECT * FROM `ll_report` WHERE ( rid=20 ) LIMIT 1   [ RunTime:0.000114s ]
SQL: SELECT * FROM `ll_user` WHERE `id` = 6 LIMIT 1   [ RunTime:0.000101s ]
SQL: SELECT * FROM `ll_movie` WHERE `id` = 36 LIMIT 1   [ RunTime:0.000192s ]
SQL: SELECT * FROM `ll_report` WHERE ( rid=21 ) LIMIT 1   [ RunTime:0.000179s ]
NOTIC: [8] Undefined variable: search /var/www/html/LanceLot/Application/Admin/Controller/CommonController.class.php 第 257 行.
NOTIC: [8] Undefined index: values /var/www/html/LanceLot/Application/Admin/Controller/CommonController.class.php 第 258 行.
INFO: [ view_parse ] --START--
INFO: [ template_filter ] --START--
INFO: Run Behavior\ContentReplaceBehavior [ RunTime:0.000067s ]
INFO: [ template_filter ] --END-- [ RunTime:0.000127s ]
INFO: Run Behavior\ParseTemplateBehavior [ RunTime:0.043887s ]
INFO: [ view_parse ] --END-- [ RunTime:0.043996s ]
INFO: [ view_filter ] --START--
INFO: Run Behavior\WriteHtmlCacheBehavior [ RunTime:0.002916s ]
INFO: [ view_filter ] --END-- [ RunTime:0.002968s ]
INFO: [ app_end ] --START--
INFO: Run Behavior\ShowPageTraceBehavior [ RunTime:0.004951s ]
INFO: [ app_end ] --END-- [ RunTime:0.005024s ]

[ 2016-05-12T00:04:39+08:00 ] 10.0.2.2 /LanceLot/admin.php/Shortreview/edit/id/12?_=1462982679450
INFO: [ app_init ] --START--
INFO: Run Behavior\BuildLiteBehavior [ RunTime:0.000045s ]
INFO: [ app_init ] --END-- [ RunTime:0.003632s ]
INFO: [ app_begin ] --START--
INFO: Run Behavior\ReadHtmlCacheBehavior [ RunTime:0.006925s ]
INFO: [ app_begin ] --END-- [ RunTime:0.007316s ]
SQL: SHOW COLUMNS FROM `ll_shortreview` [ RunTime:0.001002s ]
SQL: SELECT * FROM `ll_shortreview` WHERE `id` = 12 LIMIT 1   [ RunTime:0.001251s ]
INFO: [ view_parse ] --START--
INFO: [ template_filter ] --START--
INFO: Run Behavior\ContentReplaceBehavior [ RunTime:0.000142s ]
INFO: [ template_filter ] --END-- [ RunTime:0.000693s ]
INFO: Run Behavior\ParseTemplateBehavior [ RunTime:0.051909s ]
INFO: [ view_parse ] --END-- [ RunTime:0.052182s ]
INFO: [ view_filter ] --START--
INFO: Run Behavior\WriteHtmlCacheBehavior [ RunTime:0.003504s ]
INFO: [ view_filter ] --END-- [ RunTime:0.003553s ]
INFO: [ app_end ] --START--
INFO: Run Behavior\ShowPageTraceBehavior [ RunTime:0.004827s ]
INFO: [ app_end ] --END-- [ RunTime:0.005009s ]

[ 2016-05-12T00:04:49+08:00 ] 10.0.2.2 /LanceLot/admin.php/Shortreview/edit/id/21?_=1462982688905
INFO: [ app_init ] --START--
INFO: Run Behavior\BuildLiteBehavior [ RunTime:0.000021s ]
INFO: [ app_init ] --END-- [ RunTime:0.002389s ]
INFO: [ app_begin ] --START--
INFO: Run Behavior\ReadHtmlCacheBehavior [ RunTime:0.004004s ]
INFO: [ app_begin ] --END-- [ RunTime:0.004120s ]
SQL: SHOW COLUMNS FROM `ll_shortreview` [ RunTime:0.000453s ]
SQL: SELECT * FROM `ll_shortreview` WHERE `id` = 21 LIMIT 1   [ RunTime:0.000198s ]
INFO: [ view_parse ] --START--
INFO: [ template_filter ] --START--
INFO: Run Behavior\ContentReplaceBehavior [ RunTime:0.000073s ]
INFO: [ template_filter ] --END-- [ RunTime:0.000173s ]
INFO: Run Behavior\ParseTemplateBehavior [ RunTime:0.037302s ]
INFO: [ view_parse ] --END-- [ RunTime:0.037525s ]
INFO: [ view_filter ] --START--
INFO: Run Behavior\WriteHtmlCacheBehavior [ RunTime:0.005831s ]
INFO: [ view_filter ] --END-- [ RunTime:0.005949s ]
INFO: [ app_end ] --START--
INFO: Run Behavior\ShowPageTraceBehavior [ RunTime:0.004376s ]
INFO: [ app_end ] --END-- [ RunTime:0.004464s ]

[ 2016-05-12T00:30:23+08:00 ] 10.0.2.2 /LanceLot/admin.php/Ppt/index
INFO: [ app_init ] --START--
INFO: Run Behavior\BuildLiteBehavior [ RunTime:0.000020s ]
INFO: [ app_init ] --END-- [ RunTime:0.002743s ]
INFO: [ app_begin ] --START--
INFO: Run Behavior\ReadHtmlCacheBehavior [ RunTime:0.004309s ]
INFO: [ app_begin ] --END-- [ RunTime:0.004428s ]
SQL: SHOW COLUMNS FROM `ll_movie` [ RunTime:0.000514s ]
SQL: SELECT `id`,`filmname`,`status`,`picname` FROM `ll_movie` WHERE `status` = 2  [ RunTime:0.000192s ]
SQL: SHOW COLUMNS FROM `ll_ppt` [ RunTime:0.001056s ]
SQL: SELECT * FROM `ll_ppt` WHERE `title` = '地心引力'  [ RunTime:0.000483s ]
SQL: INSERT INTO `ll_ppt` (`title`,`mid`,`state`) VALUES ('地心引力',30,2) [ RunTime:0.000283s ]
SQL: SELECT * FROM `ll_ppt` WHERE `title` = '泰坦尼克号'  [ RunTime:0.000125s ]
SQL: SELECT * FROM `ll_ppt` WHERE `title` = '忠犬八公的故事'  [ RunTime:0.000096s ]
SQL: SELECT * FROM `ll_ppt` WHERE `title` = '西西里的美丽传说'  [ RunTime:0.000090s ]
SQL: SELECT * FROM `ll_ppt` WHERE `title` = '活在当下Now Is Good'  [ RunTime:0.000096s ]
SQL: SELECT * FROM `ll_ppt` WHERE `title` = '阿甘正传'  [ RunTime:0.000088s ]
NOTIC: [8] Undefined variable: mp /var/www/html/LanceLot/Application/Admin/Controller/PptController.class.php 第 46 行.
SQL: SELECT * FROM `ll_ppt`  [ RunTime:0.000085s ]

[ 2016-05-12T00:30:27+08:00 ] 10.0.2.2 /LanceLot/admin.php/Ppt/index
INFO: [ app_init ] --START--
INFO: Run Behavior\BuildLiteBehavior [ RunTime:0.000019s ]
INFO: [ app_init ] --END-- [ RunTime:0.002851s ]
INFO: [ app_begin ] --START--
INFO: Run Behavior\ReadHtmlCacheBehavior [ RunTime:0.004453s ]
INFO: [ app_begin ] --END-- [ RunTime:0.004648s ]
SQL: SHOW COLUMNS FROM `ll_movie` [ RunTime:0.001353s ]
SQL: SELECT `id`,`filmname`,`status`,`picname` FROM `ll_movie` WHERE `status` = 2  [ RunTime:0.000233s ]
SQL: SHOW COLUMNS FROM `ll_ppt` [ RunTime:0.000253s ]
SQL: SELECT * FROM `ll_ppt` WHERE `title` = '地心引力'  [ RunTime:0.000140s ]
SQL: SELECT * FROM `ll_ppt` WHERE `title` = '泰坦尼克号'  [ RunTime:0.000091s ]
SQL: SELECT * FROM `ll_ppt` WHERE `title` = '忠犬八公的故事'  [ RunTime:0.000062s ]
SQL: SELECT * FROM `ll_ppt` WHERE `title` = '西西里的美丽传说'  [ RunTime:0.000100s ]
SQL: SELECT * FROM `ll_ppt` WHERE `title` = '活在当下Now Is Good'  [ RunTime:0.000090s ]
SQL: SELECT * FROM `ll_ppt` WHERE `title` = '阿甘正传'  [ RunTime:0.000062s ]
NOTIC: [8] Undefined variable: mp /var/www/html/LanceLot/Application/Admin/Controller/PptController.class.php 第 46 行.
SQL: SELECT * FROM `ll_ppt`  [ RunTime:0.000088s ]

[ 2016-05-12T00:49:37+08:00 ] 10.0.2.2 /LanceLot/admin.php/Ppt/index?_=1462985377557
INFO: [ app_init ] --START--
INFO: Run Behavior\BuildLiteBehavior [ RunTime:0.000019s ]
INFO: [ app_init ] --END-- [ RunTime:0.002842s ]
INFO: [ app_begin ] --START--
INFO: Run Behavior\ReadHtmlCacheBehavior [ RunTime:0.005846s ]
INFO: [ app_begin ] --END-- [ RunTime:0.005944s ]
SQL: SHOW COLUMNS FROM `ll_movie` [ RunTime:0.000958s ]
SQL: SELECT `id`,`filmname`,`status`,`picname` FROM `ll_movie` WHERE `status` = 2  [ RunTime:0.000104s ]
SQL: SHOW COLUMNS FROM `ll_ppt` [ RunTime:0.000967s ]
SQL: SELECT * FROM `ll_ppt` WHERE `title` = '地心引力'  [ RunTime:0.000839s ]
SQL: SELECT * FROM `ll_ppt` WHERE `title` = '泰坦尼克号'  [ RunTime:0.000175s ]
SQL: SELECT * FROM `ll_ppt` WHERE `title` = '忠犬八公的故事'  [ RunTime:0.000099s ]
SQL: SELECT * FROM `ll_ppt` WHERE `title` = '西西里的美丽传说'  [ RunTime:0.000729s ]
SQL: SELECT * FROM `ll_ppt` WHERE `title` = '活在当下Now Is Good'  [ RunTime:0.000204s ]
SQL: SELECT * FROM `ll_ppt` WHERE `title` = '阿甘正传'  [ RunTime:0.000097s ]
NOTIC: [8] Undefined variable: mp /var/www/html/LanceLot/Application/Admin/Controller/PptController.class.php 第 46 行.
SQL: SELECT * FROM `ll_ppt`  [ RunTime:0.000127s ]

[ 2016-05-12T00:49:51+08:00 ] 10.0.2.2 /LanceLot/admin.php/Ppt/index
INFO: [ app_init ] --START--
INFO: Run Behavior\BuildLiteBehavior [ RunTime:0.000020s ]
INFO: [ app_init ] --END-- [ RunTime:0.002739s ]
INFO: [ app_begin ] --START--
INFO: Run Behavior\ReadHtmlCacheBehavior [ RunTime:0.003507s ]
INFO: [ app_begin ] --END-- [ RunTime:0.003586s ]
SQL: SHOW COLUMNS FROM `ll_movie` [ RunTime:0.001293s ]
SQL: SELECT `id`,`filmname`,`status`,`picname` FROM `ll_movie` WHERE `status` = 2  [ RunTime:0.000198s ]
SQL: SHOW COLUMNS FROM `ll_ppt` [ RunTime:0.000270s ]
SQL: SELECT * FROM `ll_ppt` WHERE `title` = '地心引力'  [ RunTime:0.000128s ]
SQL: SELECT * FROM `ll_ppt` WHERE `title` = '泰坦尼克号'  [ RunTime:0.000091s ]
SQL: SELECT * FROM `ll_ppt` WHERE `title` = '忠犬八公的故事'  [ RunTime:0.000104s ]
SQL: SELECT * FROM `ll_ppt` WHERE `title` = '西西里的美丽传说'  [ RunTime:0.000088s ]
SQL: SELECT * FROM `ll_ppt` WHERE `title` = '活在当下Now Is Good'  [ RunTime:0.000096s ]
SQL: SELECT * FROM `ll_ppt` WHERE `title` = '阿甘正传'  [ RunTime:0.000087s ]
NOTIC: [8] Undefined variable: mp /var/www/html/LanceLot/Application/Admin/Controller/PptController.class.php 第 46 行.
SQL: SELECT * FROM `ll_ppt`  [ RunTime:0.000083s ]
INFO: [ view_parse ] --START--
INFO: [ template_filter ] --START--
INFO: Run Behavior\ContentReplaceBehavior [ RunTime:0.000079s ]
INFO: [ template_filter ] --END-- [ RunTime:0.000161s ]
NOTIC: [8] Undefined variable: numPerPage /var/www/html/LanceLot/Application/Runtime/Cache/Admin/26542d5ebf1f46ad3b3983553c8c808e.php 第 3 行.
NOTIC: [8] Undefined index: _order /var/www/html/LanceLot/Application/Runtime/Cache/Admin/26542d5ebf1f46ad3b3983553c8c808e.php 第 4 行.
NOTIC: [8] Undefined index: _sort /var/www/html/LanceLot/Application/Runtime/Cache/Admin/26542d5ebf1f46ad3b3983553c8c808e.php 第 5 行.
NOTIC: [8] Undefined index: keyword /var/www/html/LanceLot/Application/Runtime/Cache/Admin/26542d5ebf1f46ad3b3983553c8c808e.php 第 15 行.
NOTIC: [8] Undefined index: state /var/www/html/LanceLot/Application/Runtime/Cache/Admin/26542d5ebf1f46ad3b3983553c8c808e.php 第 20 行.
NOTIC: [8] Undefined index: state /var/www/html/LanceLot/Application/Runtime/Cache/Admin/26542d5ebf1f46ad3b3983553c8c808e.php 第 23 行.
NOTIC: [8] Undefined variable: numPerPage /var/www/html/LanceLot/Application/Runtime/Cache/Admin/26542d5ebf1f46ad3b3983553c8c808e.php 第 78 行.
NOTIC: [8] Undefined variable: numPerPage /var/www/html/LanceLot/Application/Runtime/Cache/Admin/26542d5ebf1f46ad3b3983553c8c808e.php 第 81 行.
NOTIC: [8] Undefined variable: numPerPage /var/www/html/LanceLot/Application/Runtime/Cache/Admin/26542d5ebf1f46ad3b3983553c8c808e.php 第 84 行.
NOTIC: [8] Undefined variable: numPerPage /var/www/html/LanceLot/Application/Runtime/Cache/Admin/26542d5ebf1f46ad3b3983553c8c808e.php 第 87 行.
NOTIC: [8] Undefined variable: numPerPage /var/www/html/LanceLot/Application/Runtime/Cache/Admin/26542d5ebf1f46ad3b3983553c8c808e.php 第 90 行.
NOTIC: [8] Undefined variable: totalCount /var/www/html/LanceLot/Application/Runtime/Cache/Admin/26542d5ebf1f46ad3b3983553c8c808e.php 第 94 行.
NOTIC: [8] Undefined variable: totalCount /var/www/html/LanceLot/Application/Runtime/Cache/Admin/26542d5ebf1f46ad3b3983553c8c808e.php 第 97 行.
NOTIC: [8] Undefined variable: numPerPage /var/www/html/LanceLot/Application/Runtime/Cache/Admin/26542d5ebf1f46ad3b3983553c8c808e.php 第 97 行.
NOTIC: [8] Undefined variable: currentPage /var/www/html/LanceLot/Application/Runtime/Cache/Admin/26542d5ebf1f46ad3b3983553c8c808e.php 第 97 行.
INFO: Run Behavior\ParseTemplateBehavior [ RunTime:0.040238s ]
INFO: [ view_parse ] --END-- [ RunTime:0.040296s ]
INFO: [ view_filter ] --START--
INFO: Run Behavior\WriteHtmlCacheBehavior [ RunTime:0.002803s ]
INFO: [ view_filter ] --END-- [ RunTime:0.002849s ]
INFO: [ app_end ] --START--
INFO: Run Behavior\ShowPageTraceBehavior [ RunTime:0.002903s ]
INFO: [ app_end ] --END-- [ RunTime:0.002957s ]

[ 2016-05-12T00:49:58+08:00 ] 10.0.2.2 /LanceLot/admin.php/Ppt/index
INFO: [ app_init ] --START--
INFO: Run Behavior\BuildLiteBehavior [ RunTime:0.000023s ]
INFO: [ app_init ] --END-- [ RunTime:0.003489s ]
INFO: [ app_begin ] --START--
INFO: Run Behavior\ReadHtmlCacheBehavior [ RunTime:0.003927s ]
INFO: [ app_begin ] --END-- [ RunTime:0.004038s ]
SQL: SHOW COLUMNS FROM `ll_movie` [ RunTime:0.000661s ]
SQL: SELECT `id`,`filmname`,`status`,`picname` FROM `ll_movie` WHERE `status` = 2  [ RunTime:0.000213s ]
SQL: SHOW COLUMNS FROM `ll_ppt` [ RunTime:0.000254s ]
SQL: SELECT * FROM `ll_ppt` WHERE `title` = '地心引力'  [ RunTime:0.000140s ]
SQL: SELECT * FROM `ll_ppt` WHERE `title` = '泰坦尼克号'  [ RunTime:0.000092s ]
SQL: SELECT * FROM `ll_ppt` WHERE `title` = '忠犬八公的故事'  [ RunTime:0.000594s ]
SQL: SELECT * FROM `ll_ppt` WHERE `title` = '西西里的美丽传说'  [ RunTime:0.000122s ]
SQL: SELECT * FROM `ll_ppt` WHERE `title` = '活在当下Now Is Good'  [ RunTime:0.000095s ]
SQL: SELECT * FROM `ll_ppt` WHERE `title` = '阿甘正传'  [ RunTime:0.000084s ]
NOTIC: [8] Undefined variable: mp /var/www/html/LanceLot/Application/Admin/Controller/PptController.class.php 第 46 行.
SQL: SELECT * FROM `ll_ppt`  [ RunTime:0.000086s ]

[ 2016-05-12T00:50:00+08:00 ] 10.0.2.2 /LanceLot/admin.php/Ppt/index
INFO: [ app_init ] --START--
INFO: Run Behavior\BuildLiteBehavior [ RunTime:0.000017s ]
INFO: [ app_init ] --END-- [ RunTime:0.002422s ]
INFO: [ app_begin ] --START--
INFO: Run Behavior\ReadHtmlCacheBehavior [ RunTime:0.004509s ]
INFO: [ app_begin ] --END-- [ RunTime:0.004618s ]
SQL: SHOW COLUMNS FROM `ll_movie` [ RunTime:0.000415s ]
SQL: SELECT `id`,`filmname`,`status`,`picname` FROM `ll_movie` WHERE `status` = 2  [ RunTime:0.000203s ]
SQL: SHOW COLUMNS FROM `ll_ppt` [ RunTime:0.000931s ]
SQL: SELECT * FROM `ll_ppt` WHERE `title` = '地心引力'  [ RunTime:0.000200s ]
SQL: SELECT * FROM `ll_ppt` WHERE `title` = '泰坦尼克号'  [ RunTime:0.000091s ]
SQL: SELECT * FROM `ll_ppt` WHERE `title` = '忠犬八公的故事'  [ RunTime:0.000104s ]
SQL: SELECT * FROM `ll_ppt` WHERE `title` = '西西里的美丽传说'  [ RunTime:0.000090s ]
SQL: SELECT * FROM `ll_ppt` WHERE `title` = '活在当下Now Is Good'  [ RunTime:0.000047s ]
SQL: SELECT * FROM `ll_ppt` WHERE `title` = '阿甘正传'  [ RunTime:0.000092s ]
NOTIC: [8] Undefined variable: mp /var/www/html/LanceLot/Application/Admin/Controller/PptController.class.php 第 46 行.
SQL: SELECT * FROM `ll_ppt`  [ RunTime:0.000096s ]

[ 2016-05-12T00:50:47+08:00 ] 10.0.2.2 /LanceLot/admin.php/Ppt/index?_=1462985447377
INFO: [ app_init ] --START--
INFO: Run Behavior\BuildLiteBehavior [ RunTime:0.000029s ]
INFO: [ app_init ] --END-- [ RunTime:0.004584s ]
INFO: [ app_begin ] --START--
INFO: Run Behavior\ReadHtmlCacheBehavior [ RunTime:0.003809s ]
INFO: [ app_begin ] --END-- [ RunTime:0.003891s ]
SQL: SHOW COLUMNS FROM `ll_movie` [ RunTime:0.000417s ]
SQL: SELECT `id`,`filmname`,`status`,`picname` FROM `ll_movie` WHERE `status` = 2  [ RunTime:0.000158s ]
SQL: SHOW COLUMNS FROM `ll_ppt` [ RunTime:0.000282s ]
SQL: SELECT * FROM `ll_ppt` WHERE `title` = '地心引力'  [ RunTime:0.000162s ]
SQL: SELECT * FROM `ll_ppt` WHERE `title` = '泰坦尼克号'  [ RunTime:0.000131s ]
SQL: SELECT * FROM `ll_ppt` WHERE `title` = '忠犬八公的故事'  [ RunTime:0.000039s ]
SQL: SELECT * FROM `ll_ppt` WHERE `title` = '西西里的美丽传说'  [ RunTime:0.000001s ]
SQL: SELECT * FROM `ll_ppt` WHERE `title` = '活在当下Now Is Good'  [ RunTime:0.000094s ]
SQL: SELECT * FROM `ll_ppt` WHERE `title` = '阿甘正传'  [ RunTime:0.000090s ]
NOTIC: [8] Undefined variable: mp /var/www/html/LanceLot/Application/Admin/Controller/PptController.class.php 第 46 行.
SQL: SELECT * FROM `ll_ppt`  [ RunTime:0.000205s ]
INFO: [ view_parse ] --START--
INFO: [ template_filter ] --START--
INFO: Run Behavior\ContentReplaceBehavior [ RunTime:0.000032s ]
INFO: [ template_filter ] --END-- [ RunTime:0.000066s ]
NOTIC: [8] Undefined variable: numPerPage /var/www/html/LanceLot/Application/Runtime/Cache/Admin/26542d5ebf1f46ad3b3983553c8c808e.php 第 3 行.
NOTIC: [8] Undefined index: _order /var/www/html/LanceLot/Application/Runtime/Cache/Admin/26542d5ebf1f46ad3b3983553c8c808e.php 第 4 行.
NOTIC: [8] Undefined index: _sort /var/www/html/LanceLot/Application/Runtime/Cache/Admin/26542d5ebf1f46ad3b3983553c8c808e.php 第 5 行.
NOTIC: [8] Undefined index: keyword /var/www/html/LanceLot/Application/Runtime/Cache/Admin/26542d5ebf1f46ad3b3983553c8c808e.php 第 15 行.
NOTIC: [8] Undefined index: state /var/www/html/LanceLot/Application/Runtime/Cache/Admin/26542d5ebf1f46ad3b3983553c8c808e.php 第 20 行.
NOTIC: [8] Undefined index: state /var/www/html/LanceLot/Application/Runtime/Cache/Admin/26542d5ebf1f46ad3b3983553c8c808e.php 第 23 行.
NOTIC: [8] Undefined variable: numPerPage /var/www/html/LanceLot/Application/Runtime/Cache/Admin/26542d5ebf1f46ad3b3983553c8c808e.php 第 78 行.
NOTIC: [8] Undefined variable: numPerPage /var/www/html/LanceLot/Application/Runtime/Cache/Admin/26542d5ebf1f46ad3b3983553c8c808e.php 第 81 行.
NOTIC: [8] Undefined variable: numPerPage /var/www/html/LanceLot/Application/Runtime/Cache/Admin/26542d5ebf1f46ad3b3983553c8c808e.php 第 84 行.
NOTIC: [8] Undefined variable: numPerPage /var/www/html/LanceLot/Application/Runtime/Cache/Admin/26542d5ebf1f46ad3b3983553c8c808e.php 第 87 行.
NOTIC: [8] Undefined variable: numPerPage /var/www/html/LanceLot/Application/Runtime/Cache/Admin/26542d5ebf1f46ad3b3983553c8c808e.php 第 90 行.
NOTIC: [8] Undefined variable: totalCount /var/www/html/LanceLot/Application/Runtime/Cache/Admin/26542d5ebf1f46ad3b3983553c8c808e.php 第 94 行.
NOTIC: [8] Undefined variable: totalCount /var/www/html/LanceLot/Application/Runtime/Cache/Admin/26542d5ebf1f46ad3b3983553c8c808e.php 第 97 行.
NOTIC: [8] Undefined variable: numPerPage /var/www/html/LanceLot/Application/Runtime/Cache/Admin/26542d5ebf1f46ad3b3983553c8c808e.php 第 97 行.
NOTIC: [8] Undefined variable: currentPage /var/www/html/LanceLot/Application/Runtime/Cache/Admin/26542d5ebf1f46ad3b3983553c8c808e.php 第 97 行.
INFO: Run Behavior\ParseTemplateBehavior [ RunTime:0.048573s ]
INFO: [ view_parse ] --END-- [ RunTime:0.048647s ]
INFO: [ view_filter ] --START--
INFO: Run Behavior\WriteHtmlCacheBehavior [ RunTime:0.003865s ]
INFO: [ view_filter ] --END-- [ RunTime:0.003959s ]
INFO: [ app_end ] --START--
INFO: Run Behavior\ShowPageTraceBehavior [ RunTime:0.003515s ]
INFO: [ app_end ] --END-- [ RunTime:0.003589s ]

[ 2016-05-12T00:54:06+08:00 ] 10.0.2.2 /LanceLot/admin.php/Ppt/add?_=1462985646145
INFO: [ app_init ] --START--
INFO: Run Behavior\BuildLiteBehavior [ RunTime:0.000250s ]
INFO: [ app_init ] --END-- [ RunTime:0.006488s ]
INFO: [ app_begin ] --START--
INFO: Run Behavior\ReadHtmlCacheBehavior [ RunTime:0.003505s ]
INFO: [ app_begin ] --END-- [ RunTime:0.003578s ]
SQL: SHOW COLUMNS FROM `ll_ppt` [ RunTime:0.002234s ]
NOTIC: [8] Undefined index: id /var/www/html/LanceLot/Application/Admin/Controller/PptController.class.php 第 56 行.
SQL: SELECT * FROM `ll_ppt` LIMIT 1   [ RunTime:0.000245s ]
INFO: [ view_parse ] --START--
INFO: [ template_filter ] --START--
INFO: Run Behavior\ContentReplaceBehavior [ RunTime:0.000046s ]
INFO: [ template_filter ] --END-- [ RunTime:0.000105s ]
INFO: Run Behavior\ParseTemplateBehavior [ RunTime:0.032740s ]
INFO: [ view_parse ] --END-- [ RunTime:0.032817s ]
INFO: [ view_filter ] --START--
INFO: Run Behavior\WriteHtmlCacheBehavior [ RunTime:0.002689s ]
INFO: [ view_filter ] --END-- [ RunTime:0.002732s ]
INFO: [ app_end ] --START--
INFO: Run Behavior\ShowPageTraceBehavior [ RunTime:0.002886s ]
INFO: [ app_end ] --END-- [ RunTime:0.002931s ]

[ 2016-05-12T00:55:01+08:00 ] 10.0.2.2 /LanceLot/admin.php/Ppt/add?_=1462985700905
INFO: [ app_init ] --START--
INFO: Run Behavior\BuildLiteBehavior [ RunTime:0.000027s ]
INFO: [ app_init ] --END-- [ RunTime:0.004668s ]
INFO: [ app_begin ] --START--
INFO: Run Behavior\ReadHtmlCacheBehavior [ RunTime:0.005536s ]
INFO: [ app_begin ] --END-- [ RunTime:0.005689s ]
SQL: SHOW COLUMNS FROM `ll_ppt` [ RunTime:0.001478s ]
NOTIC: [8] Undefined index: id /var/www/html/LanceLot/Application/Admin/Controller/PptController.class.php 第 56 行.
SQL: SELECT * FROM `ll_ppt` LIMIT 1   [ RunTime:0.000509s ]
INFO: [ view_parse ] --START--
INFO: [ template_filter ] --START--
INFO: Run Behavior\ContentReplaceBehavior [ RunTime:0.000045s ]
INFO: [ template_filter ] --END-- [ RunTime:0.000104s ]
INFO: Run Behavior\ParseTemplateBehavior [ RunTime:0.046226s ]
INFO: [ view_parse ] --END-- [ RunTime:0.046451s ]
INFO: [ view_filter ] --START--
INFO: Run Behavior\WriteHtmlCacheBehavior [ RunTime:0.004953s ]
INFO: [ view_filter ] --END-- [ RunTime:0.005069s ]
INFO: [ app_end ] --START--
INFO: Run Behavior\ShowPageTraceBehavior [ RunTime:0.004290s ]
INFO: [ app_end ] --END-- [ RunTime:0.004514s ]

[ 2016-05-12T00:56:09+08:00 ] 10.0.2.2 /LanceLot/admin.php/Index/index.html
INFO: [ app_init ] --START--
INFO: Run Behavior\BuildLiteBehavior [ RunTime:0.000020s ]
INFO: [ app_init ] --END-- [ RunTime:0.002742s ]
INFO: [ app_begin ] --START--
INFO: Run Behavior\ReadHtmlCacheBehavior [ RunTime:0.004648s ]
INFO: [ app_begin ] --END-- [ RunTime:0.004854s ]
INFO: [ view_parse ] --START--
INFO: [ template_filter ] --START--
INFO: Run Behavior\ContentReplaceBehavior [ RunTime:0.000116s ]
INFO: [ template_filter ] --END-- [ RunTime:0.000189s ]
INFO: Run Behavior\ParseTemplateBehavior [ RunTime:0.039502s ]
INFO: [ view_parse ] --END-- [ RunTime:0.039593s ]
INFO: [ view_filter ] --START--
INFO: Run Behavior\WriteHtmlCacheBehavior [ RunTime:0.002770s ]
INFO: [ view_filter ] --END-- [ RunTime:0.002840s ]
INFO: [ app_end ] --START--
INFO: Run Behavior\ShowPageTraceBehavior [ RunTime:0.003964s ]
INFO: [ app_end ] --END-- [ RunTime:0.004086s ]

[ 2016-05-12T00:56:13+08:00 ] 10.0.2.2 /LanceLot/admin.php/Ppt/index?_=1462985773706
INFO: [ app_init ] --START--
INFO: Run Behavior\BuildLiteBehavior [ RunTime:0.000017s ]
INFO: [ app_init ] --END-- [ RunTime:0.002153s ]
INFO: [ app_begin ] --START--
INFO: Run Behavior\ReadHtmlCacheBehavior [ RunTime:0.003967s ]
INFO: [ app_begin ] --END-- [ RunTime:0.004049s ]
SQL: SHOW COLUMNS FROM `ll_movie` [ RunTime:0.000509s ]
SQL: SELECT `id`,`filmname`,`status`,`picname` FROM `ll_movie` WHERE `status` = 2  [ RunTime:0.000194s ]
SQL: SHOW COLUMNS FROM `ll_ppt` [ RunTime:0.000241s ]
SQL: SELECT * FROM `ll_ppt` WHERE `title` = '地心引力'  [ RunTime:0.000093s ]
SQL: SELECT * FROM `ll_ppt` WHERE `title` = '泰坦尼克号'  [ RunTime:0.000096s ]
SQL: SELECT * FROM `ll_ppt` WHERE `title` = '忠犬八公的故事'  [ RunTime:0.000091s ]
SQL: SELECT * FROM `ll_ppt` WHERE `title` = '西西里的美丽传说'  [ RunTime:0.000088s ]
SQL: SELECT * FROM `ll_ppt` WHERE `title` = '活在当下Now Is Good'  [ RunTime:0.000128s ]
SQL: SELECT * FROM `ll_ppt` WHERE `title` = '阿甘正传'  [ RunTime:0.000736s ]
NOTIC: [8] Undefined variable: mp /var/www/html/LanceLot/Application/Admin/Controller/PptController.class.php 第 46 行.
SQL: SELECT * FROM `ll_ppt`  [ RunTime:0.000098s ]
INFO: [ view_parse ] --START--
INFO: [ template_filter ] --START--
INFO: Run Behavior\ContentReplaceBehavior [ RunTime:0.000000s ]
INFO: [ template_filter ] --END-- [ RunTime:0.000000s ]
NOTIC: [8] Undefined variable: numPerPage /var/www/html/LanceLot/Application/Runtime/Cache/Admin/26542d5ebf1f46ad3b3983553c8c808e.php 第 3 行.
NOTIC: [8] Undefined index: _order /var/www/html/LanceLot/Application/Runtime/Cache/Admin/26542d5ebf1f46ad3b3983553c8c808e.php 第 4 行.
NOTIC: [8] Undefined index: _sort /var/www/html/LanceLot/Application/Runtime/Cache/Admin/26542d5ebf1f46ad3b3983553c8c808e.php 第 5 行.
NOTIC: [8] Undefined index: keyword /var/www/html/LanceLot/Application/Runtime/Cache/Admin/26542d5ebf1f46ad3b3983553c8c808e.php 第 15 行.
NOTIC: [8] Undefined index: state /var/www/html/LanceLot/Application/Runtime/Cache/Admin/26542d5ebf1f46ad3b3983553c8c808e.php 第 20 行.
NOTIC: [8] Undefined index: state /var/www/html/LanceLot/Application/Runtime/Cache/Admin/26542d5ebf1f46ad3b3983553c8c808e.php 第 23 行.
NOTIC: [8] Undefined variable: numPerPage /var/www/html/LanceLot/Application/Runtime/Cache/Admin/26542d5ebf1f46ad3b3983553c8c808e.php 第 78 行.
NOTIC: [8] Undefined variable: numPerPage /var/www/html/LanceLot/Application/Runtime/Cache/Admin/26542d5ebf1f46ad3b3983553c8c808e.php 第 81 行.
NOTIC: [8] Undefined variable: numPerPage /var/www/html/LanceLot/Application/Runtime/Cache/Admin/26542d5ebf1f46ad3b3983553c8c808e.php 第 84 行.
NOTIC: [8] Undefined variable: numPerPage /var/www/html/LanceLot/Application/Runtime/Cache/Admin/26542d5ebf1f46ad3b3983553c8c808e.php 第 87 行.
NOTIC: [8] Undefined variable: numPerPage /var/www/html/LanceLot/Application/Runtime/Cache/Admin/26542d5ebf1f46ad3b3983553c8c808e.php 第 90 行.
NOTIC: [8] Undefined variable: totalCount /var/www/html/LanceLot/Application/Runtime/Cache/Admin/26542d5ebf1f46ad3b3983553c8c808e.php 第 94 行.
NOTIC: [8] Undefined variable: totalCount /var/www/html/LanceLot/Application/Runtime/Cache/Admin/26542d5ebf1f46ad3b3983553c8c808e.php 第 97 行.
NOTIC: [8] Undefined variable: numPerPage /var/www/html/LanceLot/Application/Runtime/Cache/Admin/26542d5ebf1f46ad3b3983553c8c808e.php 第 97 行.
NOTIC: [8] Undefined variable: currentPage /var/www/html/LanceLot/Application/Runtime/Cache/Admin/26542d5ebf1f46ad3b3983553c8c808e.php 第 97 行.
INFO: Run Behavior\ParseTemplateBehavior [ RunTime:0.043298s ]
INFO: [ view_parse ] --END-- [ RunTime:0.043372s ]
INFO: [ view_filter ] --START--
INFO: Run Behavior\WriteHtmlCacheBehavior [ RunTime:0.002978s ]
INFO: [ view_filter ] --END-- [ RunTime:0.003023s ]
INFO: [ app_end ] --START--
INFO: Run Behavior\ShowPageTraceBehavior [ RunTime:0.003093s ]
INFO: [ app_end ] --END-- [ RunTime:0.003141s ]

